{"EventTime":"2018-01-30 11:25:07","Hostname":"DESKTOP-PPDS4VR","Keywords":-9223372036854775808,"EventType":"INFO","SeverityValue":2,"Severity":"INFO","EventID":1,"SourceName":"Microsoft-Windows-Sysmon","ProviderGuid":"{5770385F-C22A-43E0-BF4C-06F5698FFBD9}","Version":5,"Task":1,"OpcodeValue":0,"RecordNumber":35192,"ProcessID":3124,"ThreadID":5216,"Channel":"Microsoft-Windows-Sysmon/Operational","Domain":"NT AUTHORITY","AccountName":"SYSTEM","UserID":"S-1-5-18","AccountType":"User","Message":"Process Create:\r\nUtcTime: 2018-01-30 03:25:07.393\r\nProcessGuid: {85283F4F-E593-5A6F-0000-001088D15E04}\r\nProcessId: 10332\r\nImage: C:\\Program Files\\Microsoft Office\\Office16\\POWERPNT.EXE\r\nCommandLine: \"C:\\Program Files\\Microsoft Office\\Office16\\POWERPNT.EXE\" \"C:\\Users\\q\\Desktop\\hello.pptx\" /ou \"\"\r\nCurrentDirectory: C:\\Users\\q\\Desktop\\\r\nUser: DESKTOP-PPDS4VR\\q\r\nLogonGuid: {85283F4F-7471-5A69-0000-0020A6370200}\r\nLogonId: 0x237A6\r\nTerminalSessionId: 1\r\nIntegrityLevel: Medium\r\nHashes: SHA1=43A2CCF75459910986BE609B2567C844AD81CF6B,MD5=A4005FD7789D2A1B8B0AE89E156C911B,SHA256=A57633850B4F82F842144B3758D1FC2D2DD71FB15036BAC642AA81BD32004A55,IMPHASH=EE487CD41B447F75D6BA690C4BD9A6C8\r\nParentProcessGuid: {85283F4F-7477-5A69-0000-00106FFD0600}\r\nParentProcessId: 6436\r\nParentImage: C:\\Windows\\explorer.exe\r\nParentCommandLine: C:\\WINDOWS\\Explorer.EXE","Category":"Process Create (rule: ProcessCreate)","Opcode":"Info","UtcTime":"2018-01-30 03:25:07.393","ProcessGuid":"{85283F4F-E593-5A6F-0000-001088D15E04}","Image":"C:\\Program Files\\Microsoft Office\\Office16\\POWERPNT.EXE","CommandLine":"\"C:\\Program Files\\Microsoft Office\\Office16\\POWERPNT.EXE\" \"C:\\Users\\q\\Desktop\\hello.pptx\" /ou \"\"","CurrentDirectory":"C:\\Users\\q\\Desktop\\","User":"DESKTOP-PPDS4VR\\q","LogonGuid":"{85283F4F-7471-5A69-0000-0020A6370200}","LogonId":"0x237a6","TerminalSessionId":"1","IntegrityLevel":"Medium","Hashes":"SHA1=43A2CCF75459910986BE609B2567C844AD81CF6B,MD5=A4005FD7789D2A1B8B0AE89E156C911B,SHA256=A57633850B4F82F842144B3758D1FC2D2DD71FB15036BAC642AA81BD32004A55,IMPHASH=EE487CD41B447F75D6BA690C4BD9A6C8","ParentProcessGuid":"{85283F4F-7477-5A69-0000-00106FFD0600}","ParentProcessId":"6436","ParentImage":"C:\\Windows\\explorer.exe","ParentCommandLine":"C:\\WINDOWS\\Explorer.EXE","EventReceivedTime":"2018-01-30 11:25:08","SourceModuleName":"in","SourceModuleType":"im_msvistalog","DeviceVendor":"Microsoft","DeviceProduct":"EventLog"}
{"EventTime":"2018-01-30 11:25:08","Hostname":"DESKTOP-PPDS4VR","Keywords":-9223372036854775808,"EventType":"INFO","SeverityValue":2,"Severity":"INFO","EventID":1,"SourceName":"Microsoft-Windows-Sysmon","ProviderGuid":"{5770385F-C22A-43E0-BF4C-06F5698FFBD9}","Version":5,"Task":1,"OpcodeValue":0,"RecordNumber":35193,"ProcessID":3124,"ThreadID":5216,"Channel":"Microsoft-Windows-Sysmon/Operational","Domain":"NT AUTHORITY","AccountName":"SYSTEM","UserID":"S-1-5-18","AccountType":"User","Message":"Process Create:\r\nUtcTime: 2018-01-30 03:25:08.017\r\nProcessGuid: {85283F4F-E594-5A6F-0000-00106C025F04}\r\nProcessId: 13504\r\nImage: C:\\Windows\\System32\\sppsvc.exe\r\nCommandLine: C:\\WINDOWS\\system32\\sppsvc.exe\r\nCurrentDirectory: C:\\WINDOWS\r\nUser: NT AUTHORITY\\NETWORK SERVICE\r\nLogonGuid: {85283F4F-746F-5A69-0000-0020E4030000}\r\nLogonId: 0x3E4\r\nTerminalSessionId: 0\r\nIntegrityLevel: System\r\nHashes: SHA1=CA45873B0987A92DEA2181B876F7B8B5A6045EF0,MD5=57C9484D415A6549EAE96FA163BE912E,SHA256=A32329EB89D642BB8F627DAE8F3BEBA71004439899844C29349519EE939D42CD,IMPHASH=DA5CDC615B20BB2A821BE759431AF544\r\nParentProcessGuid: {85283F4F-746F-5A69-0000-001063A10000}\r\nParentProcessId: 680\r\nParentImage: C:\\Windows\\System32\\services.exe\r\nParentCommandLine: C:\\WINDOWS\\system32\\services.exe","Category":"Process Create (rule: ProcessCreate)","Opcode":"Info","UtcTime":"2018-01-30 03:25:08.017","ProcessGuid":"{85283F4F-E594-5A6F-0000-00106C025F04}","Image":"C:\\Windows\\System32\\sppsvc.exe","CommandLine":"C:\\WINDOWS\\system32\\sppsvc.exe","CurrentDirectory":"C:\\WINDOWS","User":"NT AUTHORITY\\NETWORK SERVICE","LogonGuid":"{85283F4F-746F-5A69-0000-0020E4030000}","LogonId":"0x3e4","TerminalSessionId":"0","IntegrityLevel":"System","Hashes":"SHA1=CA45873B0987A92DEA2181B876F7B8B5A6045EF0,MD5=57C9484D415A6549EAE96FA163BE912E,SHA256=A32329EB89D642BB8F627DAE8F3BEBA71004439899844C29349519EE939D42CD,IMPHASH=DA5CDC615B20BB2A821BE759431AF544","ParentProcessGuid":"{85283F4F-746F-5A69-0000-001063A10000}","ParentProcessId":"680","ParentImage":"C:\\Windows\\System32\\services.exe","ParentCommandLine":"C:\\WINDOWS\\system32\\services.exe","EventReceivedTime":"2018-01-30 11:25:08","SourceModuleName":"in","SourceModuleType":"im_msvistalog","DeviceVendor":"Microsoft","DeviceProduct":"EventLog"}
{"EventTime":"2018-01-30 11:25:10","Hostname":"DESKTOP-PPDS4VR","Keywords":-9223372036854775808,"EventType":"INFO","SeverityValue":2,"Severity":"INFO","EventID":1,"SourceName":"Microsoft-Windows-Sysmon","ProviderGuid":"{5770385F-C22A-43E0-BF4C-06F5698FFBD9}","Version":5,"Task":1,"OpcodeValue":0,"RecordNumber":35194,"ProcessID":3124,"ThreadID":5216,"Channel":"Microsoft-Windows-Sysmon/Operational","Domain":"NT AUTHORITY","AccountName":"SYSTEM","UserID":"S-1-5-18","AccountType":"User","Message":"Process Create:\r\nUtcTime: 2018-01-30 03:25:10.495\r\nProcessGuid: {85283F4F-E596-5A6F-0000-001037415F04}\r\nProcessId: 10544\r\nImage: C:\\Windows\\System32\\dllhost.exe\r\nCommandLine: C:\\WINDOWS\\system32\\DllHost.exe /Processid:{AB8902B4-09CA-4BB6-B78D-A8F59079A8D5}\r\nCurrentDirectory: C:\\WINDOWS\\system32\\\r\nUser: DESKTOP-PPDS4VR\\q\r\nLogonGuid: {85283F4F-7471-5A69-0000-0020A6370200}\r\nLogonId: 0x237A6\r\nTerminalSessionId: 1\r\nIntegrityLevel: Medium\r\nHashes: SHA1=C4BC5F9CA7342250474699BF59410A889AF3D738,MD5=5D94FA288F4BB230FE77BC67DE506257,SHA256=3652B86125C77D7DD9FD72FC597D7BDDFEF4C6C2EA27A992A0B9D44AEB32F6D3,IMPHASH=2E141727D197722A6B4AC2156D0E56E1\r\nParentProcessGuid: {85283F4F-746F-5A69-0000-0010E9BE0000}\r\nParentProcessId: 864\r\nParentImage: C:\\Windows\\System32\\svchost.exe\r\nParentCommandLine: C:\\WINDOWS\\system32\\svchost.exe -k DcomLaunch -p","Category":"Process Create (rule: ProcessCreate)","Opcode":"Info","UtcTime":"2018-01-30 03:25:10.495","ProcessGuid":"{85283F4F-E596-5A6F-0000-001037415F04}","Image":"C:\\Windows\\System32\\dllhost.exe","CommandLine":"C:\\WINDOWS\\system32\\DllHost.exe /Processid:{AB8902B4-09CA-4BB6-B78D-A8F59079A8D5}","CurrentDirectory":"C:\\WINDOWS\\system32\\","User":"DESKTOP-PPDS4VR\\q","LogonGuid":"{85283F4F-7471-5A69-0000-0020A6370200}","LogonId":"0x237a6","TerminalSessionId":"1","IntegrityLevel":"Medium","Hashes":"SHA1=C4BC5F9CA7342250474699BF59410A889AF3D738,MD5=5D94FA288F4BB230FE77BC67DE506257,SHA256=3652B86125C77D7DD9FD72FC597D7BDDFEF4C6C2EA27A992A0B9D44AEB32F6D3,IMPHASH=2E141727D197722A6B4AC2156D0E56E1","ParentProcessGuid":"{85283F4F-746F-5A69-0000-0010E9BE0000}","ParentProcessId":"864","ParentImage":"C:\\Windows\\System32\\svchost.exe","ParentCommandLine":"C:\\WINDOWS\\system32\\svchost.exe -k DcomLaunch -p","EventReceivedTime":"2018-01-30 11:25:11","SourceModuleName":"in","SourceModuleType":"im_msvistalog","DeviceVendor":"Microsoft","DeviceProduct":"EventLog"}
{"EventTime":"2018-01-30 11:25:15","Hostname":"DESKTOP-PPDS4VR","Keywords":-9223372036854775808,"EventType":"INFO","SeverityValue":2,"Severity":"INFO","EventID":5,"SourceName":"Microsoft-Windows-Sysmon","ProviderGuid":"{5770385F-C22A-43E0-BF4C-06F5698FFBD9}","Version":3,"Task":5,"OpcodeValue":0,"RecordNumber":35195,"ProcessID":3124,"ThreadID":5216,"Channel":"Microsoft-Windows-Sysmon/Operational","Domain":"NT AUTHORITY","AccountName":"SYSTEM","UserID":"S-1-5-18","AccountType":"User","Message":"Process terminated:\r\nUtcTime: 2018-01-30 03:25:15.512\r\nProcessGuid: {85283F4F-E596-5A6F-0000-001037415F04}\r\nProcessId: 10544\r\nImage: C:\\Windows\\System32\\dllhost.exe","Category":"Process terminated (rule: ProcessTerminate)","Opcode":"Info","UtcTime":"2018-01-30 03:25:15.512","ProcessGuid":"{85283F4F-E596-5A6F-0000-001037415F04}","Image":"C:\\Windows\\System32\\dllhost.exe","EventReceivedTime":"2018-01-30 11:25:16","SourceModuleName":"in","SourceModuleType":"im_msvistalog","DeviceVendor":"Microsoft","DeviceProduct":"EventLog"}
{"EventTime":"2018-01-30 11:25:15","Hostname":"DESKTOP-PPDS4VR","Keywords":-9223372036854775808,"EventType":"INFO","SeverityValue":2,"Severity":"INFO","EventID":2,"SourceName":"Microsoft-Windows-Sysmon","ProviderGuid":"{5770385F-C22A-43E0-BF4C-06F5698FFBD9}","Version":4,"Task":2,"OpcodeValue":0,"RecordNumber":35196,"ProcessID":3124,"ThreadID":5216,"Channel":"Microsoft-Windows-Sysmon/Operational","Domain":"NT AUTHORITY","AccountName":"SYSTEM","UserID":"S-1-5-18","AccountType":"User","Message":"File creation time changed:\r\nUtcTime: 2018-01-30 03:25:15.777\r\nProcessGuid: {85283F4F-E593-5A6F-0000-001088D15E04}\r\nProcessId: 10332\r\nImage: C:\\Program Files\\Microsoft Office\\Office16\\POWERPNT.EXE\r\nTargetFilename: C:\\Users\\q\\Desktop\\pptC5BC.tmp\r\nCreationUtcTime: 2018-01-29 09:26:22.593\r\nPreviousCreationUtcTime: 2018-01-30 03:25:15.731","Category":"File creation time changed (rule: FileCreateTime)","Opcode":"Info","UtcTime":"2018-01-30 03:25:15.777","ProcessGuid":"{85283F4F-E593-5A6F-0000-001088D15E04}","Image":"C:\\Program Files\\Microsoft Office\\Office16\\POWERPNT.EXE","TargetFilename":"C:\\Users\\q\\Desktop\\pptC5BC.tmp","CreationUtcTime":"2018-01-29 09:26:22.593","PreviousCreationUtcTime":"2018-01-30 03:25:15.731","EventReceivedTime":"2018-01-30 11:25:16","SourceModuleName":"in","SourceModuleType":"im_msvistalog","DeviceVendor":"Microsoft","DeviceProduct":"EventLog"}
{"EventTime":"2018-01-30 11:25:15","Hostname":"DESKTOP-PPDS4VR","Keywords":-9223372036854775808,"EventType":"INFO","SeverityValue":2,"Severity":"INFO","EventID":1,"SourceName":"Microsoft-Windows-Sysmon","ProviderGuid":"{5770385F-C22A-43E0-BF4C-06F5698FFBD9}","Version":5,"Task":1,"OpcodeValue":0,"RecordNumber":35197,"ProcessID":3124,"ThreadID":5216,"Channel":"Microsoft-Windows-Sysmon/Operational","Domain":"NT AUTHORITY","AccountName":"SYSTEM","UserID":"S-1-5-18","AccountType":"User","Message":"Process Create:\r\nUtcTime: 2018-01-30 03:25:15.793\r\nProcessGuid: {85283F4F-E59B-5A6F-0000-0010B5675F04}\r\nProcessId: 14428\r\nImage: C:\\Windows\\System32\\SearchProtocolHost.exe\r\nCommandLine: \"C:\\WINDOWS\\system32\\SearchProtocolHost.exe\" Global\\UsGthrFltPipeMssGthrPipe68_ Global\\UsGthrCtrlFltPipeMssGthrPipe68 1 -2147483646 \"Software\\Microsoft\\Windows Search\" \"Mozilla/4.0 (compatible; MSIE 6.0; Windows NT; MS Search 4.0 Robot)\" \"C:\\ProgramData\\Microsoft\\Search\\Data\\Temp\\usgthrsvc\" \"DownLevelDaemon\" \r\nCurrentDirectory: C:\\WINDOWS\\system32\\\r\nUser: NT AUTHORITY\\SYSTEM\r\nLogonGuid: {85283F4F-746F-5A69-0000-0020E7030000}\r\nLogonId: 0x3E7\r\nTerminalSessionId: 0\r\nIntegrityLevel: System\r\nHashes: SHA1=364163E6F7EA081129B06F7A4D9AEA27AF41D51D,MD5=C1489D96164A21B57CC2CB9577BC1734,SHA256=4F8CF68ACDBE04FB51763358C3A57A9634CD4F4966619D1862962481C706C05C,IMPHASH=DA8D19710F13E5C7E6442B3FFC64F7A9\r\nParentProcessGuid: {85283F4F-7481-5A69-0000-00105D270C00}\r\nParentProcessId: 8832\r\nParentImage: C:\\Windows\\System32\\SearchIndexer.exe\r\nParentCommandLine: C:\\WINDOWS\\system32\\SearchIndexer.exe /Embedding","Category":"Process Create (rule: ProcessCreate)","Opcode":"Info","UtcTime":"2018-01-30 03:25:15.793","ProcessGuid":"{85283F4F-E59B-5A6F-0000-0010B5675F04}","Image":"C:\\Windows\\System32\\SearchProtocolHost.exe","CommandLine":"\"C:\\WINDOWS\\system32\\SearchProtocolHost.exe\" Global\\UsGthrFltPipeMssGthrPipe68_ Global\\UsGthrCtrlFltPipeMssGthrPipe68 1 -2147483646 \"Software\\Microsoft\\Windows Search\" \"Mozilla/4.0 (compatible; MSIE 6.0; Windows NT; MS Search 4.0 Robot)\" \"C:\\ProgramData\\Microsoft\\Search\\Data\\Temp\\usgthrsvc\" \"DownLevelDaemon\" ","CurrentDirectory":"C:\\WINDOWS\\system32\\","User":"NT AUTHORITY\\SYSTEM","LogonGuid":"{85283F4F-746F-5A69-0000-0020E7030000}","LogonId":"0x3e7","TerminalSessionId":"0","IntegrityLevel":"System","Hashes":"SHA1=364163E6F7EA081129B06F7A4D9AEA27AF41D51D,MD5=C1489D96164A21B57CC2CB9577BC1734,SHA256=4F8CF68ACDBE04FB51763358C3A57A9634CD4F4966619D1862962481C706C05C,IMPHASH=DA8D19710F13E5C7E6442B3FFC64F7A9","ParentProcessGuid":"{85283F4F-7481-5A69-0000-00105D270C00}","ParentProcessId":"8832","ParentImage":"C:\\Windows\\System32\\SearchIndexer.exe","ParentCommandLine":"C:\\WINDOWS\\system32\\SearchIndexer.exe /Embedding","EventReceivedTime":"2018-01-30 11:25:16","SourceModuleName":"in","SourceModuleType":"im_msvistalog","DeviceVendor":"Microsoft","DeviceProduct":"EventLog"}
{"EventTime":"2018-01-30 11:25:15","Hostname":"DESKTOP-PPDS4VR","Keywords":-9223372036854775808,"EventType":"INFO","SeverityValue":2,"Severity":"INFO","EventID":1,"SourceName":"Microsoft-Windows-Sysmon","ProviderGuid":"{5770385F-C22A-43E0-BF4C-06F5698FFBD9}","Version":5,"Task":1,"OpcodeValue":0,"RecordNumber":35198,"ProcessID":3124,"ThreadID":5216,"Channel":"Microsoft-Windows-Sysmon/Operational","Domain":"NT AUTHORITY","AccountName":"SYSTEM","UserID":"S-1-5-18","AccountType":"User","Message":"Process Create:\r\nUtcTime: 2018-01-30 03:25:15.857\r\nProcessGuid: {85283F4F-E59B-5A6F-0000-0010F66B5F04}\r\nProcessId: 13860\r\nImage: C:\\Windows\\System32\\SearchFilterHost.exe\r\nCommandLine: \"C:\\WINDOWS\\system32\\SearchFilterHost.exe\" 0 736 740 748 8192 744 \r\nCurrentDirectory: C:\\WINDOWS\\system32\\\r\nUser: NT AUTHORITY\\SYSTEM\r\nLogonGuid: {85283F4F-746F-5A69-0000-0020E7030000}\r\nLogonId: 0x3E7\r\nTerminalSessionId: 0\r\nIntegrityLevel: Medium\r\nHashes: SHA1=38998A827EB2E7B4879BC4E8B09DE632793E4976,MD5=59273BB2B6DDAFCF9C7F95AA71AC9C56,SHA256=086E202398A409CB872C4D17424F81477A4CB37BCD2BBE59A26639D63801621C,IMPHASH=88FFDD8F354A1E65DF5D6F793E536605\r\nParentProcessGuid: {85283F4F-7481-5A69-0000-00105D270C00}\r\nParentProcessId: 8832\r\nParentImage: C:\\Windows\\System32\\SearchIndexer.exe\r\nParentCommandLine: C:\\WINDOWS\\system32\\SearchIndexer.exe /Embedding","Category":"Process Create (rule: ProcessCreate)","Opcode":"Info","UtcTime":"2018-01-30 03:25:15.857","ProcessGuid":"{85283F4F-E59B-5A6F-0000-0010F66B5F04}","Image":"C:\\Windows\\System32\\SearchFilterHost.exe","CommandLine":"\"C:\\WINDOWS\\system32\\SearchFilterHost.exe\" 0 736 740 748 8192 744 ","CurrentDirectory":"C:\\WINDOWS\\system32\\","User":"NT AUTHORITY\\SYSTEM","LogonGuid":"{85283F4F-746F-5A69-0000-0020E7030000}","LogonId":"0x3e7","TerminalSessionId":"0","IntegrityLevel":"Medium","Hashes":"SHA1=38998A827EB2E7B4879BC4E8B09DE632793E4976,MD5=59273BB2B6DDAFCF9C7F95AA71AC9C56,SHA256=086E202398A409CB872C4D17424F81477A4CB37BCD2BBE59A26639D63801621C,IMPHASH=88FFDD8F354A1E65DF5D6F793E536605","ParentProcessGuid":"{85283F4F-7481-5A69-0000-00105D270C00}","ParentProcessId":"8832","ParentImage":"C:\\Windows\\System32\\SearchIndexer.exe","ParentCommandLine":"C:\\WINDOWS\\system32\\SearchIndexer.exe /Embedding","EventReceivedTime":"2018-01-30 11:25:16","SourceModuleName":"in","SourceModuleType":"im_msvistalog","DeviceVendor":"Microsoft","DeviceProduct":"EventLog"}
{"EventTime":"2018-01-30 11:25:19","Hostname":"DESKTOP-PPDS4VR","Keywords":-9223372036854775808,"EventType":"INFO","SeverityValue":2,"Severity":"INFO","EventID":2,"SourceName":"Microsoft-Windows-Sysmon","ProviderGuid":"{5770385F-C22A-43E0-BF4C-06F5698FFBD9}","Version":4,"Task":2,"OpcodeValue":0,"RecordNumber":35199,"ProcessID":3124,"ThreadID":5216,"Channel":"Microsoft-Windows-Sysmon/Operational","Domain":"NT AUTHORITY","AccountName":"SYSTEM","UserID":"S-1-5-18","AccountType":"User","Message":"File creation time changed:\r\nUtcTime: 2018-01-30 03:25:19.089\r\nProcessGuid: {85283F4F-7471-5A69-0000-00105C180200}\r\nProcessId: 2612\r\nImage: C:\\WINDOWS\\System32\\spoolsv.exe\r\nTargetFilename: C:\\Windows\\System32\\spool\\drivers\\x64\\3\\New\\TP PS Driver D7716CC27ED54a4eA8CFDF0D96DC4953.ppd\r\nCreationUtcTime: 2018-01-30 03:25:19.027\r\nPreviousCreationUtcTime: 2018-01-30 03:25:19.089","Category":"File creation time changed (rule: FileCreateTime)","Opcode":"Info","UtcTime":"2018-01-30 03:25:19.089","ProcessGuid":"{85283F4F-7471-5A69-0000-00105C180200}","Image":"C:\\WINDOWS\\System32\\spoolsv.exe","TargetFilename":"C:\\Windows\\System32\\spool\\drivers\\x64\\3\\New\\TP PS Driver D7716CC27ED54a4eA8CFDF0D96DC4953.ppd","CreationUtcTime":"2018-01-30 03:25:19.027","PreviousCreationUtcTime":"2018-01-30 03:25:19.089","EventReceivedTime":"2018-01-30 11:25:20","SourceModuleName":"in","SourceModuleType":"im_msvistalog","DeviceVendor":"Microsoft","DeviceProduct":"EventLog"}
{"EventTime":"2018-01-30 11:25:22","Hostname":"DESKTOP-PPDS4VR","Keywords":-9223372036854775808,"EventType":"INFO","SeverityValue":2,"Severity":"INFO","EventID":2,"SourceName":"Microsoft-Windows-Sysmon","ProviderGuid":"{5770385F-C22A-43E0-BF4C-06F5698FFBD9}","Version":4,"Task":2,"OpcodeValue":0,"RecordNumber":35200,"ProcessID":3124,"ThreadID":5216,"Channel":"Microsoft-Windows-Sysmon/Operational","Domain":"NT AUTHORITY","AccountName":"SYSTEM","UserID":"S-1-5-18","AccountType":"User","Message":"File creation time changed:\r\nUtcTime: 2018-01-30 03:25:22.683\r\nProcessGuid: {85283F4F-7471-5A69-0000-00105C180200}\r\nProcessId: 2612\r\nImage: C:\\WINDOWS\\System32\\spoolsv.exe\r\nTargetFilename: C:\\Windows\\System32\\spool\\drivers\\x64\\3\\New\\TP PS Driver 433BD620D7C242608DB6A203F602032E.ppd\r\nCreationUtcTime: 2018-01-30 03:25:22.620\r\nPreviousCreationUtcTime: 2018-01-30 03:25:22.683","Category":"File creation time changed (rule: FileCreateTime)","Opcode":"Info","UtcTime":"2018-01-30 03:25:22.683","ProcessGuid":"{85283F4F-7471-5A69-0000-00105C180200}","Image":"C:\\WINDOWS\\System32\\spoolsv.exe","TargetFilename":"C:\\Windows\\System32\\spool\\drivers\\x64\\3\\New\\TP PS Driver 433BD620D7C242608DB6A203F602032E.ppd","CreationUtcTime":"2018-01-30 03:25:22.620","PreviousCreationUtcTime":"2018-01-30 03:25:22.683","EventReceivedTime":"2018-01-30 11:25:23","SourceModuleName":"in","SourceModuleType":"im_msvistalog","DeviceVendor":"Microsoft","DeviceProduct":"EventLog"}
{"EventTime":"2018-01-30 11:25:31","Hostname":"DESKTOP-PPDS4VR","Keywords":-9223372036854775808,"EventType":"INFO","SeverityValue":2,"Severity":"INFO","EventID":1,"SourceName":"Microsoft-Windows-Sysmon","ProviderGuid":"{5770385F-C22A-43E0-BF4C-06F5698FFBD9}","Version":5,"Task":1,"OpcodeValue":0,"RecordNumber":35201,"ProcessID":3124,"ThreadID":5216,"Channel":"Microsoft-Windows-Sysmon/Operational","Domain":"NT AUTHORITY","AccountName":"SYSTEM","UserID":"S-1-5-18","AccountType":"User","Message":"Process Create:\r\nUtcTime: 2018-01-30 03:25:31.487\r\nProcessGuid: {85283F4F-E5AB-5A6F-0000-00105D2A6004}\r\nProcessId: 3320\r\nImage: C:\\Program Files (x86)\\Google\\Update\\GoogleUpdate.exe\r\nCommandLine: \"C:\\Program Files (x86)\\Google\\Update\\GoogleUpdate.exe\" /svc\r\nCurrentDirectory: C:\\WINDOWS\\system32\\\r\nUser: NT AUTHORITY\\SYSTEM\r\nLogonGuid: {85283F4F-746F-5A69-0000-0020E7030000}\r\nLogonId: 0x3E7\r\nTerminalSessionId: 0\r\nIntegrityLevel: System\r\nHashes: SHA1=290093ED555F56B0896AEBD1E2D498B0E554D697,MD5=0545A3EB959CFA4790D267BFB8C1ACA4,SHA256=69061E33ACB7587D773D05000390F9101F71DFD6EED7973B551594EAF3F04193,IMPHASH=7DF1816239C5BC855600D41210406C5B\r\nParentProcessGuid: {85283F4F-746F-5A69-0000-001063A10000}\r\nParentProcessId: 680\r\nParentImage: C:\\Windows\\System32\\services.exe\r\nParentCommandLine: C:\\WINDOWS\\system32\\services.exe","Category":"Process Create (rule: ProcessCreate)","Opcode":"Info","UtcTime":"2018-01-30 03:25:31.487","ProcessGuid":"{85283F4F-E5AB-5A6F-0000-00105D2A6004}","Image":"C:\\Program Files (x86)\\Google\\Update\\GoogleUpdate.exe","CommandLine":"\"C:\\Program Files (x86)\\Google\\Update\\GoogleUpdate.exe\" /svc","CurrentDirectory":"C:\\WINDOWS\\system32\\","User":"NT AUTHORITY\\SYSTEM","LogonGuid":"{85283F4F-746F-5A69-0000-0020E7030000}","LogonId":"0x3e7","TerminalSessionId":"0","IntegrityLevel":"System","Hashes":"SHA1=290093ED555F56B0896AEBD1E2D498B0E554D697,MD5=0545A3EB959CFA4790D267BFB8C1ACA4,SHA256=69061E33ACB7587D773D05000390F9101F71DFD6EED7973B551594EAF3F04193,IMPHASH=7DF1816239C5BC855600D41210406C5B","ParentProcessGuid":"{85283F4F-746F-5A69-0000-001063A10000}","ParentProcessId":"680","ParentImage":"C:\\Windows\\System32\\services.exe","ParentCommandLine":"C:\\WINDOWS\\system32\\services.exe","EventReceivedTime":"2018-01-30 11:25:32","SourceModuleName":"in","SourceModuleType":"im_msvistalog","DeviceVendor":"Microsoft","DeviceProduct":"EventLog"}
{"EventTime":"2018-01-30 11:25:33","Hostname":"DESKTOP-PPDS4VR","Keywords":-9223372036854775808,"EventType":"INFO","SeverityValue":2,"Severity":"INFO","EventID":3,"SourceName":"Microsoft-Windows-Sysmon","ProviderGuid":"{5770385F-C22A-43E0-BF4C-06F5698FFBD9}","Version":5,"Task":3,"OpcodeValue":0,"RecordNumber":35202,"ProcessID":3124,"ThreadID":5240,"Channel":"Microsoft-Windows-Sysmon/Operational","Domain":"NT AUTHORITY","AccountName":"SYSTEM","UserID":"S-1-5-18","AccountType":"User","Message":"Network connection detected:\r\nUtcTime: 2018-01-26 22:07:15.994\r\nProcessGuid: {85283F4F-EAEE-5A6A-0000-00105B9F1702}\r\nProcessId: 4856\r\nImage: C:\\Program Files (x86)\\Microsoft Visual Studio 14.0\\Common7\\IDE\\devenv.exe\r\nUser: DESKTOP-PPDS4VR\\q\r\nProtocol: tcp\r\nInitiated: true\r\nSourceIsIpv6: true\r\nSourceIp: 0:0:0:0:0:0:0:1\r\nSourceHostname: DESKTOP-PPDS4VR\r\nSourcePort: 52157\r\nSourcePortName: \r\nDestinationIsIpv6: true\r\nDestinationIp: 0:0:0:0:0:0:0:1\r\nDestinationHostname: DESKTOP-PPDS4VR\r\nDestinationPort: 49154\r\nDestinationPortName: ","Category":"Network connection detected (rule: NetworkConnect)","Opcode":"Info","UtcTime":"2018-01-26 22:07:15.994","ProcessGuid":"{85283F4F-EAEE-5A6A-0000-00105B9F1702}","Image":"C:\\Program Files (x86)\\Microsoft Visual Studio 14.0\\Common7\\IDE\\devenv.exe","User":"DESKTOP-PPDS4VR\\q","Protocol":"tcp","Initiated":"true","SourceIsIpv6":"true","SourceIp":"0:0:0:0:0:0:0:1","SourceHostname":"DESKTOP-PPDS4VR","SourcePort":"52157","DestinationIsIpv6":"true","DestinationIp":"0:0:0:0:0:0:0:1","DestinationHostname":"DESKTOP-PPDS4VR","DestinationPort":"49154","EventReceivedTime":"2018-01-30 11:25:34","SourceModuleName":"in","SourceModuleType":"im_msvistalog","DeviceVendor":"Microsoft","DeviceProduct":"EventLog"}
{"EventTime":"2018-01-30 11:25:34","Hostname":"DESKTOP-PPDS4VR","Keywords":-9223372036854775808,"EventType":"INFO","SeverityValue":2,"Severity":"INFO","EventID":1,"SourceName":"Microsoft-Windows-Sysmon","ProviderGuid":"{5770385F-C22A-43E0-BF4C-06F5698FFBD9}","Version":5,"Task":1,"OpcodeValue":0,"RecordNumber":35203,"ProcessID":3124,"ThreadID":5216,"Channel":"Microsoft-Windows-Sysmon/Operational","Domain":"NT AUTHORITY","AccountName":"SYSTEM","UserID":"S-1-5-18","AccountType":"User","Message":"Process Create:\r\nUtcTime: 2018-01-30 03:25:34.660\r\nProcessGuid: {85283F4F-E5AE-5A6F-0000-0010DD526004}\r\nProcessId: 1044\r\nImage: C:\\Windows\\System32\\rundll32.exe\r\nCommandLine: \"C:\\Windows\\System32\\rundll32.exe\"  C:\\Users\\q\\Source\\Repos\\AllTheThings\\AllTheThings\\bin\\x86\\Release\\AllTheThings.dll, EntryPoint\r\nCurrentDirectory: C:\\Users\\q\\Documents\\\r\nUser: DESKTOP-PPDS4VR\\q\r\nLogonGuid: {85283F4F-7471-5A69-0000-0020A6370200}\r\nLogonId: 0x237A6\r\nTerminalSessionId: 1\r\nIntegrityLevel: Medium\r\nHashes: SHA1=1C99C20757B039D88F59B02B7753A730A90BF2AD,MD5=731A783A36A8E69A6434D19D98B12A09,SHA256=B1E6A7A3E2597E51836277A32B2BC61AA781C8F681D44DFDDEA618B32E2BF2A6,IMPHASH=0F98D54136FD27C5BFA52835D769B829\r\nParentProcessGuid: {85283F4F-E593-5A6F-0000-001088D15E04}\r\nParentProcessId: 10332\r\nParentImage: C:\\Program Files\\Microsoft Office\\Office16\\POWERPNT.EXE\r\nParentCommandLine: \"C:\\Program Files\\Microsoft Office\\Office16\\POWERPNT.EXE\" \"C:\\Users\\q\\Desktop\\hello.pptx\" /ou \"\"","Category":"Process Create (rule: ProcessCreate)","Opcode":"Info","UtcTime":"2018-01-30 03:25:34.660","ProcessGuid":"{85283F4F-E5AE-5A6F-0000-0010DD526004}","Image":"C:\\Windows\\System32\\rundll32.exe","CommandLine":"\"C:\\Windows\\System32\\rundll32.exe\"  C:\\Users\\q\\Source\\Repos\\AllTheThings\\AllTheThings\\bin\\x86\\Release\\AllTheThings.dll, EntryPoint","CurrentDirectory":"C:\\Users\\q\\Documents\\","User":"DESKTOP-PPDS4VR\\q","LogonGuid":"{85283F4F-7471-5A69-0000-0020A6370200}","LogonId":"0x237a6","TerminalSessionId":"1","IntegrityLevel":"Medium","Hashes":"SHA1=1C99C20757B039D88F59B02B7753A730A90BF2AD,MD5=731A783A36A8E69A6434D19D98B12A09,SHA256=B1E6A7A3E2597E51836277A32B2BC61AA781C8F681D44DFDDEA618B32E2BF2A6,IMPHASH=0F98D54136FD27C5BFA52835D769B829","ParentProcessGuid":"{85283F4F-E593-5A6F-0000-001088D15E04}","ParentProcessId":"10332","ParentImage":"C:\\Program Files\\Microsoft Office\\Office16\\POWERPNT.EXE","ParentCommandLine":"\"C:\\Program Files\\Microsoft Office\\Office16\\POWERPNT.EXE\" \"C:\\Users\\q\\Desktop\\hello.pptx\" /ou \"\"","EventReceivedTime":"2018-01-30 11:25:34","SourceModuleName":"in","SourceModuleType":"im_msvistalog","DeviceVendor":"Microsoft","DeviceProduct":"EventLog"}
{"EventTime":"2018-01-30 11:25:34","Hostname":"DESKTOP-PPDS4VR","Keywords":-9223372036854775808,"EventType":"INFO","SeverityValue":2,"Severity":"INFO","EventID":1,"SourceName":"Microsoft-Windows-Sysmon","ProviderGuid":"{5770385F-C22A-43E0-BF4C-06F5698FFBD9}","Version":5,"Task":1,"OpcodeValue":0,"RecordNumber":35204,"ProcessID":3124,"ThreadID":5216,"Channel":"Microsoft-Windows-Sysmon/Operational","Domain":"NT AUTHORITY","AccountName":"SYSTEM","UserID":"S-1-5-18","AccountType":"User","Message":"Process Create:\r\nUtcTime: 2018-01-30 03:25:34.710\r\nProcessGuid: {85283F4F-E5AE-5A6F-0000-0010C5556004}\r\nProcessId: 7872\r\nImage: C:\\Windows\\SysWOW64\\rundll32.exe\r\nCommandLine: \"C:\\Windows\\System32\\rundll32.exe\"  C:\\Users\\q\\Source\\Repos\\AllTheThings\\AllTheThings\\bin\\x86\\Release\\AllTheThings.dll, EntryPoint\r\nCurrentDirectory: C:\\Users\\q\\Documents\\\r\nUser: DESKTOP-PPDS4VR\\q\r\nLogonGuid: {85283F4F-7471-5A69-0000-0020A6370200}\r\nLogonId: 0x237A6\r\nTerminalSessionId: 1\r\nIntegrityLevel: Medium\r\nHashes: SHA1=620C1913EB3BAC6D0261EBB081BBBF3D71858C06,MD5=BFEF0511D30F8866AF6595FC21460856,SHA256=DE51BAE08FD7318C988EF54511B5C08D8C3D9BBB2FC03D76D97116A79AFB9E81,IMPHASH=2A25F7F2425C483BD69C569F1C5EB38A\r\nParentProcessGuid: {85283F4F-E5AE-5A6F-0000-0010DD526004}\r\nParentProcessId: 1044\r\nParentImage: C:\\Windows\\System32\\rundll32.exe\r\nParentCommandLine: \"C:\\Windows\\System32\\rundll32.exe\"  C:\\Users\\q\\Source\\Repos\\AllTheThings\\AllTheThings\\bin\\x86\\Release\\AllTheThings.dll, EntryPoint","Category":"Process Create (rule: ProcessCreate)","Opcode":"Info","UtcTime":"2018-01-30 03:25:34.710","ProcessGuid":"{85283F4F-E5AE-5A6F-0000-0010C5556004}","Image":"C:\\Windows\\SysWOW64\\rundll32.exe","CommandLine":"\"C:\\Windows\\System32\\rundll32.exe\"  C:\\Users\\q\\Source\\Repos\\AllTheThings\\AllTheThings\\bin\\x86\\Release\\AllTheThings.dll, EntryPoint","CurrentDirectory":"C:\\Users\\q\\Documents\\","User":"DESKTOP-PPDS4VR\\q","LogonGuid":"{85283F4F-7471-5A69-0000-0020A6370200}","LogonId":"0x237a6","TerminalSessionId":"1","IntegrityLevel":"Medium","Hashes":"SHA1=620C1913EB3BAC6D0261EBB081BBBF3D71858C06,MD5=BFEF0511D30F8866AF6595FC21460856,SHA256=DE51BAE08FD7318C988EF54511B5C08D8C3D9BBB2FC03D76D97116A79AFB9E81,IMPHASH=2A25F7F2425C483BD69C569F1C5EB38A","ParentProcessGuid":"{85283F4F-E5AE-5A6F-0000-0010DD526004}","ParentProcessId":"1044","ParentImage":"C:\\Windows\\System32\\rundll32.exe","ParentCommandLine":"\"C:\\Windows\\System32\\rundll32.exe\"  C:\\Users\\q\\Source\\Repos\\AllTheThings\\AllTheThings\\bin\\x86\\Release\\AllTheThings.dll, EntryPoint","EventReceivedTime":"2018-01-30 11:25:35","SourceModuleName":"in","SourceModuleType":"im_msvistalog","DeviceVendor":"Microsoft","DeviceProduct":"EventLog"}
{"EventTime":"2018-01-30 11:25:35","Hostname":"DESKTOP-PPDS4VR","Keywords":-9223372036854775808,"EventType":"INFO","SeverityValue":2,"Severity":"INFO","EventID":3,"SourceName":"Microsoft-Windows-Sysmon","ProviderGuid":"{5770385F-C22A-43E0-BF4C-06F5698FFBD9}","Version":5,"Task":3,"OpcodeValue":0,"RecordNumber":35205,"ProcessID":3124,"ThreadID":5240,"Channel":"Microsoft-Windows-Sysmon/Operational","Domain":"NT AUTHORITY","AccountName":"SYSTEM","UserID":"S-1-5-18","AccountType":"User","Message":"Network connection detected:\r\nUtcTime: 2018-01-26 22:07:15.994\r\nProcessGuid: {85283F4F-746B-5A69-0000-0010EB030000}\r\nProcessId: 4\r\nImage: System\r\nUser: NT AUTHORITY\\SYSTEM\r\nProtocol: tcp\r\nInitiated: false\r\nSourceIsIpv6: true\r\nSourceIp: 0:0:0:0:0:0:0:1\r\nSourceHostname: DESKTOP-PPDS4VR\r\nSourcePort: 49154\r\nSourcePortName: \r\nDestinationIsIpv6: true\r\nDestinationIp: 0:0:0:0:0:0:0:1\r\nDestinationHostname: DESKTOP-PPDS4VR\r\nDestinationPort: 52157\r\nDestinationPortName: ","Category":"Network connection detected (rule: NetworkConnect)","Opcode":"Info","UtcTime":"2018-01-26 22:07:15.994","ProcessGuid":"{85283F4F-746B-5A69-0000-0010EB030000}","Image":"System","User":"NT AUTHORITY\\SYSTEM","Protocol":"tcp","Initiated":"false","SourceIsIpv6":"true","SourceIp":"0:0:0:0:0:0:0:1","SourceHostname":"DESKTOP-PPDS4VR","SourcePort":"49154","DestinationIsIpv6":"true","DestinationIp":"0:0:0:0:0:0:0:1","DestinationHostname":"DESKTOP-PPDS4VR","DestinationPort":"52157","EventReceivedTime":"2018-01-30 11:25:36","SourceModuleName":"in","SourceModuleType":"im_msvistalog","DeviceVendor":"Microsoft","DeviceProduct":"EventLog"}
{"EventTime":"2018-01-30 11:25:35","Hostname":"DESKTOP-PPDS4VR","Keywords":-9223372036854775808,"EventType":"INFO","SeverityValue":2,"Severity":"INFO","EventID":3,"SourceName":"Microsoft-Windows-Sysmon","ProviderGuid":"{5770385F-C22A-43E0-BF4C-06F5698FFBD9}","Version":5,"Task":3,"OpcodeValue":0,"RecordNumber":35206,"ProcessID":3124,"ThreadID":5240,"Channel":"Microsoft-Windows-Sysmon/Operational","Domain":"NT AUTHORITY","AccountName":"SYSTEM","UserID":"S-1-5-18","AccountType":"User","Message":"Network connection detected:\r\nUtcTime: 2018-01-26 22:07:16.586\r\nProcessGuid: {85283F4F-EAEE-5A6A-0000-00105B9F1702}\r\nProcessId: 4856\r\nImage: C:\\Program Files (x86)\\Microsoft Visual Studio 14.0\\Common7\\IDE\\devenv.exe\r\nUser: DESKTOP-PPDS4VR\\q\r\nProtocol: tcp\r\nInitiated: true\r\nSourceIsIpv6: true\r\nSourceIp: 0:0:0:0:0:0:0:1\r\nSourceHostname: DESKTOP-PPDS4VR\r\nSourcePort: 52158\r\nSourcePortName: \r\nDestinationIsIpv6: true\r\nDestinationIp: 0:0:0:0:0:0:0:1\r\nDestinationHostname: DESKTOP-PPDS4VR\r\nDestinationPort: 49154\r\nDestinationPortName: ","Category":"Network connection detected (rule: NetworkConnect)","Opcode":"Info","UtcTime":"2018-01-26 22:07:16.586","ProcessGuid":"{85283F4F-EAEE-5A6A-0000-00105B9F1702}","Image":"C:\\Program Files (x86)\\Microsoft Visual Studio 14.0\\Common7\\IDE\\devenv.exe","User":"DESKTOP-PPDS4VR\\q","Protocol":"tcp","Initiated":"true","SourceIsIpv6":"true","SourceIp":"0:0:0:0:0:0:0:1","SourceHostname":"DESKTOP-PPDS4VR","SourcePort":"52158","DestinationIsIpv6":"true","DestinationIp":"0:0:0:0:0:0:0:1","DestinationHostname":"DESKTOP-PPDS4VR","DestinationPort":"49154","EventReceivedTime":"2018-01-30 11:25:36","SourceModuleName":"in","SourceModuleType":"im_msvistalog","DeviceVendor":"Microsoft","DeviceProduct":"EventLog"}
{"EventTime":"2018-01-30 11:25:35","Hostname":"DESKTOP-PPDS4VR","Keywords":-9223372036854775808,"EventType":"INFO","SeverityValue":2,"Severity":"INFO","EventID":3,"SourceName":"Microsoft-Windows-Sysmon","ProviderGuid":"{5770385F-C22A-43E0-BF4C-06F5698FFBD9}","Version":5,"Task":3,"OpcodeValue":0,"RecordNumber":35207,"ProcessID":3124,"ThreadID":5240,"Channel":"Microsoft-Windows-Sysmon/Operational","Domain":"NT AUTHORITY","AccountName":"SYSTEM","UserID":"S-1-5-18","AccountType":"User","Message":"Network connection detected:\r\nUtcTime: 2018-01-26 22:07:16.586\r\nProcessGuid: {85283F4F-746B-5A69-0000-0010EB030000}\r\nProcessId: 4\r\nImage: System\r\nUser: NT AUTHORITY\\SYSTEM\r\nProtocol: tcp\r\nInitiated: false\r\nSourceIsIpv6: true\r\nSourceIp: 0:0:0:0:0:0:0:1\r\nSourceHostname: DESKTOP-PPDS4VR\r\nSourcePort: 49154\r\nSourcePortName: \r\nDestinationIsIpv6: true\r\nDestinationIp: 0:0:0:0:0:0:0:1\r\nDestinationHostname: DESKTOP-PPDS4VR\r\nDestinationPort: 52158\r\nDestinationPortName: ","Category":"Network connection detected (rule: NetworkConnect)","Opcode":"Info","UtcTime":"2018-01-26 22:07:16.586","ProcessGuid":"{85283F4F-746B-5A69-0000-0010EB030000}","Image":"System","User":"NT AUTHORITY\\SYSTEM","Protocol":"tcp","Initiated":"false","SourceIsIpv6":"true","SourceIp":"0:0:0:0:0:0:0:1","SourceHostname":"DESKTOP-PPDS4VR","SourcePort":"49154","DestinationIsIpv6":"true","DestinationIp":"0:0:0:0:0:0:0:1","DestinationHostname":"DESKTOP-PPDS4VR","DestinationPort":"52158","EventReceivedTime":"2018-01-30 11:25:36","SourceModuleName":"in","SourceModuleType":"im_msvistalog","DeviceVendor":"Microsoft","DeviceProduct":"EventLog"}
{"EventTime":"2018-01-30 11:25:35","Hostname":"DESKTOP-PPDS4VR","Keywords":-9223372036854775808,"EventType":"INFO","SeverityValue":2,"Severity":"INFO","EventID":3,"SourceName":"Microsoft-Windows-Sysmon","ProviderGuid":"{5770385F-C22A-43E0-BF4C-06F5698FFBD9}","Version":5,"Task":3,"OpcodeValue":0,"RecordNumber":35208,"ProcessID":3124,"ThreadID":5240,"Channel":"Microsoft-Windows-Sysmon/Operational","Domain":"NT AUTHORITY","AccountName":"SYSTEM","UserID":"S-1-5-18","AccountType":"User","Message":"Network connection detected:\r\nUtcTime: 2018-01-26 22:07:18.163\r\nProcessGuid: {85283F4F-EAEE-5A6A-0000-00105B9F1702}\r\nProcessId: 4856\r\nImage: C:\\Program Files (x86)\\Microsoft Visual Studio 14.0\\Common7\\IDE\\devenv.exe\r\nUser: DESKTOP-PPDS4VR\\q\r\nProtocol: tcp\r\nInitiated: true\r\nSourceIsIpv6: true\r\nSourceIp: 0:0:0:0:0:0:0:1\r\nSourceHostname: DESKTOP-PPDS4VR\r\nSourcePort: 52159\r\nSourcePortName: \r\nDestinationIsIpv6: true\r\nDestinationIp: 0:0:0:0:0:0:0:1\r\nDestinationHostname: DESKTOP-PPDS4VR\r\nDestinationPort: 49154\r\nDestinationPortName: ","Category":"Network connection detected (rule: NetworkConnect)","Opcode":"Info","UtcTime":"2018-01-26 22:07:18.163","ProcessGuid":"{85283F4F-EAEE-5A6A-0000-00105B9F1702}","Image":"C:\\Program Files (x86)\\Microsoft Visual Studio 14.0\\Common7\\IDE\\devenv.exe","User":"DESKTOP-PPDS4VR\\q","Protocol":"tcp","Initiated":"true","SourceIsIpv6":"true","SourceIp":"0:0:0:0:0:0:0:1","SourceHostname":"DESKTOP-PPDS4VR","SourcePort":"52159","DestinationIsIpv6":"true","DestinationIp":"0:0:0:0:0:0:0:1","DestinationHostname":"DESKTOP-PPDS4VR","DestinationPort":"49154","EventReceivedTime":"2018-01-30 11:25:36","SourceModuleName":"in","SourceModuleType":"im_msvistalog","DeviceVendor":"Microsoft","DeviceProduct":"EventLog"}
{"EventTime":"2018-01-30 11:25:35","Hostname":"DESKTOP-PPDS4VR","Keywords":-9223372036854775808,"EventType":"INFO","SeverityValue":2,"Severity":"INFO","EventID":3,"SourceName":"Microsoft-Windows-Sysmon","ProviderGuid":"{5770385F-C22A-43E0-BF4C-06F5698FFBD9}","Version":5,"Task":3,"OpcodeValue":0,"RecordNumber":35209,"ProcessID":3124,"ThreadID":5240,"Channel":"Microsoft-Windows-Sysmon/Operational","Domain":"NT AUTHORITY","AccountName":"SYSTEM","UserID":"S-1-5-18","AccountType":"User","Message":"Network connection detected:\r\nUtcTime: 2018-01-26 22:07:18.163\r\nProcessGuid: {85283F4F-746B-5A69-0000-0010EB030000}\r\nProcessId: 4\r\nImage: System\r\nUser: NT AUTHORITY\\SYSTEM\r\nProtocol: tcp\r\nInitiated: false\r\nSourceIsIpv6: true\r\nSourceIp: 0:0:0:0:0:0:0:1\r\nSourceHostname: DESKTOP-PPDS4VR\r\nSourcePort: 49154\r\nSourcePortName: \r\nDestinationIsIpv6: true\r\nDestinationIp: 0:0:0:0:0:0:0:1\r\nDestinationHostname: DESKTOP-PPDS4VR\r\nDestinationPort: 52159\r\nDestinationPortName: ","Category":"Network connection detected (rule: NetworkConnect)","Opcode":"Info","UtcTime":"2018-01-26 22:07:18.163","ProcessGuid":"{85283F4F-746B-5A69-0000-0010EB030000}","Image":"System","User":"NT AUTHORITY\\SYSTEM","Protocol":"tcp","Initiated":"false","SourceIsIpv6":"true","SourceIp":"0:0:0:0:0:0:0:1","SourceHostname":"DESKTOP-PPDS4VR","SourcePort":"49154","DestinationIsIpv6":"true","DestinationIp":"0:0:0:0:0:0:0:1","DestinationHostname":"DESKTOP-PPDS4VR","DestinationPort":"52159","EventReceivedTime":"2018-01-30 11:25:36","SourceModuleName":"in","SourceModuleType":"im_msvistalog","DeviceVendor":"Microsoft","DeviceProduct":"EventLog"}
{"EventTime":"2018-01-30 11:25:35","Hostname":"DESKTOP-PPDS4VR","Keywords":-9223372036854775808,"EventType":"INFO","SeverityValue":2,"Severity":"INFO","EventID":3,"SourceName":"Microsoft-Windows-Sysmon","ProviderGuid":"{5770385F-C22A-43E0-BF4C-06F5698FFBD9}","Version":5,"Task":3,"OpcodeValue":0,"RecordNumber":35210,"ProcessID":3124,"ThreadID":5240,"Channel":"Microsoft-Windows-Sysmon/Operational","Domain":"NT AUTHORITY","AccountName":"SYSTEM","UserID":"S-1-5-18","AccountType":"User","Message":"Network connection detected:\r\nUtcTime: 2018-01-26 22:07:18.288\r\nProcessGuid: {85283F4F-EAEE-5A6A-0000-00105B9F1702}\r\nProcessId: 4856\r\nImage: C:\\Program Files (x86)\\Microsoft Visual Studio 14.0\\Common7\\IDE\\devenv.exe\r\nUser: DESKTOP-PPDS4VR\\q\r\nProtocol: tcp\r\nInitiated: true\r\nSourceIsIpv6: true\r\nSourceIp: 0:0:0:0:0:0:0:1\r\nSourceHostname: DESKTOP-PPDS4VR\r\nSourcePort: 52160\r\nSourcePortName: \r\nDestinationIsIpv6: true\r\nDestinationIp: 0:0:0:0:0:0:0:1\r\nDestinationHostname: DESKTOP-PPDS4VR\r\nDestinationPort: 49154\r\nDestinationPortName: ","Category":"Network connection detected (rule: NetworkConnect)","Opcode":"Info","UtcTime":"2018-01-26 22:07:18.288","ProcessGuid":"{85283F4F-EAEE-5A6A-0000-00105B9F1702}","Image":"C:\\Program Files (x86)\\Microsoft Visual Studio 14.0\\Common7\\IDE\\devenv.exe","User":"DESKTOP-PPDS4VR\\q","Protocol":"tcp","Initiated":"true","SourceIsIpv6":"true","SourceIp":"0:0:0:0:0:0:0:1","SourceHostname":"DESKTOP-PPDS4VR","SourcePort":"52160","DestinationIsIpv6":"true","DestinationIp":"0:0:0:0:0:0:0:1","DestinationHostname":"DESKTOP-PPDS4VR","DestinationPort":"49154","EventReceivedTime":"2018-01-30 11:25:36","SourceModuleName":"in","SourceModuleType":"im_msvistalog","DeviceVendor":"Microsoft","DeviceProduct":"EventLog"}
{"EventTime":"2018-01-30 11:25:36","Hostname":"DESKTOP-PPDS4VR","Keywords":-9223372036854775808,"EventType":"INFO","SeverityValue":2,"Severity":"INFO","EventID":5,"SourceName":"Microsoft-Windows-Sysmon","ProviderGuid":"{5770385F-C22A-43E0-BF4C-06F5698FFBD9}","Version":3,"Task":5,"OpcodeValue":0,"RecordNumber":35211,"ProcessID":3124,"ThreadID":5216,"Channel":"Microsoft-Windows-Sysmon/Operational","Domain":"NT AUTHORITY","AccountName":"SYSTEM","UserID":"S-1-5-18","AccountType":"User","Message":"Process terminated:\r\nUtcTime: 2018-01-30 03:25:36.245\r\nProcessGuid: {85283F4F-E5AE-5A6F-0000-0010C5556004}\r\nProcessId: 7872\r\nImage: C:\\Windows\\SysWOW64\\rundll32.exe","Category":"Process terminated (rule: ProcessTerminate)","Opcode":"Info","UtcTime":"2018-01-30 03:25:36.245","ProcessGuid":"{85283F4F-E5AE-5A6F-0000-0010C5556004}","Image":"C:\\Windows\\SysWOW64\\rundll32.exe","EventReceivedTime":"2018-01-30 11:25:36","SourceModuleName":"in","SourceModuleType":"im_msvistalog","DeviceVendor":"Microsoft","DeviceProduct":"EventLog"}
{"EventTime":"2018-01-30 11:25:36","Hostname":"DESKTOP-PPDS4VR","Keywords":-9223372036854775808,"EventType":"INFO","SeverityValue":2,"Severity":"INFO","EventID":5,"SourceName":"Microsoft-Windows-Sysmon","ProviderGuid":"{5770385F-C22A-43E0-BF4C-06F5698FFBD9}","Version":3,"Task":5,"OpcodeValue":0,"RecordNumber":35212,"ProcessID":3124,"ThreadID":5216,"Channel":"Microsoft-Windows-Sysmon/Operational","Domain":"NT AUTHORITY","AccountName":"SYSTEM","UserID":"S-1-5-18","AccountType":"User","Message":"Process terminated:\r\nUtcTime: 2018-01-30 03:25:36.245\r\nProcessGuid: {85283F4F-E5AE-5A6F-0000-0010DD526004}\r\nProcessId: 1044\r\nImage: C:\\Windows\\System32\\rundll32.exe","Category":"Process terminated (rule: ProcessTerminate)","Opcode":"Info","UtcTime":"2018-01-30 03:25:36.245","ProcessGuid":"{85283F4F-E5AE-5A6F-0000-0010DD526004}","Image":"C:\\Windows\\System32\\rundll32.exe","EventReceivedTime":"2018-01-30 11:25:36","SourceModuleName":"in","SourceModuleType":"im_msvistalog","DeviceVendor":"Microsoft","DeviceProduct":"EventLog"}