{"EventTime":"2018-01-29 14:34:16","Hostname":"DESKTOP-PPDS4VR","Keywords":-9223372036854775808,"EventType":"INFO","SeverityValue":2,"Severity":"INFO","EventID":1,"SourceName":"Microsoft-Windows-Sysmon","ProviderGuid":"{5770385F-C22A-43E0-BF4C-06F5698FFBD9}","Version":5,"Task":1,"OpcodeValue":0,"RecordNumber":32750,"ProcessID":3124,"ThreadID":5216,"Channel":"Microsoft-Windows-Sysmon/Operational","Domain":"NT AUTHORITY","AccountName":"SYSTEM","UserID":"S-1-5-18","AccountType":"User","Message":"Process Create:\r\nUtcTime: 2018-01-29 06:34:16.552\r\nProcessGuid: {85283F4F-C068-5A6E-0000-0010BFC69C03}\r\nProcessId: 3096\r\nImage: C:\\Program Files\\Microsoft Office\\Office16\\EXCEL.EXE\r\nCommandLine: \"C:\\Program Files\\Microsoft Office\\Office16\\EXCEL.EXE\" /dde\r\nCurrentDirectory: C:\\Users\\q\\Desktop\\\r\nUser: DESKTOP-PPDS4VR\\q\r\nLogonGuid: {85283F4F-7471-5A69-0000-0020A6370200}\r\nLogonId: 0x237A6\r\nTerminalSessionId: 1\r\nIntegrityLevel: Medium\r\nHashes: SHA1=4E85E12B2ADB7A271073068B7B8101059C9872C0,MD5=23ABD4CC9819C2A2377CFD860723304F,SHA256=560705E494ECF31DE9A1D85E4578929C54441CE7698742E099526301CE66E082,IMPHASH=FCF30DA81A8A532D47095445B4EAD21A\r\nParentProcessGuid: {85283F4F-7477-5A69-0000-00106FFD0600}\r\nParentProcessId: 6436\r\nParentImage: C:\\Windows\\explorer.exe\r\nParentCommandLine: C:\\WINDOWS\\Explorer.EXE","Category":"Process Create (rule: ProcessCreate)","Opcode":"Info","UtcTime":"2018-01-29 06:34:16.552","ProcessGuid":"{85283F4F-C068-5A6E-0000-0010BFC69C03}","Image":"C:\\Program Files\\Microsoft Office\\Office16\\EXCEL.EXE","CommandLine":"\"C:\\Program Files\\Microsoft Office\\Office16\\EXCEL.EXE\" /dde","CurrentDirectory":"C:\\Users\\q\\Desktop\\","User":"DESKTOP-PPDS4VR\\q","LogonGuid":"{85283F4F-7471-5A69-0000-0020A6370200}","LogonId":"0x237a6","TerminalSessionId":"1","IntegrityLevel":"Medium","Hashes":"SHA1=4E85E12B2ADB7A271073068B7B8101059C9872C0,MD5=23ABD4CC9819C2A2377CFD860723304F,SHA256=560705E494ECF31DE9A1D85E4578929C54441CE7698742E099526301CE66E082,IMPHASH=FCF30DA81A8A532D47095445B4EAD21A","ParentProcessGuid":"{85283F4F-7477-5A69-0000-00106FFD0600}","ParentProcessId":"6436","ParentImage":"C:\\Windows\\explorer.exe","ParentCommandLine":"C:\\WINDOWS\\Explorer.EXE","EventReceivedTime":"2018-01-29 14:34:17","SourceModuleName":"in","SourceModuleType":"im_msvistalog","DeviceVendor":"Microsoft","DeviceProduct":"EventLog"}
{"EventTime":"2018-01-29 14:34:16","Hostname":"DESKTOP-PPDS4VR","Keywords":-9223372036854775808,"EventType":"INFO","SeverityValue":2,"Severity":"INFO","EventID":1,"SourceName":"Microsoft-Windows-Sysmon","ProviderGuid":"{5770385F-C22A-43E0-BF4C-06F5698FFBD9}","Version":5,"Task":1,"OpcodeValue":0,"RecordNumber":32751,"ProcessID":3124,"ThreadID":5216,"Channel":"Microsoft-Windows-Sysmon/Operational","Domain":"NT AUTHORITY","AccountName":"SYSTEM","UserID":"S-1-5-18","AccountType":"User","Message":"Process Create:\r\nUtcTime: 2018-01-29 06:34:16.935\r\nProcessGuid: {85283F4F-C068-5A6E-0000-0010F6EA9C03}\r\nProcessId: 4896\r\nImage: C:\\Windows\\System32\\sppsvc.exe\r\nCommandLine: C:\\WINDOWS\\system32\\sppsvc.exe\r\nCurrentDirectory: C:\\WINDOWS\r\nUser: NT AUTHORITY\\NETWORK SERVICE\r\nLogonGuid: {85283F4F-746F-5A69-0000-0020E4030000}\r\nLogonId: 0x3E4\r\nTerminalSessionId: 0\r\nIntegrityLevel: System\r\nHashes: SHA1=CA45873B0987A92DEA2181B876F7B8B5A6045EF0,MD5=57C9484D415A6549EAE96FA163BE912E,SHA256=A32329EB89D642BB8F627DAE8F3BEBA71004439899844C29349519EE939D42CD,IMPHASH=DA5CDC615B20BB2A821BE759431AF544\r\nParentProcessGuid: {85283F4F-746F-5A69-0000-001063A10000}\r\nParentProcessId: 680\r\nParentImage: C:\\Windows\\System32\\services.exe\r\nParentCommandLine: C:\\WINDOWS\\system32\\services.exe","Category":"Process Create (rule: ProcessCreate)","Opcode":"Info","UtcTime":"2018-01-29 06:34:16.935","ProcessGuid":"{85283F4F-C068-5A6E-0000-0010F6EA9C03}","Image":"C:\\Windows\\System32\\sppsvc.exe","CommandLine":"C:\\WINDOWS\\system32\\sppsvc.exe","CurrentDirectory":"C:\\WINDOWS","User":"NT AUTHORITY\\NETWORK SERVICE","LogonGuid":"{85283F4F-746F-5A69-0000-0020E4030000}","LogonId":"0x3e4","TerminalSessionId":"0","IntegrityLevel":"System","Hashes":"SHA1=CA45873B0987A92DEA2181B876F7B8B5A6045EF0,MD5=57C9484D415A6549EAE96FA163BE912E,SHA256=A32329EB89D642BB8F627DAE8F3BEBA71004439899844C29349519EE939D42CD,IMPHASH=DA5CDC615B20BB2A821BE759431AF544","ParentProcessGuid":"{85283F4F-746F-5A69-0000-001063A10000}","ParentProcessId":"680","ParentImage":"C:\\Windows\\System32\\services.exe","ParentCommandLine":"C:\\WINDOWS\\system32\\services.exe","EventReceivedTime":"2018-01-29 14:34:17","SourceModuleName":"in","SourceModuleType":"im_msvistalog","DeviceVendor":"Microsoft","DeviceProduct":"EventLog"}
{"EventTime":"2018-01-29 14:34:19","Hostname":"DESKTOP-PPDS4VR","Keywords":-9223372036854775808,"EventType":"INFO","SeverityValue":2,"Severity":"INFO","EventID":1,"SourceName":"Microsoft-Windows-Sysmon","ProviderGuid":"{5770385F-C22A-43E0-BF4C-06F5698FFBD9}","Version":5,"Task":1,"OpcodeValue":0,"RecordNumber":32752,"ProcessID":3124,"ThreadID":5216,"Channel":"Microsoft-Windows-Sysmon/Operational","Domain":"NT AUTHORITY","AccountName":"SYSTEM","UserID":"S-1-5-18","AccountType":"User","Message":"Process Create:\r\nUtcTime: 2018-01-29 06:34:19.765\r\nProcessGuid: {85283F4F-C06B-5A6E-0000-0010B6099D03}\r\nProcessId: 12768\r\nImage: C:\\Windows\\System32\\audiodg.exe\r\nCommandLine: C:\\WINDOWS\\system32\\AUDIODG.EXE 0x4fc\r\nCurrentDirectory: C:\\WINDOWS\\system32\\\r\nUser: NT AUTHORITY\\LOCAL SERVICE\r\nLogonGuid: {85283F4F-746F-5A69-0000-0020E5030000}\r\nLogonId: 0x3E5\r\nTerminalSessionId: 0\r\nIntegrityLevel: System\r\nHashes: SHA1=F1EF86EAB424A5D027AEABFD42507C786A69A870,MD5=592009BC77841D9E977F7A8A181CE8E6,SHA256=D76B12E101152D1AD0181FD359D0F5F1891B8C279CC556DE4ECC45F4F9AC89EE,IMPHASH=50472BF44ED77EA78B48D42383B97C7B\r\nParentProcessGuid: {85283F4F-7470-5A69-0000-001090EC0100}\r\nParentProcessId: 2236\r\nParentImage: C:\\Windows\\System32\\svchost.exe\r\nParentCommandLine: C:\\WINDOWS\\System32\\svchost.exe -k LocalServiceNetworkRestricted -p","Category":"Process Create (rule: ProcessCreate)","Opcode":"Info","UtcTime":"2018-01-29 06:34:19.765","ProcessGuid":"{85283F4F-C06B-5A6E-0000-0010B6099D03}","Image":"C:\\Windows\\System32\\audiodg.exe","CommandLine":"C:\\WINDOWS\\system32\\AUDIODG.EXE 0x4fc","CurrentDirectory":"C:\\WINDOWS\\system32\\","User":"NT AUTHORITY\\LOCAL SERVICE","LogonGuid":"{85283F4F-746F-5A69-0000-0020E5030000}","LogonId":"0x3e5","TerminalSessionId":"0","IntegrityLevel":"System","Hashes":"SHA1=F1EF86EAB424A5D027AEABFD42507C786A69A870,MD5=592009BC77841D9E977F7A8A181CE8E6,SHA256=D76B12E101152D1AD0181FD359D0F5F1891B8C279CC556DE4ECC45F4F9AC89EE,IMPHASH=50472BF44ED77EA78B48D42383B97C7B","ParentProcessGuid":"{85283F4F-7470-5A69-0000-001090EC0100}","ParentProcessId":"2236","ParentImage":"C:\\Windows\\System32\\svchost.exe","ParentCommandLine":"C:\\WINDOWS\\System32\\svchost.exe -k LocalServiceNetworkRestricted -p","EventReceivedTime":"2018-01-29 14:34:20","SourceModuleName":"in","SourceModuleType":"im_msvistalog","DeviceVendor":"Microsoft","DeviceProduct":"EventLog"}
{"EventTime":"2018-01-29 14:34:22","Hostname":"DESKTOP-PPDS4VR","Keywords":-9223372036854775808,"EventType":"INFO","SeverityValue":2,"Severity":"INFO","EventID":1,"SourceName":"Microsoft-Windows-Sysmon","ProviderGuid":"{5770385F-C22A-43E0-BF4C-06F5698FFBD9}","Version":5,"Task":1,"OpcodeValue":0,"RecordNumber":32753,"ProcessID":3124,"ThreadID":5216,"Channel":"Microsoft-Windows-Sysmon/Operational","Domain":"NT AUTHORITY","AccountName":"SYSTEM","UserID":"S-1-5-18","AccountType":"User","Message":"Process Create:\r\nUtcTime: 2018-01-29 06:34:22.453\r\nProcessGuid: {85283F4F-C06E-5A6E-0000-0010BC189D03}\r\nProcessId: 12524\r\nImage: C:\\Windows\\System32\\cmd.exe\r\nCommandLine: CMD.EXE  /C calc\r\nCurrentDirectory: C:\\Users\\q\\Documents\\\r\nUser: DESKTOP-PPDS4VR\\q\r\nLogonGuid: {85283F4F-7471-5A69-0000-0020A6370200}\r\nLogonId: 0x237A6\r\nTerminalSessionId: 1\r\nIntegrityLevel: Medium\r\nHashes: SHA1=3585B37200EF3321262B0977401183694A3C15C6,MD5=E08FE2DE3DDD22123247D49A11B4F53D,SHA256=EC436AEEE41857EEE5875EFDB7166FE043349DB5F58F3EE9FC4FF7F50005767F,IMPHASH=A5C589222C42E8EC02269411A9573783\r\nParentProcessGuid: {85283F4F-C068-5A6E-0000-0010BFC69C03}\r\nParentProcessId: 3096\r\nParentImage: C:\\Program Files\\Microsoft Office\\Office16\\EXCEL.EXE\r\nParentCommandLine: \"C:\\Program Files\\Microsoft Office\\Office16\\EXCEL.EXE\" /dde","Category":"Process Create (rule: ProcessCreate)","Opcode":"Info","UtcTime":"2018-01-29 06:34:22.453","ProcessGuid":"{85283F4F-C06E-5A6E-0000-0010BC189D03}","Image":"C:\\Windows\\System32\\cmd.exe","CommandLine":"CMD.EXE  /C calc","CurrentDirectory":"C:\\Users\\q\\Documents\\","User":"DESKTOP-PPDS4VR\\q","LogonGuid":"{85283F4F-7471-5A69-0000-0020A6370200}","LogonId":"0x237a6","TerminalSessionId":"1","IntegrityLevel":"Medium","Hashes":"SHA1=3585B37200EF3321262B0977401183694A3C15C6,MD5=E08FE2DE3DDD22123247D49A11B4F53D,SHA256=EC436AEEE41857EEE5875EFDB7166FE043349DB5F58F3EE9FC4FF7F50005767F,IMPHASH=A5C589222C42E8EC02269411A9573783","ParentProcessGuid":"{85283F4F-C068-5A6E-0000-0010BFC69C03}","ParentProcessId":"3096","ParentImage":"C:\\Program Files\\Microsoft Office\\Office16\\EXCEL.EXE","ParentCommandLine":"\"C:\\Program Files\\Microsoft Office\\Office16\\EXCEL.EXE\" /dde","EventReceivedTime":"2018-01-29 14:34:23","SourceModuleName":"in","SourceModuleType":"im_msvistalog","DeviceVendor":"Microsoft","DeviceProduct":"EventLog"}
{"EventTime":"2018-01-29 14:34:22","Hostname":"DESKTOP-PPDS4VR","Keywords":-9223372036854775808,"EventType":"INFO","SeverityValue":2,"Severity":"INFO","EventID":1,"SourceName":"Microsoft-Windows-Sysmon","ProviderGuid":"{5770385F-C22A-43E0-BF4C-06F5698FFBD9}","Version":5,"Task":1,"OpcodeValue":0,"RecordNumber":32754,"ProcessID":3124,"ThreadID":5216,"Channel":"Microsoft-Windows-Sysmon/Operational","Domain":"NT AUTHORITY","AccountName":"SYSTEM","UserID":"S-1-5-18","AccountType":"User","Message":"Process Create:\r\nUtcTime: 2018-01-29 06:34:22.469\r\nProcessGuid: {85283F4F-C06E-5A6E-0000-0010C11A9D03}\r\nProcessId: 10080\r\nImage: C:\\Windows\\System32\\conhost.exe\r\nCommandLine: \\??\\C:\\WINDOWS\\system32\\conhost.exe 0xffffffff -ForceV1\r\nCurrentDirectory: C:\\WINDOWS\r\nUser: DESKTOP-PPDS4VR\\q\r\nLogonGuid: {85283F4F-7471-5A69-0000-0020A6370200}\r\nLogonId: 0x237A6\r\nTerminalSessionId: 1\r\nIntegrityLevel: Medium\r\nHashes: SHA1=B0BF5AC2E81BBF597FAD5F349FEEB32CAC449FA2,MD5=6A255BEBF3DBCD13585538ED47DBAFD7,SHA256=4668BB2223FFB983A5F1273B9E3D9FA2C5CE4A0F1FB18CA5C1B285762020073C,IMPHASH=2505BD03D7BD285E50CE89CEC02B333B\r\nParentProcessGuid: {85283F4F-C06E-5A6E-0000-0010BC189D03}\r\nParentProcessId: 12524\r\nParentImage: C:\\Windows\\System32\\cmd.exe\r\nParentCommandLine: CMD.EXE  /C calc","Category":"Process Create (rule: ProcessCreate)","Opcode":"Info","UtcTime":"2018-01-29 06:34:22.469","ProcessGuid":"{85283F4F-C06E-5A6E-0000-0010C11A9D03}","Image":"C:\\Windows\\System32\\conhost.exe","CommandLine":"\\??\\C:\\WINDOWS\\system32\\conhost.exe 0xffffffff -ForceV1","CurrentDirectory":"C:\\WINDOWS","User":"DESKTOP-PPDS4VR\\q","LogonGuid":"{85283F4F-7471-5A69-0000-0020A6370200}","LogonId":"0x237a6","TerminalSessionId":"1","IntegrityLevel":"Medium","Hashes":"SHA1=B0BF5AC2E81BBF597FAD5F349FEEB32CAC449FA2,MD5=6A255BEBF3DBCD13585538ED47DBAFD7,SHA256=4668BB2223FFB983A5F1273B9E3D9FA2C5CE4A0F1FB18CA5C1B285762020073C,IMPHASH=2505BD03D7BD285E50CE89CEC02B333B","ParentProcessGuid":"{85283F4F-C06E-5A6E-0000-0010BC189D03}","ParentProcessId":"12524","ParentImage":"C:\\Windows\\System32\\cmd.exe","ParentCommandLine":"CMD.EXE  /C calc","EventReceivedTime":"2018-01-29 14:34:23","SourceModuleName":"in","SourceModuleType":"im_msvistalog","DeviceVendor":"Microsoft","DeviceProduct":"EventLog"}
{"EventTime":"2018-01-29 14:34:22","Hostname":"DESKTOP-PPDS4VR","Keywords":-9223372036854775808,"EventType":"INFO","SeverityValue":2,"Severity":"INFO","EventID":1,"SourceName":"Microsoft-Windows-Sysmon","ProviderGuid":"{5770385F-C22A-43E0-BF4C-06F5698FFBD9}","Version":5,"Task":1,"OpcodeValue":0,"RecordNumber":32755,"ProcessID":3124,"ThreadID":5216,"Channel":"Microsoft-Windows-Sysmon/Operational","Domain":"NT AUTHORITY","AccountName":"SYSTEM","UserID":"S-1-5-18","AccountType":"User","Message":"Process Create:\r\nUtcTime: 2018-01-29 06:34:22.628\r\nProcessGuid: {85283F4F-C06E-5A6E-0000-0010D2219D03}\r\nProcessId: 15304\r\nImage: C:\\Windows\\System32\\calc.exe\r\nCommandLine: calc\r\nCurrentDirectory: C:\\Users\\q\\Documents\\\r\nUser: DESKTOP-PPDS4VR\\q\r\nLogonGuid: {85283F4F-7471-5A69-0000-0020A6370200}\r\nLogonId: 0x237A6\r\nTerminalSessionId: 1\r\nIntegrityLevel: Medium\r\nHashes: SHA1=8236636F8344D2DC4EFE3AB0B277202DF58EAE84,MD5=180469AE0B239E31DB4C65F02FD70BC1,SHA256=9BC9CBA71D8C9948056E8198C486931EF547A7EFA9B1362511F00E81878D6056,IMPHASH=1AC946B228EBBA41514C52672B33D623\r\nParentProcessGuid: {85283F4F-C06E-5A6E-0000-0010BC189D03}\r\nParentProcessId: 12524\r\nParentImage: C:\\Windows\\System32\\cmd.exe\r\nParentCommandLine: CMD.EXE  /C calc","Category":"Process Create (rule: ProcessCreate)","Opcode":"Info","UtcTime":"2018-01-29 06:34:22.628","ProcessGuid":"{85283F4F-C06E-5A6E-0000-0010D2219D03}","Image":"C:\\Windows\\System32\\calc.exe","CommandLine":"calc","CurrentDirectory":"C:\\Users\\q\\Documents\\","User":"DESKTOP-PPDS4VR\\q","LogonGuid":"{85283F4F-7471-5A69-0000-0020A6370200}","LogonId":"0x237a6","TerminalSessionId":"1","IntegrityLevel":"Medium","Hashes":"SHA1=8236636F8344D2DC4EFE3AB0B277202DF58EAE84,MD5=180469AE0B239E31DB4C65F02FD70BC1,SHA256=9BC9CBA71D8C9948056E8198C486931EF547A7EFA9B1362511F00E81878D6056,IMPHASH=1AC946B228EBBA41514C52672B33D623","ParentProcessGuid":"{85283F4F-C06E-5A6E-0000-0010BC189D03}","ParentProcessId":"12524","ParentImage":"C:\\Windows\\System32\\cmd.exe","ParentCommandLine":"CMD.EXE  /C calc","EventReceivedTime":"2018-01-29 14:34:23","SourceModuleName":"in","SourceModuleType":"im_msvistalog","DeviceVendor":"Microsoft","DeviceProduct":"EventLog"}