{"EventTime":"2018-01-29 14:25:27","Hostname":"DESKTOP-PPDS4VR","Keywords":-9223372036854775808,"EventType":"INFO","SeverityValue":2,"Severity":"INFO","EventID":1,"SourceName":"Microsoft-Windows-Sysmon","ProviderGuid":"{5770385F-C22A-43E0-BF4C-06F5698FFBD9}","Version":5,"Task":1,"OpcodeValue":0,"RecordNumber":32634,"ProcessID":3124,"ThreadID":5216,"Channel":"Microsoft-Windows-Sysmon/Operational","Domain":"NT AUTHORITY","AccountName":"SYSTEM","UserID":"S-1-5-18","AccountType":"User","Message":"Process Create:\r\nUtcTime: 2018-01-29 06:25:27.198\r\nProcessGuid: {85283F4F-BE57-5A6E-0000-0010349E9203}\r\nProcessId: 11884\r\nImage: C:\\Program Files\\Microsoft Office\\Office16\\EXCEL.EXE\r\nCommandLine: \"C:\\Program Files\\Microsoft Office\\Office16\\EXCEL.EXE\" /dde\r\nCurrentDirectory: C:\\Users\\q\\Desktop\\\r\nUser: DESKTOP-PPDS4VR\\q\r\nLogonGuid: {85283F4F-7471-5A69-0000-0020A6370200}\r\nLogonId: 0x237A6\r\nTerminalSessionId: 1\r\nIntegrityLevel: Medium\r\nHashes: SHA1=4E85E12B2ADB7A271073068B7B8101059C9872C0,MD5=23ABD4CC9819C2A2377CFD860723304F,SHA256=560705E494ECF31DE9A1D85E4578929C54441CE7698742E099526301CE66E082,IMPHASH=FCF30DA81A8A532D47095445B4EAD21A\r\nParentProcessGuid: {85283F4F-7477-5A69-0000-00106FFD0600}\r\nParentProcessId: 6436\r\nParentImage: C:\\Windows\\explorer.exe\r\nParentCommandLine: C:\\WINDOWS\\Explorer.EXE","Category":"Process Create (rule: ProcessCreate)","Opcode":"Info","UtcTime":"2018-01-29 06:25:27.198","ProcessGuid":"{85283F4F-BE57-5A6E-0000-0010349E9203}","Image":"C:\\Program Files\\Microsoft Office\\Office16\\EXCEL.EXE","CommandLine":"\"C:\\Program Files\\Microsoft Office\\Office16\\EXCEL.EXE\" /dde","CurrentDirectory":"C:\\Users\\q\\Desktop\\","User":"DESKTOP-PPDS4VR\\q","LogonGuid":"{85283F4F-7471-5A69-0000-0020A6370200}","LogonId":"0x237a6","TerminalSessionId":"1","IntegrityLevel":"Medium","Hashes":"SHA1=4E85E12B2ADB7A271073068B7B8101059C9872C0,MD5=23ABD4CC9819C2A2377CFD860723304F,SHA256=560705E494ECF31DE9A1D85E4578929C54441CE7698742E099526301CE66E082,IMPHASH=FCF30DA81A8A532D47095445B4EAD21A","ParentProcessGuid":"{85283F4F-7477-5A69-0000-00106FFD0600}","ParentProcessId":"6436","ParentImage":"C:\\Windows\\explorer.exe","ParentCommandLine":"C:\\WINDOWS\\Explorer.EXE","EventReceivedTime":"2018-01-29 14:25:29","SourceModuleName":"in","SourceModuleType":"im_msvistalog","DeviceVendor":"Microsoft","DeviceProduct":"EventLog"}
{"EventTime":"2018-01-29 14:25:29","Hostname":"DESKTOP-PPDS4VR","Keywords":-9223372036854775808,"EventType":"INFO","SeverityValue":2,"Severity":"INFO","EventID":1,"SourceName":"Microsoft-Windows-Sysmon","ProviderGuid":"{5770385F-C22A-43E0-BF4C-06F5698FFBD9}","Version":5,"Task":1,"OpcodeValue":0,"RecordNumber":32635,"ProcessID":3124,"ThreadID":5216,"Channel":"Microsoft-Windows-Sysmon/Operational","Domain":"NT AUTHORITY","AccountName":"SYSTEM","UserID":"S-1-5-18","AccountType":"User","Message":"Process Create:\r\nUtcTime: 2018-01-29 06:25:29.394\r\nProcessGuid: {85283F4F-BE59-5A6E-0000-00105FE89203}\r\nProcessId: 14976\r\nImage: C:\\Windows\\System32\\dllhost.exe\r\nCommandLine: C:\\WINDOWS\\system32\\DllHost.exe /Processid:{AB8902B4-09CA-4BB6-B78D-A8F59079A8D5}\r\nCurrentDirectory: C:\\WINDOWS\\system32\\\r\nUser: DESKTOP-PPDS4VR\\q\r\nLogonGuid: {85283F4F-7471-5A69-0000-0020A6370200}\r\nLogonId: 0x237A6\r\nTerminalSessionId: 1\r\nIntegrityLevel: Medium\r\nHashes: SHA1=C4BC5F9CA7342250474699BF59410A889AF3D738,MD5=5D94FA288F4BB230FE77BC67DE506257,SHA256=3652B86125C77D7DD9FD72FC597D7BDDFEF4C6C2EA27A992A0B9D44AEB32F6D3,IMPHASH=2E141727D197722A6B4AC2156D0E56E1\r\nParentProcessGuid: {85283F4F-746F-5A69-0000-0010E9BE0000}\r\nParentProcessId: 864\r\nParentImage: C:\\Windows\\System32\\svchost.exe\r\nParentCommandLine: C:\\WINDOWS\\system32\\svchost.exe -k DcomLaunch -p","Category":"Process Create (rule: ProcessCreate)","Opcode":"Info","UtcTime":"2018-01-29 06:25:29.394","ProcessGuid":"{85283F4F-BE59-5A6E-0000-00105FE89203}","Image":"C:\\Windows\\System32\\dllhost.exe","CommandLine":"C:\\WINDOWS\\system32\\DllHost.exe /Processid:{AB8902B4-09CA-4BB6-B78D-A8F59079A8D5}","CurrentDirectory":"C:\\WINDOWS\\system32\\","User":"DESKTOP-PPDS4VR\\q","LogonGuid":"{85283F4F-7471-5A69-0000-0020A6370200}","LogonId":"0x237a6","TerminalSessionId":"1","IntegrityLevel":"Medium","Hashes":"SHA1=C4BC5F9CA7342250474699BF59410A889AF3D738,MD5=5D94FA288F4BB230FE77BC67DE506257,SHA256=3652B86125C77D7DD9FD72FC597D7BDDFEF4C6C2EA27A992A0B9D44AEB32F6D3,IMPHASH=2E141727D197722A6B4AC2156D0E56E1","ParentProcessGuid":"{85283F4F-746F-5A69-0000-0010E9BE0000}","ParentProcessId":"864","ParentImage":"C:\\Windows\\System32\\svchost.exe","ParentCommandLine":"C:\\WINDOWS\\system32\\svchost.exe -k DcomLaunch -p","EventReceivedTime":"2018-01-29 14:25:31","SourceModuleName":"in","SourceModuleType":"im_msvistalog","DeviceVendor":"Microsoft","DeviceProduct":"EventLog"}
{"EventTime":"2018-01-29 14:25:31","Hostname":"DESKTOP-PPDS4VR","Keywords":-9223372036854775808,"EventType":"INFO","SeverityValue":2,"Severity":"INFO","EventID":2,"SourceName":"Microsoft-Windows-Sysmon","ProviderGuid":"{5770385F-C22A-43E0-BF4C-06F5698FFBD9}","Version":4,"Task":2,"OpcodeValue":0,"RecordNumber":32636,"ProcessID":3124,"ThreadID":5216,"Channel":"Microsoft-Windows-Sysmon/Operational","Domain":"NT AUTHORITY","AccountName":"SYSTEM","UserID":"S-1-5-18","AccountType":"User","Message":"File creation time changed:\r\nUtcTime: 2018-01-29 06:25:31.202\r\nProcessGuid: {85283F4F-BE57-5A6E-0000-0010349E9203}\r\nProcessId: 11884\r\nImage: C:\\Program Files\\Microsoft Office\\Office16\\EXCEL.EXE\r\nTargetFilename: C:\\Users\\q\\AppData\\Roaming\\Microsoft\\Excel\\E4087700\r\nCreationUtcTime: 2017-10-06 02:45:49.494\r\nPreviousCreationUtcTime: 2018-01-29 06:25:31.202","Category":"File creation time changed (rule: FileCreateTime)","Opcode":"Info","UtcTime":"2018-01-29 06:25:31.202","ProcessGuid":"{85283F4F-BE57-5A6E-0000-0010349E9203}","Image":"C:\\Program Files\\Microsoft Office\\Office16\\EXCEL.EXE","TargetFilename":"C:\\Users\\q\\AppData\\Roaming\\Microsoft\\Excel\\E4087700","CreationUtcTime":"2017-10-06 02:45:49.494","PreviousCreationUtcTime":"2018-01-29 06:25:31.202","EventReceivedTime":"2018-01-29 14:25:32","SourceModuleName":"in","SourceModuleType":"im_msvistalog","DeviceVendor":"Microsoft","DeviceProduct":"EventLog"}
{"EventTime":"2018-01-29 14:25:31","Hostname":"DESKTOP-PPDS4VR","Keywords":-9223372036854775808,"EventType":"INFO","SeverityValue":2,"Severity":"INFO","EventID":5,"SourceName":"Microsoft-Windows-Sysmon","ProviderGuid":"{5770385F-C22A-43E0-BF4C-06F5698FFBD9}","Version":3,"Task":5,"OpcodeValue":0,"RecordNumber":32637,"ProcessID":3124,"ThreadID":5216,"Channel":"Microsoft-Windows-Sysmon/Operational","Domain":"NT AUTHORITY","AccountName":"SYSTEM","UserID":"S-1-5-18","AccountType":"User","Message":"Process terminated:\r\nUtcTime: 2018-01-29 06:25:31.421\r\nProcessGuid: {85283F4F-BE57-5A6E-0000-0010349E9203}\r\nProcessId: 11884\r\nImage: C:\\Program Files\\Microsoft Office\\Office16\\EXCEL.EXE","Category":"Process terminated (rule: ProcessTerminate)","Opcode":"Info","UtcTime":"2018-01-29 06:25:31.421","ProcessGuid":"{85283F4F-BE57-5A6E-0000-0010349E9203}","Image":"C:\\Program Files\\Microsoft Office\\Office16\\EXCEL.EXE","EventReceivedTime":"2018-01-29 14:25:32","SourceModuleName":"in","SourceModuleType":"im_msvistalog","DeviceVendor":"Microsoft","DeviceProduct":"EventLog"}