{"EventTime":"2018-01-26 15:32:42","Hostname":"DESKTOP-PPDS4VR","Keywords":-9223372036854775808,"EventType":"INFO","SeverityValue":2,"Severity":"INFO","EventID":1,"SourceName":"Microsoft-Windows-Sysmon","ProviderGuid":"{5770385F-C22A-43E0-BF4C-06F5698FFBD9}","Version":5,"Task":1,"OpcodeValue":0,"RecordNumber":27773,"ProcessID":3124,"ThreadID":5216,"Channel":"Microsoft-Windows-Sysmon/Operational","Domain":"NT AUTHORITY","AccountName":"SYSTEM","UserID":"S-1-5-18","AccountType":"User","Message":"Process Create:\r\nUtcTime: 2018-01-26 07:32:42.621\r\nProcessGuid: {85283F4F-D99A-5A6A-0000-00100152D301}\r\nProcessId: 308\r\nImage: C:\\Windows\\System32\\rundll32.exe\r\nCommandLine: \"C:\\Windows\\System32\\rundll32.exe\" C:\\Users\\q\\Source\\Repos\\AllTheThings\\AllTheThings\\bin\\x86\\Release\\AllTheThings.dll, EntryPoint\r\nCurrentDirectory: C:\\WINDOWS\\system32\\\r\nUser: DESKTOP-PPDS4VR\\q\r\nLogonGuid: {85283F4F-7471-5A69-0000-0020A6370200}\r\nLogonId: 0x237A6\r\nTerminalSessionId: 1\r\nIntegrityLevel: Medium\r\nHashes: SHA1=1C99C20757B039D88F59B02B7753A730A90BF2AD,MD5=731A783A36A8E69A6434D19D98B12A09,SHA256=B1E6A7A3E2597E51836277A32B2BC61AA781C8F681D44DFDDEA618B32E2BF2A6,IMPHASH=0F98D54136FD27C5BFA52835D769B829\r\nParentProcessGuid: {85283F4F-7477-5A69-0000-00106FFD0600}\r\nParentProcessId: 6436\r\nParentImage: C:\\Windows\\explorer.exe\r\nParentCommandLine: C:\\WINDOWS\\Explorer.EXE","Category":"Process Create (rule: ProcessCreate)","Opcode":"Info","UtcTime":"2018-01-26 07:32:42.621","ProcessGuid":"{85283F4F-D99A-5A6A-0000-00100152D301}","Image":"C:\\Windows\\System32\\rundll32.exe","CommandLine":"\"C:\\Windows\\System32\\rundll32.exe\" C:\\Users\\q\\Source\\Repos\\AllTheThings\\AllTheThings\\bin\\x86\\Release\\AllTheThings.dll, EntryPoint","CurrentDirectory":"C:\\WINDOWS\\system32\\","User":"DESKTOP-PPDS4VR\\q","LogonGuid":"{85283F4F-7471-5A69-0000-0020A6370200}","LogonId":"0x237a6","TerminalSessionId":"1","IntegrityLevel":"Medium","Hashes":"SHA1=1C99C20757B039D88F59B02B7753A730A90BF2AD,MD5=731A783A36A8E69A6434D19D98B12A09,SHA256=B1E6A7A3E2597E51836277A32B2BC61AA781C8F681D44DFDDEA618B32E2BF2A6,IMPHASH=0F98D54136FD27C5BFA52835D769B829","ParentProcessGuid":"{85283F4F-7477-5A69-0000-00106FFD0600}","ParentProcessId":"6436","ParentImage":"C:\\Windows\\explorer.exe","ParentCommandLine":"C:\\WINDOWS\\Explorer.EXE","EventReceivedTime":"2018-01-26 15:32:44","SourceModuleName":"in","SourceModuleType":"im_msvistalog","DeviceVendor":"Microsoft","DeviceProduct":"EventLog"}
{"EventTime":"2018-01-26 15:32:42","Hostname":"DESKTOP-PPDS4VR","Keywords":-9223372036854775808,"EventType":"INFO","SeverityValue":2,"Severity":"INFO","EventID":1,"SourceName":"Microsoft-Windows-Sysmon","ProviderGuid":"{5770385F-C22A-43E0-BF4C-06F5698FFBD9}","Version":5,"Task":1,"OpcodeValue":0,"RecordNumber":27774,"ProcessID":3124,"ThreadID":5216,"Channel":"Microsoft-Windows-Sysmon/Operational","Domain":"NT AUTHORITY","AccountName":"SYSTEM","UserID":"S-1-5-18","AccountType":"User","Message":"Process Create:\r\nUtcTime: 2018-01-26 07:32:42.681\r\nProcessGuid: {85283F4F-D99A-5A6A-0000-0010CF53D301}\r\nProcessId: 9376\r\nImage: C:\\Windows\\SysWOW64\\rundll32.exe\r\nCommandLine: \"C:\\Windows\\System32\\rundll32.exe\" C:\\Users\\q\\Source\\Repos\\AllTheThings\\AllTheThings\\bin\\x86\\Release\\AllTheThings.dll, EntryPoint\r\nCurrentDirectory: C:\\WINDOWS\\system32\\\r\nUser: DESKTOP-PPDS4VR\\q\r\nLogonGuid: {85283F4F-7471-5A69-0000-0020A6370200}\r\nLogonId: 0x237A6\r\nTerminalSessionId: 1\r\nIntegrityLevel: Medium\r\nHashes: SHA1=620C1913EB3BAC6D0261EBB081BBBF3D71858C06,MD5=BFEF0511D30F8866AF6595FC21460856,SHA256=DE51BAE08FD7318C988EF54511B5C08D8C3D9BBB2FC03D76D97116A79AFB9E81,IMPHASH=2A25F7F2425C483BD69C569F1C5EB38A\r\nParentProcessGuid: {85283F4F-D99A-5A6A-0000-00100152D301}\r\nParentProcessId: 308\r\nParentImage: C:\\Windows\\System32\\rundll32.exe\r\nParentCommandLine: \"C:\\Windows\\System32\\rundll32.exe\" C:\\Users\\q\\Source\\Repos\\AllTheThings\\AllTheThings\\bin\\x86\\Release\\AllTheThings.dll, EntryPoint","Category":"Process Create (rule: ProcessCreate)","Opcode":"Info","UtcTime":"2018-01-26 07:32:42.681","ProcessGuid":"{85283F4F-D99A-5A6A-0000-0010CF53D301}","Image":"C:\\Windows\\SysWOW64\\rundll32.exe","CommandLine":"\"C:\\Windows\\System32\\rundll32.exe\" C:\\Users\\q\\Source\\Repos\\AllTheThings\\AllTheThings\\bin\\x86\\Release\\AllTheThings.dll, EntryPoint","CurrentDirectory":"C:\\WINDOWS\\system32\\","User":"DESKTOP-PPDS4VR\\q","LogonGuid":"{85283F4F-7471-5A69-0000-0020A6370200}","LogonId":"0x237a6","TerminalSessionId":"1","IntegrityLevel":"Medium","Hashes":"SHA1=620C1913EB3BAC6D0261EBB081BBBF3D71858C06,MD5=BFEF0511D30F8866AF6595FC21460856,SHA256=DE51BAE08FD7318C988EF54511B5C08D8C3D9BBB2FC03D76D97116A79AFB9E81,IMPHASH=2A25F7F2425C483BD69C569F1C5EB38A","ParentProcessGuid":"{85283F4F-D99A-5A6A-0000-00100152D301}","ParentProcessId":"308","ParentImage":"C:\\Windows\\System32\\rundll32.exe","ParentCommandLine":"\"C:\\Windows\\System32\\rundll32.exe\" C:\\Users\\q\\Source\\Repos\\AllTheThings\\AllTheThings\\bin\\x86\\Release\\AllTheThings.dll, EntryPoint","EventReceivedTime":"2018-01-26 15:32:44","SourceModuleName":"in","SourceModuleType":"im_msvistalog","DeviceVendor":"Microsoft","DeviceProduct":"EventLog"}
{"EventTime":"2018-01-26 15:32:44","Hostname":"DESKTOP-PPDS4VR","Keywords":-9223372036854775808,"EventType":"INFO","SeverityValue":2,"Severity":"INFO","EventID":3,"SourceName":"Microsoft-Windows-Sysmon","ProviderGuid":"{5770385F-C22A-43E0-BF4C-06F5698FFBD9}","Version":5,"Task":3,"OpcodeValue":0,"RecordNumber":27775,"ProcessID":3124,"ThreadID":5240,"Channel":"Microsoft-Windows-Sysmon/Operational","Domain":"NT AUTHORITY","AccountName":"SYSTEM","UserID":"S-1-5-18","AccountType":"User","Message":"Network connection detected:\r\nUtcTime: 2018-01-26 07:32:43.669\r\nProcessGuid: {85283F4F-D99A-5A6A-0000-0010CF53D301}\r\nProcessId: 9376\r\nImage: C:\\Windows\\SysWOW64\\rundll32.exe\r\nUser: DESKTOP-PPDS4VR\\q\r\nProtocol: tcp\r\nInitiated: true\r\nSourceIsIpv6: false\r\nSourceIp: 192.168.181.221\r\nSourceHostname: DESKTOP-PPDS4VR.localdomain\r\nSourcePort: 50402\r\nSourcePortName: \r\nDestinationIsIpv6: false\r\nDestinationIp: 192.168.181.197\r\nDestinationHostname: \r\nDestinationPort: 443\r\nDestinationPortName: https","Category":"Network connection detected (rule: NetworkConnect)","Opcode":"Info","UtcTime":"2018-01-26 07:32:43.669","ProcessGuid":"{85283F4F-D99A-5A6A-0000-0010CF53D301}","Image":"C:\\Windows\\SysWOW64\\rundll32.exe","User":"DESKTOP-PPDS4VR\\q","Protocol":"tcp","Initiated":"true","SourceIsIpv6":"false","SourceIp":"192.168.181.221","SourceHostname":"DESKTOP-PPDS4VR.localdomain","SourcePort":"50402","DestinationIsIpv6":"false","DestinationIp":"192.168.181.197","DestinationPort":"443","DestinationPortName":"https","EventReceivedTime":"2018-01-26 15:32:46","SourceModuleName":"in","SourceModuleType":"im_msvistalog","DeviceVendor":"Microsoft","DeviceProduct":"EventLog"}
{"EventTime":"2018-01-26 15:32:45","Hostname":"DESKTOP-PPDS4VR","Keywords":-9223372036854775808,"EventType":"INFO","SeverityValue":2,"Severity":"INFO","EventID":3,"SourceName":"Microsoft-Windows-Sysmon","ProviderGuid":"{5770385F-C22A-43E0-BF4C-06F5698FFBD9}","Version":5,"Task":3,"OpcodeValue":0,"RecordNumber":27776,"ProcessID":3124,"ThreadID":5240,"Channel":"Microsoft-Windows-Sysmon/Operational","Domain":"NT AUTHORITY","AccountName":"SYSTEM","UserID":"S-1-5-18","AccountType":"User","Message":"Network connection detected:\r\nUtcTime: 2018-01-26 07:32:44.794\r\nProcessGuid: {85283F4F-D99A-5A6A-0000-0010CF53D301}\r\nProcessId: 9376\r\nImage: C:\\Windows\\SysWOW64\\rundll32.exe\r\nUser: DESKTOP-PPDS4VR\\q\r\nProtocol: tcp\r\nInitiated: true\r\nSourceIsIpv6: false\r\nSourceIp: 192.168.181.221\r\nSourceHostname: DESKTOP-PPDS4VR.localdomain\r\nSourcePort: 50403\r\nSourcePortName: \r\nDestinationIsIpv6: false\r\nDestinationIp: 192.168.181.197\r\nDestinationHostname: \r\nDestinationPort: 443\r\nDestinationPortName: https","Category":"Network connection detected (rule: NetworkConnect)","Opcode":"Info","UtcTime":"2018-01-26 07:32:44.794","ProcessGuid":"{85283F4F-D99A-5A6A-0000-0010CF53D301}","Image":"C:\\Windows\\SysWOW64\\rundll32.exe","User":"DESKTOP-PPDS4VR\\q","Protocol":"tcp","Initiated":"true","SourceIsIpv6":"false","SourceIp":"192.168.181.221","SourceHostname":"DESKTOP-PPDS4VR.localdomain","SourcePort":"50403","DestinationIsIpv6":"false","DestinationIp":"192.168.181.197","DestinationPort":"443","DestinationPortName":"https","EventReceivedTime":"2018-01-26 15:32:47","SourceModuleName":"in","SourceModuleType":"im_msvistalog","DeviceVendor":"Microsoft","DeviceProduct":"EventLog"}
