{"EventTime":"2018-01-30 14:54:53","Hostname":"DESKTOP-PPDS4VR","Keywords":-9223372036854775808,"EventType":"INFO","SeverityValue":2,"Severity":"INFO","EventID":1,"SourceName":"Microsoft-Windows-Sysmon","ProviderGuid":"{5770385F-C22A-43E0-BF4C-06F5698FFBD9}","Version":5,"Task":1,"OpcodeValue":0,"RecordNumber":36862,"ProcessID":3840,"ThreadID":11952,"Channel":"Microsoft-Windows-Sysmon/Operational","Domain":"NT AUTHORITY","AccountName":"SYSTEM","UserID":"S-1-5-18","AccountType":"User","Message":"Process Create:\r\nUtcTime: 2018-01-30 06:54:53.735\r\nProcessGuid: {85283F4F-16BD-5A70-0000-0010CB31C404}\r\nProcessId: 10088\r\nImage: C:\\Program Files\\Microsoft Office\\Office16\\POWERPNT.EXE\r\nFileVersion: 16.0.4266.1001\r\nDescription: Microsoft PowerPoint\r\nProduct: Microsoft Office 2016\r\nCompany: Microsoft Corporation\r\nCommandLine: \"C:\\Program Files\\Microsoft Office\\Office16\\POWERPNT.EXE\" \"C:\\Users\\q\\Desktop\\hello.pptx\" /ou \"\"\r\nCurrentDirectory: C:\\Users\\q\\Desktop\\\r\nUser: DESKTOP-PPDS4VR\\q\r\nLogonGuid: {85283F4F-7471-5A69-0000-0020A6370200}\r\nLogonId: 0x237A6\r\nTerminalSessionId: 1\r\nIntegrityLevel: Medium\r\nHashes: MD5=A4005FD7789D2A1B8B0AE89E156C911B,SHA256=A57633850B4F82F842144B3758D1FC2D2DD71FB15036BAC642AA81BD32004A55\r\nParentProcessGuid: {85283F4F-7477-5A69-0000-00106FFD0600}\r\nParentProcessId: 6436\r\nParentImage: C:\\Windows\\explorer.exe\r\nParentCommandLine: C:\\WINDOWS\\Explorer.EXE","Category":"Process Create (rule: ProcessCreate)","Opcode":"Info","UtcTime":"2018-01-30 06:54:53.735","ProcessGuid":"{85283F4F-16BD-5A70-0000-0010CB31C404}","Image":"C:\\Program Files\\Microsoft Office\\Office16\\POWERPNT.EXE","FileVersion":"16.0.4266.1001","Description":"Microsoft PowerPoint","Product":"Microsoft Office 2016","Company":"Microsoft Corporation","CommandLine":"\"C:\\Program Files\\Microsoft Office\\Office16\\POWERPNT.EXE\" \"C:\\Users\\q\\Desktop\\hello.pptx\" /ou \"\"","CurrentDirectory":"C:\\Users\\q\\Desktop\\","User":"DESKTOP-PPDS4VR\\q","LogonGuid":"{85283F4F-7471-5A69-0000-0020A6370200}","LogonId":"0x237a6","TerminalSessionId":"1","IntegrityLevel":"Medium","Hashes":"MD5=A4005FD7789D2A1B8B0AE89E156C911B,SHA256=A57633850B4F82F842144B3758D1FC2D2DD71FB15036BAC642AA81BD32004A55","ParentProcessGuid":"{85283F4F-7477-5A69-0000-00106FFD0600}","ParentProcessId":"6436","ParentImage":"C:\\Windows\\explorer.exe","ParentCommandLine":"C:\\WINDOWS\\Explorer.EXE","EventReceivedTime":"2018-01-30 14:58:53","SourceModuleName":"in","SourceModuleType":"im_msvistalog","DeviceVendor":"Microsoft","DeviceProduct":"EventLog"}
{"EventTime":"2018-01-30 14:55:11","Hostname":"DESKTOP-PPDS4VR","Keywords":-9223372036854775808,"EventType":"INFO","SeverityValue":2,"Severity":"INFO","EventID":1,"SourceName":"Microsoft-Windows-Sysmon","ProviderGuid":"{5770385F-C22A-43E0-BF4C-06F5698FFBD9}","Version":5,"Task":1,"OpcodeValue":0,"RecordNumber":36863,"ProcessID":3840,"ThreadID":11952,"Channel":"Microsoft-Windows-Sysmon/Operational","Domain":"NT AUTHORITY","AccountName":"SYSTEM","UserID":"S-1-5-18","AccountType":"User","Message":"Process Create:\r\nUtcTime: 2018-01-30 06:55:11.405\r\nProcessGuid: {85283F4F-16CF-5A70-0000-0010AA0DC504}\r\nProcessId: 13936\r\nImage: C:\\Program Files\\Microsoft Office\\Office16\\POWERPNT.EXE\r\nFileVersion: 16.0.4266.1001\r\nDescription: Microsoft PowerPoint\r\nProduct: Microsoft Office 2016\r\nCompany: Microsoft Corporation\r\nCommandLine: \"C:\\Program Files\\Microsoft Office\\Office16\\POWERPNT.EXE\" \"C:\\Users\\q\\Desktop\\hello.pptx\" /ou \"\"\r\nCurrentDirectory: C:\\Users\\q\\Desktop\\\r\nUser: DESKTOP-PPDS4VR\\q\r\nLogonGuid: {85283F4F-7471-5A69-0000-0020A6370200}\r\nLogonId: 0x237A6\r\nTerminalSessionId: 1\r\nIntegrityLevel: Medium\r\nHashes: MD5=A4005FD7789D2A1B8B0AE89E156C911B,SHA256=A57633850B4F82F842144B3758D1FC2D2DD71FB15036BAC642AA81BD32004A55\r\nParentProcessGuid: {85283F4F-7477-5A69-0000-00106FFD0600}\r\nParentProcessId: 6436\r\nParentImage: C:\\Windows\\explorer.exe\r\nParentCommandLine: C:\\WINDOWS\\Explorer.EXE","Category":"Process Create (rule: ProcessCreate)","Opcode":"Info","UtcTime":"2018-01-30 06:55:11.405","ProcessGuid":"{85283F4F-16CF-5A70-0000-0010AA0DC504}","Image":"C:\\Program Files\\Microsoft Office\\Office16\\POWERPNT.EXE","FileVersion":"16.0.4266.1001","Description":"Microsoft PowerPoint","Product":"Microsoft Office 2016","Company":"Microsoft Corporation","CommandLine":"\"C:\\Program Files\\Microsoft Office\\Office16\\POWERPNT.EXE\" \"C:\\Users\\q\\Desktop\\hello.pptx\" /ou \"\"","CurrentDirectory":"C:\\Users\\q\\Desktop\\","User":"DESKTOP-PPDS4VR\\q","LogonGuid":"{85283F4F-7471-5A69-0000-0020A6370200}","LogonId":"0x237a6","TerminalSessionId":"1","IntegrityLevel":"Medium","Hashes":"MD5=A4005FD7789D2A1B8B0AE89E156C911B,SHA256=A57633850B4F82F842144B3758D1FC2D2DD71FB15036BAC642AA81BD32004A55","ParentProcessGuid":"{85283F4F-7477-5A69-0000-00106FFD0600}","ParentProcessId":"6436","ParentImage":"C:\\Windows\\explorer.exe","ParentCommandLine":"C:\\WINDOWS\\Explorer.EXE","EventReceivedTime":"2018-01-30 14:58:53","SourceModuleName":"in","SourceModuleType":"im_msvistalog","DeviceVendor":"Microsoft","DeviceProduct":"EventLog"}
{"EventTime":"2018-01-30 14:55:27","Hostname":"DESKTOP-PPDS4VR","Keywords":-9223372036854775808,"EventType":"INFO","SeverityValue":2,"Severity":"INFO","EventID":1,"SourceName":"Microsoft-Windows-Sysmon","ProviderGuid":"{5770385F-C22A-43E0-BF4C-06F5698FFBD9}","Version":5,"Task":1,"OpcodeValue":0,"RecordNumber":36864,"ProcessID":3840,"ThreadID":11952,"Channel":"Microsoft-Windows-Sysmon/Operational","Domain":"NT AUTHORITY","AccountName":"SYSTEM","UserID":"S-1-5-18","AccountType":"User","Message":"Process Create:\r\nUtcTime: 2018-01-30 06:55:26.998\r\nProcessGuid: {85283F4F-16DE-5A70-0000-0010CA81C504}\r\nProcessId: 11612\r\nImage: C:\\Windows\\System32\\rundll32.exe\r\nFileVersion: 10.0.16299.15 (WinBuild.160101.0800)\r\nDescription: Windows host process (Rundll32)\r\nProduct: Microsoft® Windows® Operating System\r\nCompany: Microsoft Corporation\r\nCommandLine: \"C:\\Windows\\System32\\rundll32.exe\"  C:\\Users\\q\\Source\\Repos\\AllTheThings\\AllTheThings\\bin\\x86\\Release\\AllTheThings.dll, EntryPoint\r\nCurrentDirectory: C:\\Users\\q\\Documents\\\r\nUser: DESKTOP-PPDS4VR\\q\r\nLogonGuid: {85283F4F-7471-5A69-0000-0020A6370200}\r\nLogonId: 0x237A6\r\nTerminalSessionId: 1\r\nIntegrityLevel: Medium\r\nHashes: MD5=731A783A36A8E69A6434D19D98B12A09,SHA256=B1E6A7A3E2597E51836277A32B2BC61AA781C8F681D44DFDDEA618B32E2BF2A6\r\nParentProcessGuid: {85283F4F-16CF-5A70-0000-0010AA0DC504}\r\nParentProcessId: 13936\r\nParentImage: C:\\Program Files\\Microsoft Office\\Office16\\POWERPNT.EXE\r\nParentCommandLine: \"C:\\Program Files\\Microsoft Office\\Office16\\POWERPNT.EXE\" \"C:\\Users\\q\\Desktop\\hello.pptx\" /ou \"\"","Category":"Process Create (rule: ProcessCreate)","Opcode":"Info","UtcTime":"2018-01-30 06:55:26.998","ProcessGuid":"{85283F4F-16DE-5A70-0000-0010CA81C504}","Image":"C:\\Windows\\System32\\rundll32.exe","FileVersion":"10.0.16299.15 (WinBuild.160101.0800)","Description":"Windows host process (Rundll32)","Product":"Microsoft® Windows® Operating System","Company":"Microsoft Corporation","CommandLine":"\"C:\\Windows\\System32\\rundll32.exe\"  C:\\Users\\q\\Source\\Repos\\AllTheThings\\AllTheThings\\bin\\x86\\Release\\AllTheThings.dll, EntryPoint","CurrentDirectory":"C:\\Users\\q\\Documents\\","User":"DESKTOP-PPDS4VR\\q","LogonGuid":"{85283F4F-7471-5A69-0000-0020A6370200}","LogonId":"0x237a6","TerminalSessionId":"1","IntegrityLevel":"Medium","Hashes":"MD5=731A783A36A8E69A6434D19D98B12A09,SHA256=B1E6A7A3E2597E51836277A32B2BC61AA781C8F681D44DFDDEA618B32E2BF2A6","ParentProcessGuid":"{85283F4F-16CF-5A70-0000-0010AA0DC504}","ParentProcessId":"13936","ParentImage":"C:\\Program Files\\Microsoft Office\\Office16\\POWERPNT.EXE","ParentCommandLine":"\"C:\\Program Files\\Microsoft Office\\Office16\\POWERPNT.EXE\" \"C:\\Users\\q\\Desktop\\hello.pptx\" /ou \"\"","EventReceivedTime":"2018-01-30 14:58:53","SourceModuleName":"in","SourceModuleType":"im_msvistalog","DeviceVendor":"Microsoft","DeviceProduct":"EventLog"}
{"EventTime":"2018-01-30 14:55:27","Hostname":"DESKTOP-PPDS4VR","Keywords":-9223372036854775808,"EventType":"INFO","SeverityValue":2,"Severity":"INFO","EventID":1,"SourceName":"Microsoft-Windows-Sysmon","ProviderGuid":"{5770385F-C22A-43E0-BF4C-06F5698FFBD9}","Version":5,"Task":1,"OpcodeValue":0,"RecordNumber":36865,"ProcessID":3840,"ThreadID":11952,"Channel":"Microsoft-Windows-Sysmon/Operational","Domain":"NT AUTHORITY","AccountName":"SYSTEM","UserID":"S-1-5-18","AccountType":"User","Message":"Process Create:\r\nUtcTime: 2018-01-30 06:55:27.030\r\nProcessGuid: {85283F4F-16DF-5A70-0000-00108F83C504}\r\nProcessId: 13612\r\nImage: C:\\Windows\\SysWOW64\\rundll32.exe\r\nFileVersion: 10.0.16299.15 (WinBuild.160101.0800)\r\nDescription: Windows host process (Rundll32)\r\nProduct: Microsoft® Windows® Operating System\r\nCompany: Microsoft Corporation\r\nCommandLine: \"C:\\Windows\\System32\\rundll32.exe\"  C:\\Users\\q\\Source\\Repos\\AllTheThings\\AllTheThings\\bin\\x86\\Release\\AllTheThings.dll, EntryPoint\r\nCurrentDirectory: C:\\Users\\q\\Documents\\\r\nUser: DESKTOP-PPDS4VR\\q\r\nLogonGuid: {85283F4F-7471-5A69-0000-0020A6370200}\r\nLogonId: 0x237A6\r\nTerminalSessionId: 1\r\nIntegrityLevel: Medium\r\nHashes: MD5=BFEF0511D30F8866AF6595FC21460856,SHA256=DE51BAE08FD7318C988EF54511B5C08D8C3D9BBB2FC03D76D97116A79AFB9E81\r\nParentProcessGuid: {85283F4F-16DE-5A70-0000-0010CA81C504}\r\nParentProcessId: 11612\r\nParentImage: C:\\Windows\\System32\\rundll32.exe\r\nParentCommandLine: \"C:\\Windows\\System32\\rundll32.exe\"  C:\\Users\\q\\Source\\Repos\\AllTheThings\\AllTheThings\\bin\\x86\\Release\\AllTheThings.dll, EntryPoint","Category":"Process Create (rule: ProcessCreate)","Opcode":"Info","UtcTime":"2018-01-30 06:55:27.030","ProcessGuid":"{85283F4F-16DF-5A70-0000-00108F83C504}","Image":"C:\\Windows\\SysWOW64\\rundll32.exe","FileVersion":"10.0.16299.15 (WinBuild.160101.0800)","Description":"Windows host process (Rundll32)","Product":"Microsoft® Windows® Operating System","Company":"Microsoft Corporation","CommandLine":"\"C:\\Windows\\System32\\rundll32.exe\"  C:\\Users\\q\\Source\\Repos\\AllTheThings\\AllTheThings\\bin\\x86\\Release\\AllTheThings.dll, EntryPoint","CurrentDirectory":"C:\\Users\\q\\Documents\\","User":"DESKTOP-PPDS4VR\\q","LogonGuid":"{85283F4F-7471-5A69-0000-0020A6370200}","LogonId":"0x237a6","TerminalSessionId":"1","IntegrityLevel":"Medium","Hashes":"MD5=BFEF0511D30F8866AF6595FC21460856,SHA256=DE51BAE08FD7318C988EF54511B5C08D8C3D9BBB2FC03D76D97116A79AFB9E81","ParentProcessGuid":"{85283F4F-16DE-5A70-0000-0010CA81C504}","ParentProcessId":"11612","ParentImage":"C:\\Windows\\System32\\rundll32.exe","ParentCommandLine":"\"C:\\Windows\\System32\\rundll32.exe\"  C:\\Users\\q\\Source\\Repos\\AllTheThings\\AllTheThings\\bin\\x86\\Release\\AllTheThings.dll, EntryPoint","EventReceivedTime":"2018-01-30 14:58:53","SourceModuleName":"in","SourceModuleType":"im_msvistalog","DeviceVendor":"Microsoft","DeviceProduct":"EventLog"}
{"EventTime":"2018-01-30 14:55:28","Hostname":"DESKTOP-PPDS4VR","Keywords":-9223372036854775808,"EventType":"INFO","SeverityValue":2,"Severity":"INFO","EventID":1,"SourceName":"Microsoft-Windows-Sysmon","ProviderGuid":"{5770385F-C22A-43E0-BF4C-06F5698FFBD9}","Version":5,"Task":1,"OpcodeValue":0,"RecordNumber":36866,"ProcessID":3840,"ThreadID":11952,"Channel":"Microsoft-Windows-Sysmon/Operational","Domain":"NT AUTHORITY","AccountName":"SYSTEM","UserID":"S-1-5-18","AccountType":"User","Message":"Process Create:\r\nUtcTime: 2018-01-30 06:55:28.746\r\nProcessGuid: {85283F4F-16E0-5A70-0000-00100D96C504}\r\nProcessId: 5496\r\nImage: C:\\Windows\\System32\\rundll32.exe\r\nFileVersion: 10.0.16299.15 (WinBuild.160101.0800)\r\nDescription: Windows host process (Rundll32)\r\nProduct: Microsoft® Windows® Operating System\r\nCompany: Microsoft Corporation\r\nCommandLine: \"C:\\Windows\\System32\\rundll32.exe\"  C:\\Users\\q\\Source\\Repos\\AllTheThings\\AllTheThings\\bin\\x86\\Release\\AllTheThings.dll, EntryPoint\r\nCurrentDirectory: C:\\Users\\q\\Documents\\\r\nUser: DESKTOP-PPDS4VR\\q\r\nLogonGuid: {85283F4F-7471-5A69-0000-0020A6370200}\r\nLogonId: 0x237A6\r\nTerminalSessionId: 1\r\nIntegrityLevel: Medium\r\nHashes: MD5=731A783A36A8E69A6434D19D98B12A09,SHA256=B1E6A7A3E2597E51836277A32B2BC61AA781C8F681D44DFDDEA618B32E2BF2A6\r\nParentProcessGuid: {85283F4F-16CF-5A70-0000-0010AA0DC504}\r\nParentProcessId: 13936\r\nParentImage: C:\\Program Files\\Microsoft Office\\Office16\\POWERPNT.EXE\r\nParentCommandLine: \"C:\\Program Files\\Microsoft Office\\Office16\\POWERPNT.EXE\" \"C:\\Users\\q\\Desktop\\hello.pptx\" /ou \"\"","Category":"Process Create (rule: ProcessCreate)","Opcode":"Info","UtcTime":"2018-01-30 06:55:28.746","ProcessGuid":"{85283F4F-16E0-5A70-0000-00100D96C504}","Image":"C:\\Windows\\System32\\rundll32.exe","FileVersion":"10.0.16299.15 (WinBuild.160101.0800)","Description":"Windows host process (Rundll32)","Product":"Microsoft® Windows® Operating System","Company":"Microsoft Corporation","CommandLine":"\"C:\\Windows\\System32\\rundll32.exe\"  C:\\Users\\q\\Source\\Repos\\AllTheThings\\AllTheThings\\bin\\x86\\Release\\AllTheThings.dll, EntryPoint","CurrentDirectory":"C:\\Users\\q\\Documents\\","User":"DESKTOP-PPDS4VR\\q","LogonGuid":"{85283F4F-7471-5A69-0000-0020A6370200}","LogonId":"0x237a6","TerminalSessionId":"1","IntegrityLevel":"Medium","Hashes":"MD5=731A783A36A8E69A6434D19D98B12A09,SHA256=B1E6A7A3E2597E51836277A32B2BC61AA781C8F681D44DFDDEA618B32E2BF2A6","ParentProcessGuid":"{85283F4F-16CF-5A70-0000-0010AA0DC504}","ParentProcessId":"13936","ParentImage":"C:\\Program Files\\Microsoft Office\\Office16\\POWERPNT.EXE","ParentCommandLine":"\"C:\\Program Files\\Microsoft Office\\Office16\\POWERPNT.EXE\" \"C:\\Users\\q\\Desktop\\hello.pptx\" /ou \"\"","EventReceivedTime":"2018-01-30 14:58:53","SourceModuleName":"in","SourceModuleType":"im_msvistalog","DeviceVendor":"Microsoft","DeviceProduct":"EventLog"}
{"EventTime":"2018-01-30 14:55:28","Hostname":"DESKTOP-PPDS4VR","Keywords":-9223372036854775808,"EventType":"INFO","SeverityValue":2,"Severity":"INFO","EventID":1,"SourceName":"Microsoft-Windows-Sysmon","ProviderGuid":"{5770385F-C22A-43E0-BF4C-06F5698FFBD9}","Version":5,"Task":1,"OpcodeValue":0,"RecordNumber":36867,"ProcessID":3840,"ThreadID":11952,"Channel":"Microsoft-Windows-Sysmon/Operational","Domain":"NT AUTHORITY","AccountName":"SYSTEM","UserID":"S-1-5-18","AccountType":"User","Message":"Process Create:\r\nUtcTime: 2018-01-30 06:55:28.761\r\nProcessGuid: {85283F4F-16E0-5A70-0000-0010E997C504}\r\nProcessId: 13540\r\nImage: C:\\Windows\\SysWOW64\\rundll32.exe\r\nFileVersion: 10.0.16299.15 (WinBuild.160101.0800)\r\nDescription: Windows host process (Rundll32)\r\nProduct: Microsoft® Windows® Operating System\r\nCompany: Microsoft Corporation\r\nCommandLine: \"C:\\Windows\\System32\\rundll32.exe\"  C:\\Users\\q\\Source\\Repos\\AllTheThings\\AllTheThings\\bin\\x86\\Release\\AllTheThings.dll, EntryPoint\r\nCurrentDirectory: C:\\Users\\q\\Documents\\\r\nUser: DESKTOP-PPDS4VR\\q\r\nLogonGuid: {85283F4F-7471-5A69-0000-0020A6370200}\r\nLogonId: 0x237A6\r\nTerminalSessionId: 1\r\nIntegrityLevel: Medium\r\nHashes: MD5=BFEF0511D30F8866AF6595FC21460856,SHA256=DE51BAE08FD7318C988EF54511B5C08D8C3D9BBB2FC03D76D97116A79AFB9E81\r\nParentProcessGuid: {85283F4F-16E0-5A70-0000-00100D96C504}\r\nParentProcessId: 5496\r\nParentImage: C:\\Windows\\System32\\rundll32.exe\r\nParentCommandLine: \"C:\\Windows\\System32\\rundll32.exe\"  C:\\Users\\q\\Source\\Repos\\AllTheThings\\AllTheThings\\bin\\x86\\Release\\AllTheThings.dll, EntryPoint","Category":"Process Create (rule: ProcessCreate)","Opcode":"Info","UtcTime":"2018-01-30 06:55:28.761","ProcessGuid":"{85283F4F-16E0-5A70-0000-0010E997C504}","Image":"C:\\Windows\\SysWOW64\\rundll32.exe","FileVersion":"10.0.16299.15 (WinBuild.160101.0800)","Description":"Windows host process (Rundll32)","Product":"Microsoft® Windows® Operating System","Company":"Microsoft Corporation","CommandLine":"\"C:\\Windows\\System32\\rundll32.exe\"  C:\\Users\\q\\Source\\Repos\\AllTheThings\\AllTheThings\\bin\\x86\\Release\\AllTheThings.dll, EntryPoint","CurrentDirectory":"C:\\Users\\q\\Documents\\","User":"DESKTOP-PPDS4VR\\q","LogonGuid":"{85283F4F-7471-5A69-0000-0020A6370200}","LogonId":"0x237a6","TerminalSessionId":"1","IntegrityLevel":"Medium","Hashes":"MD5=BFEF0511D30F8866AF6595FC21460856,SHA256=DE51BAE08FD7318C988EF54511B5C08D8C3D9BBB2FC03D76D97116A79AFB9E81","ParentProcessGuid":"{85283F4F-16E0-5A70-0000-00100D96C504}","ParentProcessId":"5496","ParentImage":"C:\\Windows\\System32\\rundll32.exe","ParentCommandLine":"\"C:\\Windows\\System32\\rundll32.exe\"  C:\\Users\\q\\Source\\Repos\\AllTheThings\\AllTheThings\\bin\\x86\\Release\\AllTheThings.dll, EntryPoint","EventReceivedTime":"2018-01-30 14:58:53","SourceModuleName":"in","SourceModuleType":"im_msvistalog","DeviceVendor":"Microsoft","DeviceProduct":"EventLog"}
{"EventTime":"2018-01-30 14:55:28","Hostname":"DESKTOP-PPDS4VR","Keywords":-9223372036854775808,"EventType":"INFO","SeverityValue":2,"Severity":"INFO","EventID":3,"SourceName":"Microsoft-Windows-Sysmon","ProviderGuid":"{5770385F-C22A-43E0-BF4C-06F5698FFBD9}","Version":5,"Task":3,"OpcodeValue":0,"RecordNumber":36868,"ProcessID":3840,"ThreadID":14736,"Channel":"Microsoft-Windows-Sysmon/Operational","Domain":"NT AUTHORITY","AccountName":"SYSTEM","UserID":"S-1-5-18","AccountType":"User","Message":"Network connection detected:\r\nUtcTime: 2018-01-30 06:55:27.385\r\nProcessGuid: {85283F4F-16DF-5A70-0000-00108F83C504}\r\nProcessId: 13612\r\nImage: C:\\Windows\\SysWOW64\\rundll32.exe\r\nUser: DESKTOP-PPDS4VR\\q\r\nProtocol: tcp\r\nInitiated: true\r\nSourceIsIpv6: false\r\nSourceIp: 192.168.181.220\r\nSourceHostname: DESKTOP-PPDS4VR.localdomain\r\nSourcePort: 52797\r\nSourcePortName: \r\nDestinationIsIpv6: false\r\nDestinationIp: 192.168.181.197\r\nDestinationHostname: \r\nDestinationPort: 443\r\nDestinationPortName: https","Category":"Network connection detected (rule: NetworkConnect)","Opcode":"Info","UtcTime":"2018-01-30 06:55:27.385","ProcessGuid":"{85283F4F-16DF-5A70-0000-00108F83C504}","Image":"C:\\Windows\\SysWOW64\\rundll32.exe","User":"DESKTOP-PPDS4VR\\q","Protocol":"tcp","Initiated":"true","SourceIsIpv6":"false","SourceIp":"192.168.181.220","SourceHostname":"DESKTOP-PPDS4VR.localdomain","SourcePort":"52797","DestinationIsIpv6":"false","DestinationIp":"192.168.181.197","DestinationPort":"443","DestinationPortName":"https","EventReceivedTime":"2018-01-30 14:58:53","SourceModuleName":"in","SourceModuleType":"im_msvistalog","DeviceVendor":"Microsoft","DeviceProduct":"EventLog"}
{"EventTime":"2018-01-30 14:55:29","Hostname":"DESKTOP-PPDS4VR","Keywords":-9223372036854775808,"EventType":"INFO","SeverityValue":2,"Severity":"INFO","EventID":3,"SourceName":"Microsoft-Windows-Sysmon","ProviderGuid":"{5770385F-C22A-43E0-BF4C-06F5698FFBD9}","Version":5,"Task":3,"OpcodeValue":0,"RecordNumber":36869,"ProcessID":3840,"ThreadID":14736,"Channel":"Microsoft-Windows-Sysmon/Operational","Domain":"NT AUTHORITY","AccountName":"SYSTEM","UserID":"S-1-5-18","AccountType":"User","Message":"Network connection detected:\r\nUtcTime: 2018-01-30 06:55:28.597\r\nProcessGuid: {85283F4F-16DF-5A70-0000-00108F83C504}\r\nProcessId: 13612\r\nImage: C:\\Windows\\SysWOW64\\rundll32.exe\r\nUser: DESKTOP-PPDS4VR\\q\r\nProtocol: tcp\r\nInitiated: true\r\nSourceIsIpv6: false\r\nSourceIp: 192.168.181.220\r\nSourceHostname: DESKTOP-PPDS4VR.localdomain\r\nSourcePort: 52798\r\nSourcePortName: \r\nDestinationIsIpv6: false\r\nDestinationIp: 192.168.181.197\r\nDestinationHostname: \r\nDestinationPort: 443\r\nDestinationPortName: https","Category":"Network connection detected (rule: NetworkConnect)","Opcode":"Info","UtcTime":"2018-01-30 06:55:28.597","ProcessGuid":"{85283F4F-16DF-5A70-0000-00108F83C504}","Image":"C:\\Windows\\SysWOW64\\rundll32.exe","User":"DESKTOP-PPDS4VR\\q","Protocol":"tcp","Initiated":"true","SourceIsIpv6":"false","SourceIp":"192.168.181.220","SourceHostname":"DESKTOP-PPDS4VR.localdomain","SourcePort":"52798","DestinationIsIpv6":"false","DestinationIp":"192.168.181.197","DestinationPort":"443","DestinationPortName":"https","EventReceivedTime":"2018-01-30 14:58:53","SourceModuleName":"in","SourceModuleType":"im_msvistalog","DeviceVendor":"Microsoft","DeviceProduct":"EventLog"}
{"EventTime":"2018-01-30 14:55:30","Hostname":"DESKTOP-PPDS4VR","Keywords":-9223372036854775808,"EventType":"INFO","SeverityValue":2,"Severity":"INFO","EventID":3,"SourceName":"Microsoft-Windows-Sysmon","ProviderGuid":"{5770385F-C22A-43E0-BF4C-06F5698FFBD9}","Version":5,"Task":3,"OpcodeValue":0,"RecordNumber":36870,"ProcessID":3840,"ThreadID":14736,"Channel":"Microsoft-Windows-Sysmon/Operational","Domain":"NT AUTHORITY","AccountName":"SYSTEM","UserID":"S-1-5-18","AccountType":"User","Message":"Network connection detected:\r\nUtcTime: 2018-01-30 06:55:28.920\r\nProcessGuid: {85283F4F-16E0-5A70-0000-0010E997C504}\r\nProcessId: 13540\r\nImage: C:\\Windows\\SysWOW64\\rundll32.exe\r\nUser: DESKTOP-PPDS4VR\\q\r\nProtocol: tcp\r\nInitiated: true\r\nSourceIsIpv6: false\r\nSourceIp: 192.168.181.220\r\nSourceHostname: DESKTOP-PPDS4VR.localdomain\r\nSourcePort: 52799\r\nSourcePortName: \r\nDestinationIsIpv6: false\r\nDestinationIp: 192.168.181.197\r\nDestinationHostname: \r\nDestinationPort: 443\r\nDestinationPortName: https","Category":"Network connection detected (rule: NetworkConnect)","Opcode":"Info","UtcTime":"2018-01-30 06:55:28.920","ProcessGuid":"{85283F4F-16E0-5A70-0000-0010E997C504}","Image":"C:\\Windows\\SysWOW64\\rundll32.exe","User":"DESKTOP-PPDS4VR\\q","Protocol":"tcp","Initiated":"true","SourceIsIpv6":"false","SourceIp":"192.168.181.220","SourceHostname":"DESKTOP-PPDS4VR.localdomain","SourcePort":"52799","DestinationIsIpv6":"false","DestinationIp":"192.168.181.197","DestinationPort":"443","DestinationPortName":"https","EventReceivedTime":"2018-01-30 14:58:53","SourceModuleName":"in","SourceModuleType":"im_msvistalog","DeviceVendor":"Microsoft","DeviceProduct":"EventLog"}
{"EventTime":"2018-01-30 14:55:31","Hostname":"DESKTOP-PPDS4VR","Keywords":-9223372036854775808,"EventType":"INFO","SeverityValue":2,"Severity":"INFO","EventID":3,"SourceName":"Microsoft-Windows-Sysmon","ProviderGuid":"{5770385F-C22A-43E0-BF4C-06F5698FFBD9}","Version":5,"Task":3,"OpcodeValue":0,"RecordNumber":36871,"ProcessID":3840,"ThreadID":14736,"Channel":"Microsoft-Windows-Sysmon/Operational","Domain":"NT AUTHORITY","AccountName":"SYSTEM","UserID":"S-1-5-18","AccountType":"User","Message":"Network connection detected:\r\nUtcTime: 2018-01-30 06:55:30.237\r\nProcessGuid: {85283F4F-16E0-5A70-0000-0010E997C504}\r\nProcessId: 13540\r\nImage: C:\\Windows\\SysWOW64\\rundll32.exe\r\nUser: DESKTOP-PPDS4VR\\q\r\nProtocol: tcp\r\nInitiated: true\r\nSourceIsIpv6: false\r\nSourceIp: 192.168.181.220\r\nSourceHostname: DESKTOP-PPDS4VR.localdomain\r\nSourcePort: 52800\r\nSourcePortName: \r\nDestinationIsIpv6: false\r\nDestinationIp: 192.168.181.197\r\nDestinationHostname: \r\nDestinationPort: 443\r\nDestinationPortName: https","Category":"Network connection detected (rule: NetworkConnect)","Opcode":"Info","UtcTime":"2018-01-30 06:55:30.237","ProcessGuid":"{85283F4F-16E0-5A70-0000-0010E997C504}","Image":"C:\\Windows\\SysWOW64\\rundll32.exe","User":"DESKTOP-PPDS4VR\\q","Protocol":"tcp","Initiated":"true","SourceIsIpv6":"false","SourceIp":"192.168.181.220","SourceHostname":"DESKTOP-PPDS4VR.localdomain","SourcePort":"52800","DestinationIsIpv6":"false","DestinationIp":"192.168.181.197","DestinationPort":"443","DestinationPortName":"https","EventReceivedTime":"2018-01-30 14:58:53","SourceModuleName":"in","SourceModuleType":"im_msvistalog","DeviceVendor":"Microsoft","DeviceProduct":"EventLog"}
{"EventTime":"2018-01-30 14:55:56","Hostname":"DESKTOP-PPDS4VR","Keywords":-9223372036854775808,"EventType":"INFO","SeverityValue":2,"Severity":"INFO","EventID":8,"SourceName":"Microsoft-Windows-Sysmon","ProviderGuid":"{5770385F-C22A-43E0-BF4C-06F5698FFBD9}","Version":2,"Task":8,"OpcodeValue":0,"RecordNumber":36872,"ProcessID":3840,"ThreadID":11952,"Channel":"Microsoft-Windows-Sysmon/Operational","Domain":"NT AUTHORITY","AccountName":"SYSTEM","UserID":"S-1-5-18","AccountType":"User","Message":"CreateRemoteThread detected:\r\nUtcTime: 2018-01-30 06:55:56.654\r\nSourceProcessGuid: {85283F4F-16E0-5A70-0000-0010E997C504}\r\nSourceProcessId: 13540\r\nSourceImage: C:\\Windows\\SysWOW64\\rundll32.exe\r\nTargetProcessGuid: {85283F4F-7477-5A69-0000-00106FFD0600}\r\nTargetProcessId: 6436\r\nTargetImage: C:\\Windows\\explorer.exe\r\nNewThreadId: 15052\r\nStartAddress: 0x0000000007070000\r\nStartModule: \r\nStartFunction: ","Category":"CreateRemoteThread detected (rule: CreateRemoteThread)","Opcode":"Info","UtcTime":"2018-01-30 06:55:56.654","SourceProcessGuid":"{85283F4F-16E0-5A70-0000-0010E997C504}","SourceProcessId":"13540","SourceImage":"C:\\Windows\\SysWOW64\\rundll32.exe","TargetProcessGuid":"{85283F4F-7477-5A69-0000-00106FFD0600}","TargetProcessId":"6436","TargetImage":"C:\\Windows\\explorer.exe","NewThreadId":"15052","StartAddress":"0x0000000007070000","EventReceivedTime":"2018-01-30 14:58:53","SourceModuleName":"in","SourceModuleType":"im_msvistalog","DeviceVendor":"Microsoft","DeviceProduct":"EventLog"}