{"EventTime":"2018-01-26 17:21:41","Hostname":"DESKTOP-PPDS4VR","Keywords":-9223372036854775808,"EventType":"INFO","SeverityValue":2,"Severity":"INFO","EventID":1,"SourceName":"Microsoft-Windows-Sysmon","ProviderGuid":"{5770385F-C22A-43E0-BF4C-06F5698FFBD9}","Version":5,"Task":1,"OpcodeValue":0,"RecordNumber":28881,"ProcessID":3124,"ThreadID":5216,"Channel":"Microsoft-Windows-Sysmon/Operational","Domain":"NT AUTHORITY","AccountName":"SYSTEM","UserID":"S-1-5-18","AccountType":"User","Message":"Process Create:\r\nUtcTime: 2018-01-26 09:21:41.576\r\nProcessGuid: {85283F4F-F325-5A6A-0000-0010F8123E02}\r\nProcessId: 4544\r\nImage: C:\\Users\\q\\Source\\Repos\\AllTheThings\\ConsoleApplication1\\bin\\Release\\ConsoleApplication1.exe\r\nCommandLine: \"C:\\Users\\q\\Source\\Repos\\AllTheThings\\ConsoleApplication1\\bin\\Release\\ConsoleApplication1.exe\" \r\nCurrentDirectory: C:\\Users\\q\\Source\\Repos\\AllTheThings\\ConsoleApplication1\\bin\\Release\\\r\nUser: DESKTOP-PPDS4VR\\q\r\nLogonGuid: {85283F4F-7471-5A69-0000-0020A6370200}\r\nLogonId: 0x237A6\r\nTerminalSessionId: 1\r\nIntegrityLevel: Medium\r\nHashes: SHA1=E31F5FAAA0BFA9900116F86AF6FD4D5C0014E6FF,MD5=2F8DCB2E10413DE217F1520C74E48368,SHA256=F9CFA5B2CDEA9CCD50D6B474E2B82B130E32062D15C58FAA3F7D5DCF11731B16,IMPHASH=F34D5F2D4577ED6D9CEEC516C1F5A744\r\nParentProcessGuid: {85283F4F-7477-5A69-0000-00106FFD0600}\r\nParentProcessId: 6436\r\nParentImage: C:\\Windows\\explorer.exe\r\nParentCommandLine: C:\\WINDOWS\\Explorer.EXE","Category":"Process Create (rule: ProcessCreate)","Opcode":"Info","UtcTime":"2018-01-26 09:21:41.576","ProcessGuid":"{85283F4F-F325-5A6A-0000-0010F8123E02}","Image":"C:\\Users\\q\\Source\\Repos\\AllTheThings\\ConsoleApplication1\\bin\\Release\\ConsoleApplication1.exe","CommandLine":"\"C:\\Users\\q\\Source\\Repos\\AllTheThings\\ConsoleApplication1\\bin\\Release\\ConsoleApplication1.exe\" ","CurrentDirectory":"C:\\Users\\q\\Source\\Repos\\AllTheThings\\ConsoleApplication1\\bin\\Release\\","User":"DESKTOP-PPDS4VR\\q","LogonGuid":"{85283F4F-7471-5A69-0000-0020A6370200}","LogonId":"0x237a6","TerminalSessionId":"1","IntegrityLevel":"Medium","Hashes":"SHA1=E31F5FAAA0BFA9900116F86AF6FD4D5C0014E6FF,MD5=2F8DCB2E10413DE217F1520C74E48368,SHA256=F9CFA5B2CDEA9CCD50D6B474E2B82B130E32062D15C58FAA3F7D5DCF11731B16,IMPHASH=F34D5F2D4577ED6D9CEEC516C1F5A744","ParentProcessGuid":"{85283F4F-7477-5A69-0000-00106FFD0600}","ParentProcessId":"6436","ParentImage":"C:\\Windows\\explorer.exe","ParentCommandLine":"C:\\WINDOWS\\Explorer.EXE","EventReceivedTime":"2018-01-26 17:22:49","SourceModuleName":"in","SourceModuleType":"im_msvistalog","DeviceVendor":"Microsoft","DeviceProduct":"EventLog"}
{"EventTime":"2018-01-26 17:21:41","Hostname":"DESKTOP-PPDS4VR","Keywords":-9223372036854775808,"EventType":"INFO","SeverityValue":2,"Severity":"INFO","EventID":1,"SourceName":"Microsoft-Windows-Sysmon","ProviderGuid":"{5770385F-C22A-43E0-BF4C-06F5698FFBD9}","Version":5,"Task":1,"OpcodeValue":0,"RecordNumber":28882,"ProcessID":3124,"ThreadID":5216,"Channel":"Microsoft-Windows-Sysmon/Operational","Domain":"NT AUTHORITY","AccountName":"SYSTEM","UserID":"S-1-5-18","AccountType":"User","Message":"Process Create:\r\nUtcTime: 2018-01-26 09:21:41.590\r\nProcessGuid: {85283F4F-F325-5A6A-0000-001035153E02}\r\nProcessId: 6388\r\nImage: C:\\Windows\\System32\\conhost.exe\r\nCommandLine: \\??\\C:\\WINDOWS\\system32\\conhost.exe 0xffffffff -ForceV1\r\nCurrentDirectory: C:\\WINDOWS\r\nUser: DESKTOP-PPDS4VR\\q\r\nLogonGuid: {85283F4F-7471-5A69-0000-0020A6370200}\r\nLogonId: 0x237A6\r\nTerminalSessionId: 1\r\nIntegrityLevel: Medium\r\nHashes: SHA1=B0BF5AC2E81BBF597FAD5F349FEEB32CAC449FA2,MD5=6A255BEBF3DBCD13585538ED47DBAFD7,SHA256=4668BB2223FFB983A5F1273B9E3D9FA2C5CE4A0F1FB18CA5C1B285762020073C,IMPHASH=2505BD03D7BD285E50CE89CEC02B333B\r\nParentProcessGuid: {85283F4F-F325-5A6A-0000-0010F8123E02}\r\nParentProcessId: 4544\r\nParentImage: C:\\Users\\q\\Source\\Repos\\AllTheThings\\ConsoleApplication1\\bin\\Release\\ConsoleApplication1.exe\r\nParentCommandLine: \"C:\\Users\\q\\Source\\Repos\\AllTheThings\\ConsoleApplication1\\bin\\Release\\ConsoleApplication1.exe\" ","Category":"Process Create (rule: ProcessCreate)","Opcode":"Info","UtcTime":"2018-01-26 09:21:41.590","ProcessGuid":"{85283F4F-F325-5A6A-0000-001035153E02}","Image":"C:\\Windows\\System32\\conhost.exe","CommandLine":"\\??\\C:\\WINDOWS\\system32\\conhost.exe 0xffffffff -ForceV1","CurrentDirectory":"C:\\WINDOWS","User":"DESKTOP-PPDS4VR\\q","LogonGuid":"{85283F4F-7471-5A69-0000-0020A6370200}","LogonId":"0x237a6","TerminalSessionId":"1","IntegrityLevel":"Medium","Hashes":"SHA1=B0BF5AC2E81BBF597FAD5F349FEEB32CAC449FA2,MD5=6A255BEBF3DBCD13585538ED47DBAFD7,SHA256=4668BB2223FFB983A5F1273B9E3D9FA2C5CE4A0F1FB18CA5C1B285762020073C,IMPHASH=2505BD03D7BD285E50CE89CEC02B333B","ParentProcessGuid":"{85283F4F-F325-5A6A-0000-0010F8123E02}","ParentProcessId":"4544","ParentImage":"C:\\Users\\q\\Source\\Repos\\AllTheThings\\ConsoleApplication1\\bin\\Release\\ConsoleApplication1.exe","ParentCommandLine":"\"C:\\Users\\q\\Source\\Repos\\AllTheThings\\ConsoleApplication1\\bin\\Release\\ConsoleApplication1.exe\" ","EventReceivedTime":"2018-01-26 17:22:49","SourceModuleName":"in","SourceModuleType":"im_msvistalog","DeviceVendor":"Microsoft","DeviceProduct":"EventLog"}
{"EventTime":"2018-01-26 17:21:43","Hostname":"DESKTOP-PPDS4VR","Keywords":-9223372036854775808,"EventType":"INFO","SeverityValue":2,"Severity":"INFO","EventID":3,"SourceName":"Microsoft-Windows-Sysmon","ProviderGuid":"{5770385F-C22A-43E0-BF4C-06F5698FFBD9}","Version":5,"Task":3,"OpcodeValue":0,"RecordNumber":28883,"ProcessID":3124,"ThreadID":5240,"Channel":"Microsoft-Windows-Sysmon/Operational","Domain":"NT AUTHORITY","AccountName":"SYSTEM","UserID":"S-1-5-18","AccountType":"User","Message":"Network connection detected:\r\nUtcTime: 2018-01-26 09:21:42.818\r\nProcessGuid: {85283F4F-F325-5A6A-0000-0010F8123E02}\r\nProcessId: 4544\r\nImage: C:\\Users\\q\\Source\\Repos\\AllTheThings\\ConsoleApplication1\\bin\\Release\\ConsoleApplication1.exe\r\nUser: DESKTOP-PPDS4VR\\q\r\nProtocol: tcp\r\nInitiated: true\r\nSourceIsIpv6: false\r\nSourceIp: 192.168.181.221\r\nSourceHostname: DESKTOP-PPDS4VR.localdomain\r\nSourcePort: 50557\r\nSourcePortName: \r\nDestinationIsIpv6: false\r\nDestinationIp: 192.168.181.197\r\nDestinationHostname: \r\nDestinationPort: 443\r\nDestinationPortName: https","Category":"Network connection detected (rule: NetworkConnect)","Opcode":"Info","UtcTime":"2018-01-26 09:21:42.818","ProcessGuid":"{85283F4F-F325-5A6A-0000-0010F8123E02}","Image":"C:\\Users\\q\\Source\\Repos\\AllTheThings\\ConsoleApplication1\\bin\\Release\\ConsoleApplication1.exe","User":"DESKTOP-PPDS4VR\\q","Protocol":"tcp","Initiated":"true","SourceIsIpv6":"false","SourceIp":"192.168.181.221","SourceHostname":"DESKTOP-PPDS4VR.localdomain","SourcePort":"50557","DestinationIsIpv6":"false","DestinationIp":"192.168.181.197","DestinationPort":"443","DestinationPortName":"https","EventReceivedTime":"2018-01-26 17:22:49","SourceModuleName":"in","SourceModuleType":"im_msvistalog","DeviceVendor":"Microsoft","DeviceProduct":"EventLog"}
{"EventTime":"2018-01-26 17:21:44","Hostname":"DESKTOP-PPDS4VR","Keywords":-9223372036854775808,"EventType":"INFO","SeverityValue":2,"Severity":"INFO","EventID":3,"SourceName":"Microsoft-Windows-Sysmon","ProviderGuid":"{5770385F-C22A-43E0-BF4C-06F5698FFBD9}","Version":5,"Task":3,"OpcodeValue":0,"RecordNumber":28884,"ProcessID":3124,"ThreadID":5240,"Channel":"Microsoft-Windows-Sysmon/Operational","Domain":"NT AUTHORITY","AccountName":"SYSTEM","UserID":"S-1-5-18","AccountType":"User","Message":"Network connection detected:\r\nUtcTime: 2018-01-26 09:21:44.038\r\nProcessGuid: {85283F4F-F325-5A6A-0000-0010F8123E02}\r\nProcessId: 4544\r\nImage: C:\\Users\\q\\Source\\Repos\\AllTheThings\\ConsoleApplication1\\bin\\Release\\ConsoleApplication1.exe\r\nUser: DESKTOP-PPDS4VR\\q\r\nProtocol: tcp\r\nInitiated: true\r\nSourceIsIpv6: false\r\nSourceIp: 192.168.181.221\r\nSourceHostname: DESKTOP-PPDS4VR.localdomain\r\nSourcePort: 50558\r\nSourcePortName: \r\nDestinationIsIpv6: false\r\nDestinationIp: 192.168.181.197\r\nDestinationHostname: \r\nDestinationPort: 443\r\nDestinationPortName: https","Category":"Network connection detected (rule: NetworkConnect)","Opcode":"Info","UtcTime":"2018-01-26 09:21:44.038","ProcessGuid":"{85283F4F-F325-5A6A-0000-0010F8123E02}","Image":"C:\\Users\\q\\Source\\Repos\\AllTheThings\\ConsoleApplication1\\bin\\Release\\ConsoleApplication1.exe","User":"DESKTOP-PPDS4VR\\q","Protocol":"tcp","Initiated":"true","SourceIsIpv6":"false","SourceIp":"192.168.181.221","SourceHostname":"DESKTOP-PPDS4VR.localdomain","SourcePort":"50558","DestinationIsIpv6":"false","DestinationIp":"192.168.181.197","DestinationPort":"443","DestinationPortName":"https","EventReceivedTime":"2018-01-26 17:22:49","SourceModuleName":"in","SourceModuleType":"im_msvistalog","DeviceVendor":"Microsoft","DeviceProduct":"EventLog"}
{"EventTime":"2018-01-26 17:21:55","Hostname":"DESKTOP-PPDS4VR","Keywords":-9223372036854775808,"EventType":"INFO","SeverityValue":2,"Severity":"INFO","EventID":5,"SourceName":"Microsoft-Windows-Sysmon","ProviderGuid":"{5770385F-C22A-43E0-BF4C-06F5698FFBD9}","Version":3,"Task":5,"OpcodeValue":0,"RecordNumber":28885,"ProcessID":3124,"ThreadID":5216,"Channel":"Microsoft-Windows-Sysmon/Operational","Domain":"NT AUTHORITY","AccountName":"SYSTEM","UserID":"S-1-5-18","AccountType":"User","Message":"Process terminated:\r\nUtcTime: 2018-01-26 09:21:55.848\r\nProcessGuid: {85283F4F-F31F-5A6A-0000-00108BDB3D02}\r\nProcessId: 8272\r\nImage: C:\\Windows\\System32\\svchost.exe","Category":"Process terminated (rule: ProcessTerminate)","Opcode":"Info","UtcTime":"2018-01-26 09:21:55.848","ProcessGuid":"{85283F4F-F31F-5A6A-0000-00108BDB3D02}","Image":"C:\\Windows\\System32\\svchost.exe","EventReceivedTime":"2018-01-26 17:22:49","SourceModuleName":"in","SourceModuleType":"im_msvistalog","DeviceVendor":"Microsoft","DeviceProduct":"EventLog"}
{"EventTime":"2018-01-26 17:22:00","Hostname":"DESKTOP-PPDS4VR","Keywords":-9223372036854775808,"EventType":"INFO","SeverityValue":2,"Severity":"INFO","EventID":3,"SourceName":"Microsoft-Windows-Sysmon","ProviderGuid":"{5770385F-C22A-43E0-BF4C-06F5698FFBD9}","Version":5,"Task":3,"OpcodeValue":0,"RecordNumber":28886,"ProcessID":3124,"ThreadID":5240,"Channel":"Microsoft-Windows-Sysmon/Operational","Domain":"NT AUTHORITY","AccountName":"SYSTEM","UserID":"S-1-5-18","AccountType":"User","Message":"Network connection detected:\r\nUtcTime: 2018-01-26 09:22:00.167\r\nProcessGuid: {85283F4F-EAEE-5A6A-0000-00105B9F1702}\r\nProcessId: 4856\r\nImage: C:\\Program Files (x86)\\Microsoft Visual Studio 14.0\\Common7\\IDE\\devenv.exe\r\nUser: DESKTOP-PPDS4VR\\q\r\nProtocol: tcp\r\nInitiated: true\r\nSourceIsIpv6: true\r\nSourceIp: 0:0:0:0:0:0:0:1\r\nSourceHostname: DESKTOP-PPDS4VR\r\nSourcePort: 50559\r\nSourcePortName: \r\nDestinationIsIpv6: true\r\nDestinationIp: 0:0:0:0:0:0:0:1\r\nDestinationHostname: DESKTOP-PPDS4VR\r\nDestinationPort: 49154\r\nDestinationPortName: ","Category":"Network connection detected (rule: NetworkConnect)","Opcode":"Info","UtcTime":"2018-01-26 09:22:00.167","ProcessGuid":"{85283F4F-EAEE-5A6A-0000-00105B9F1702}","Image":"C:\\Program Files (x86)\\Microsoft Visual Studio 14.0\\Common7\\IDE\\devenv.exe","User":"DESKTOP-PPDS4VR\\q","Protocol":"tcp","Initiated":"true","SourceIsIpv6":"true","SourceIp":"0:0:0:0:0:0:0:1","SourceHostname":"DESKTOP-PPDS4VR","SourcePort":"50559","DestinationIsIpv6":"true","DestinationIp":"0:0:0:0:0:0:0:1","DestinationHostname":"DESKTOP-PPDS4VR","DestinationPort":"49154","EventReceivedTime":"2018-01-26 17:22:49","SourceModuleName":"in","SourceModuleType":"im_msvistalog","DeviceVendor":"Microsoft","DeviceProduct":"EventLog"}
{"EventTime":"2018-01-26 17:22:00","Hostname":"DESKTOP-PPDS4VR","Keywords":-9223372036854775808,"EventType":"INFO","SeverityValue":2,"Severity":"INFO","EventID":3,"SourceName":"Microsoft-Windows-Sysmon","ProviderGuid":"{5770385F-C22A-43E0-BF4C-06F5698FFBD9}","Version":5,"Task":3,"OpcodeValue":0,"RecordNumber":28887,"ProcessID":3124,"ThreadID":5240,"Channel":"Microsoft-Windows-Sysmon/Operational","Domain":"NT AUTHORITY","AccountName":"SYSTEM","UserID":"S-1-5-18","AccountType":"User","Message":"Network connection detected:\r\nUtcTime: 2018-01-26 09:22:00.167\r\nProcessGuid: {85283F4F-746B-5A69-0000-0010EB030000}\r\nProcessId: 4\r\nImage: System\r\nUser: NT AUTHORITY\\SYSTEM\r\nProtocol: tcp\r\nInitiated: false\r\nSourceIsIpv6: true\r\nSourceIp: 0:0:0:0:0:0:0:1\r\nSourceHostname: DESKTOP-PPDS4VR\r\nSourcePort: 49154\r\nSourcePortName: \r\nDestinationIsIpv6: true\r\nDestinationIp: 0:0:0:0:0:0:0:1\r\nDestinationHostname: DESKTOP-PPDS4VR\r\nDestinationPort: 50559\r\nDestinationPortName: ","Category":"Network connection detected (rule: NetworkConnect)","Opcode":"Info","UtcTime":"2018-01-26 09:22:00.167","ProcessGuid":"{85283F4F-746B-5A69-0000-0010EB030000}","Image":"System","User":"NT AUTHORITY\\SYSTEM","Protocol":"tcp","Initiated":"false","SourceIsIpv6":"true","SourceIp":"0:0:0:0:0:0:0:1","SourceHostname":"DESKTOP-PPDS4VR","SourcePort":"49154","DestinationIsIpv6":"true","DestinationIp":"0:0:0:0:0:0:0:1","DestinationHostname":"DESKTOP-PPDS4VR","DestinationPort":"50559","EventReceivedTime":"2018-01-26 17:22:49","SourceModuleName":"in","SourceModuleType":"im_msvistalog","DeviceVendor":"Microsoft","DeviceProduct":"EventLog"}
{"EventTime":"2018-01-26 17:22:01","Hostname":"DESKTOP-PPDS4VR","Keywords":-9223372036854775808,"EventType":"INFO","SeverityValue":2,"Severity":"INFO","EventID":3,"SourceName":"Microsoft-Windows-Sysmon","ProviderGuid":"{5770385F-C22A-43E0-BF4C-06F5698FFBD9}","Version":5,"Task":3,"OpcodeValue":0,"RecordNumber":28888,"ProcessID":3124,"ThreadID":5240,"Channel":"Microsoft-Windows-Sysmon/Operational","Domain":"NT AUTHORITY","AccountName":"SYSTEM","UserID":"S-1-5-18","AccountType":"User","Message":"Network connection detected:\r\nUtcTime: 2018-01-26 09:22:00.838\r\nProcessGuid: {85283F4F-EAEE-5A6A-0000-00105B9F1702}\r\nProcessId: 4856\r\nImage: C:\\Program Files (x86)\\Microsoft Visual Studio 14.0\\Common7\\IDE\\devenv.exe\r\nUser: DESKTOP-PPDS4VR\\q\r\nProtocol: tcp\r\nInitiated: true\r\nSourceIsIpv6: true\r\nSourceIp: 0:0:0:0:0:0:0:1\r\nSourceHostname: DESKTOP-PPDS4VR\r\nSourcePort: 50560\r\nSourcePortName: \r\nDestinationIsIpv6: true\r\nDestinationIp: 0:0:0:0:0:0:0:1\r\nDestinationHostname: DESKTOP-PPDS4VR\r\nDestinationPort: 49154\r\nDestinationPortName: ","Category":"Network connection detected (rule: NetworkConnect)","Opcode":"Info","UtcTime":"2018-01-26 09:22:00.838","ProcessGuid":"{85283F4F-EAEE-5A6A-0000-00105B9F1702}","Image":"C:\\Program Files (x86)\\Microsoft Visual Studio 14.0\\Common7\\IDE\\devenv.exe","User":"DESKTOP-PPDS4VR\\q","Protocol":"tcp","Initiated":"true","SourceIsIpv6":"true","SourceIp":"0:0:0:0:0:0:0:1","SourceHostname":"DESKTOP-PPDS4VR","SourcePort":"50560","DestinationIsIpv6":"true","DestinationIp":"0:0:0:0:0:0:0:1","DestinationHostname":"DESKTOP-PPDS4VR","DestinationPort":"49154","EventReceivedTime":"2018-01-26 17:22:49","SourceModuleName":"in","SourceModuleType":"im_msvistalog","DeviceVendor":"Microsoft","DeviceProduct":"EventLog"}
{"EventTime":"2018-01-26 17:22:02","Hostname":"DESKTOP-PPDS4VR","Keywords":-9223372036854775808,"EventType":"INFO","SeverityValue":2,"Severity":"INFO","EventID":3,"SourceName":"Microsoft-Windows-Sysmon","ProviderGuid":"{5770385F-C22A-43E0-BF4C-06F5698FFBD9}","Version":5,"Task":3,"OpcodeValue":0,"RecordNumber":28889,"ProcessID":3124,"ThreadID":5240,"Channel":"Microsoft-Windows-Sysmon/Operational","Domain":"NT AUTHORITY","AccountName":"SYSTEM","UserID":"S-1-5-18","AccountType":"User","Message":"Network connection detected:\r\nUtcTime: 2018-01-26 09:22:00.839\r\nProcessGuid: {85283F4F-746B-5A69-0000-0010EB030000}\r\nProcessId: 4\r\nImage: System\r\nUser: NT AUTHORITY\\SYSTEM\r\nProtocol: tcp\r\nInitiated: false\r\nSourceIsIpv6: true\r\nSourceIp: 0:0:0:0:0:0:0:1\r\nSourceHostname: DESKTOP-PPDS4VR\r\nSourcePort: 49154\r\nSourcePortName: \r\nDestinationIsIpv6: true\r\nDestinationIp: 0:0:0:0:0:0:0:1\r\nDestinationHostname: DESKTOP-PPDS4VR\r\nDestinationPort: 50560\r\nDestinationPortName: ","Category":"Network connection detected (rule: NetworkConnect)","Opcode":"Info","UtcTime":"2018-01-26 09:22:00.839","ProcessGuid":"{85283F4F-746B-5A69-0000-0010EB030000}","Image":"System","User":"NT AUTHORITY\\SYSTEM","Protocol":"tcp","Initiated":"false","SourceIsIpv6":"true","SourceIp":"0:0:0:0:0:0:0:1","SourceHostname":"DESKTOP-PPDS4VR","SourcePort":"49154","DestinationIsIpv6":"true","DestinationIp":"0:0:0:0:0:0:0:1","DestinationHostname":"DESKTOP-PPDS4VR","DestinationPort":"50560","EventReceivedTime":"2018-01-26 17:22:49","SourceModuleName":"in","SourceModuleType":"im_msvistalog","DeviceVendor":"Microsoft","DeviceProduct":"EventLog"}
{"EventTime":"2018-01-26 17:22:02","Hostname":"DESKTOP-PPDS4VR","Keywords":-9223372036854775808,"EventType":"INFO","SeverityValue":2,"Severity":"INFO","EventID":3,"SourceName":"Microsoft-Windows-Sysmon","ProviderGuid":"{5770385F-C22A-43E0-BF4C-06F5698FFBD9}","Version":5,"Task":3,"OpcodeValue":0,"RecordNumber":28890,"ProcessID":3124,"ThreadID":5240,"Channel":"Microsoft-Windows-Sysmon/Operational","Domain":"NT AUTHORITY","AccountName":"SYSTEM","UserID":"S-1-5-18","AccountType":"User","Message":"Network connection detected:\r\nUtcTime: 2018-01-26 09:22:02.368\r\nProcessGuid: {85283F4F-EAEE-5A6A-0000-00105B9F1702}\r\nProcessId: 4856\r\nImage: C:\\Program Files (x86)\\Microsoft Visual Studio 14.0\\Common7\\IDE\\devenv.exe\r\nUser: DESKTOP-PPDS4VR\\q\r\nProtocol: tcp\r\nInitiated: true\r\nSourceIsIpv6: true\r\nSourceIp: 0:0:0:0:0:0:0:1\r\nSourceHostname: DESKTOP-PPDS4VR\r\nSourcePort: 50561\r\nSourcePortName: \r\nDestinationIsIpv6: true\r\nDestinationIp: 0:0:0:0:0:0:0:1\r\nDestinationHostname: DESKTOP-PPDS4VR\r\nDestinationPort: 49154\r\nDestinationPortName: ","Category":"Network connection detected (rule: NetworkConnect)","Opcode":"Info","UtcTime":"2018-01-26 09:22:02.368","ProcessGuid":"{85283F4F-EAEE-5A6A-0000-00105B9F1702}","Image":"C:\\Program Files (x86)\\Microsoft Visual Studio 14.0\\Common7\\IDE\\devenv.exe","User":"DESKTOP-PPDS4VR\\q","Protocol":"tcp","Initiated":"true","SourceIsIpv6":"true","SourceIp":"0:0:0:0:0:0:0:1","SourceHostname":"DESKTOP-PPDS4VR","SourcePort":"50561","DestinationIsIpv6":"true","DestinationIp":"0:0:0:0:0:0:0:1","DestinationHostname":"DESKTOP-PPDS4VR","DestinationPort":"49154","EventReceivedTime":"2018-01-26 17:22:49","SourceModuleName":"in","SourceModuleType":"im_msvistalog","DeviceVendor":"Microsoft","DeviceProduct":"EventLog"}
{"EventTime":"2018-01-26 17:22:02","Hostname":"DESKTOP-PPDS4VR","Keywords":-9223372036854775808,"EventType":"INFO","SeverityValue":2,"Severity":"INFO","EventID":3,"SourceName":"Microsoft-Windows-Sysmon","ProviderGuid":"{5770385F-C22A-43E0-BF4C-06F5698FFBD9}","Version":5,"Task":3,"OpcodeValue":0,"RecordNumber":28891,"ProcessID":3124,"ThreadID":5240,"Channel":"Microsoft-Windows-Sysmon/Operational","Domain":"NT AUTHORITY","AccountName":"SYSTEM","UserID":"S-1-5-18","AccountType":"User","Message":"Network connection detected:\r\nUtcTime: 2018-01-26 09:22:02.368\r\nProcessGuid: {85283F4F-746B-5A69-0000-0010EB030000}\r\nProcessId: 4\r\nImage: System\r\nUser: NT AUTHORITY\\SYSTEM\r\nProtocol: tcp\r\nInitiated: false\r\nSourceIsIpv6: true\r\nSourceIp: 0:0:0:0:0:0:0:1\r\nSourceHostname: DESKTOP-PPDS4VR\r\nSourcePort: 49154\r\nSourcePortName: \r\nDestinationIsIpv6: true\r\nDestinationIp: 0:0:0:0:0:0:0:1\r\nDestinationHostname: DESKTOP-PPDS4VR\r\nDestinationPort: 50561\r\nDestinationPortName: ","Category":"Network connection detected (rule: NetworkConnect)","Opcode":"Info","UtcTime":"2018-01-26 09:22:02.368","ProcessGuid":"{85283F4F-746B-5A69-0000-0010EB030000}","Image":"System","User":"NT AUTHORITY\\SYSTEM","Protocol":"tcp","Initiated":"false","SourceIsIpv6":"true","SourceIp":"0:0:0:0:0:0:0:1","SourceHostname":"DESKTOP-PPDS4VR","SourcePort":"49154","DestinationIsIpv6":"true","DestinationIp":"0:0:0:0:0:0:0:1","DestinationHostname":"DESKTOP-PPDS4VR","DestinationPort":"50561","EventReceivedTime":"2018-01-26 17:22:49","SourceModuleName":"in","SourceModuleType":"im_msvistalog","DeviceVendor":"Microsoft","DeviceProduct":"EventLog"}
{"EventTime":"2018-01-26 17:22:02","Hostname":"DESKTOP-PPDS4VR","Keywords":-9223372036854775808,"EventType":"INFO","SeverityValue":2,"Severity":"INFO","EventID":3,"SourceName":"Microsoft-Windows-Sysmon","ProviderGuid":"{5770385F-C22A-43E0-BF4C-06F5698FFBD9}","Version":5,"Task":3,"OpcodeValue":0,"RecordNumber":28892,"ProcessID":3124,"ThreadID":5240,"Channel":"Microsoft-Windows-Sysmon/Operational","Domain":"NT AUTHORITY","AccountName":"SYSTEM","UserID":"S-1-5-18","AccountType":"User","Message":"Network connection detected:\r\nUtcTime: 2018-01-26 09:22:02.729\r\nProcessGuid: {85283F4F-EAEE-5A6A-0000-00105B9F1702}\r\nProcessId: 4856\r\nImage: C:\\Program Files (x86)\\Microsoft Visual Studio 14.0\\Common7\\IDE\\devenv.exe\r\nUser: DESKTOP-PPDS4VR\\q\r\nProtocol: tcp\r\nInitiated: true\r\nSourceIsIpv6: true\r\nSourceIp: 0:0:0:0:0:0:0:1\r\nSourceHostname: DESKTOP-PPDS4VR\r\nSourcePort: 50562\r\nSourcePortName: \r\nDestinationIsIpv6: true\r\nDestinationIp: 0:0:0:0:0:0:0:1\r\nDestinationHostname: DESKTOP-PPDS4VR\r\nDestinationPort: 49154\r\nDestinationPortName: ","Category":"Network connection detected (rule: NetworkConnect)","Opcode":"Info","UtcTime":"2018-01-26 09:22:02.729","ProcessGuid":"{85283F4F-EAEE-5A6A-0000-00105B9F1702}","Image":"C:\\Program Files (x86)\\Microsoft Visual Studio 14.0\\Common7\\IDE\\devenv.exe","User":"DESKTOP-PPDS4VR\\q","Protocol":"tcp","Initiated":"true","SourceIsIpv6":"true","SourceIp":"0:0:0:0:0:0:0:1","SourceHostname":"DESKTOP-PPDS4VR","SourcePort":"50562","DestinationIsIpv6":"true","DestinationIp":"0:0:0:0:0:0:0:1","DestinationHostname":"DESKTOP-PPDS4VR","DestinationPort":"49154","EventReceivedTime":"2018-01-26 17:22:49","SourceModuleName":"in","SourceModuleType":"im_msvistalog","DeviceVendor":"Microsoft","DeviceProduct":"EventLog"}
{"EventTime":"2018-01-26 17:22:03","Hostname":"DESKTOP-PPDS4VR","Keywords":-9223372036854775808,"EventType":"INFO","SeverityValue":2,"Severity":"INFO","EventID":3,"SourceName":"Microsoft-Windows-Sysmon","ProviderGuid":"{5770385F-C22A-43E0-BF4C-06F5698FFBD9}","Version":5,"Task":3,"OpcodeValue":0,"RecordNumber":28893,"ProcessID":3124,"ThreadID":5240,"Channel":"Microsoft-Windows-Sysmon/Operational","Domain":"NT AUTHORITY","AccountName":"SYSTEM","UserID":"S-1-5-18","AccountType":"User","Message":"Network connection detected:\r\nUtcTime: 2018-01-26 09:22:02.729\r\nProcessGuid: {85283F4F-746B-5A69-0000-0010EB030000}\r\nProcessId: 4\r\nImage: System\r\nUser: NT AUTHORITY\\SYSTEM\r\nProtocol: tcp\r\nInitiated: false\r\nSourceIsIpv6: true\r\nSourceIp: 0:0:0:0:0:0:0:1\r\nSourceHostname: DESKTOP-PPDS4VR\r\nSourcePort: 49154\r\nSourcePortName: \r\nDestinationIsIpv6: true\r\nDestinationIp: 0:0:0:0:0:0:0:1\r\nDestinationHostname: DESKTOP-PPDS4VR\r\nDestinationPort: 50562\r\nDestinationPortName: ","Category":"Network connection detected (rule: NetworkConnect)","Opcode":"Info","UtcTime":"2018-01-26 09:22:02.729","ProcessGuid":"{85283F4F-746B-5A69-0000-0010EB030000}","Image":"System","User":"NT AUTHORITY\\SYSTEM","Protocol":"tcp","Initiated":"false","SourceIsIpv6":"true","SourceIp":"0:0:0:0:0:0:0:1","SourceHostname":"DESKTOP-PPDS4VR","SourcePort":"49154","DestinationIsIpv6":"true","DestinationIp":"0:0:0:0:0:0:0:1","DestinationHostname":"DESKTOP-PPDS4VR","DestinationPort":"50562","EventReceivedTime":"2018-01-26 17:22:49","SourceModuleName":"in","SourceModuleType":"im_msvistalog","DeviceVendor":"Microsoft","DeviceProduct":"EventLog"}
{"EventTime":"2018-01-26 17:22:05","Hostname":"DESKTOP-PPDS4VR","Keywords":-9223372036854775808,"EventType":"INFO","SeverityValue":2,"Severity":"INFO","EventID":2,"SourceName":"Microsoft-Windows-Sysmon","ProviderGuid":"{5770385F-C22A-43E0-BF4C-06F5698FFBD9}","Version":4,"Task":2,"OpcodeValue":0,"RecordNumber":28894,"ProcessID":3124,"ThreadID":5216,"Channel":"Microsoft-Windows-Sysmon/Operational","Domain":"NT AUTHORITY","AccountName":"SYSTEM","UserID":"S-1-5-18","AccountType":"User","Message":"File creation time changed:\r\nUtcTime: 2018-01-26 09:22:05.660\r\nProcessGuid: {85283F4F-7471-5A69-0000-00105C180200}\r\nProcessId: 2612\r\nImage: C:\\WINDOWS\\System32\\spoolsv.exe\r\nTargetFilename: C:\\Windows\\System32\\spool\\drivers\\x64\\3\\New\\TP PS Driver C28CA0CC73F3460eBA262F816136D88A.ppd\r\nCreationUtcTime: 2018-01-26 09:22:05.582\r\nPreviousCreationUtcTime: 2018-01-26 09:22:05.660","Category":"File creation time changed (rule: FileCreateTime)","Opcode":"Info","UtcTime":"2018-01-26 09:22:05.660","ProcessGuid":"{85283F4F-7471-5A69-0000-00105C180200}","Image":"C:\\WINDOWS\\System32\\spoolsv.exe","TargetFilename":"C:\\Windows\\System32\\spool\\drivers\\x64\\3\\New\\TP PS Driver C28CA0CC73F3460eBA262F816136D88A.ppd","CreationUtcTime":"2018-01-26 09:22:05.582","PreviousCreationUtcTime":"2018-01-26 09:22:05.660","EventReceivedTime":"2018-01-26 17:22:49","SourceModuleName":"in","SourceModuleType":"im_msvistalog","DeviceVendor":"Microsoft","DeviceProduct":"EventLog"}
{"EventTime":"2018-01-26 17:22:09","Hostname":"DESKTOP-PPDS4VR","Keywords":-9223372036854775808,"EventType":"INFO","SeverityValue":2,"Severity":"INFO","EventID":2,"SourceName":"Microsoft-Windows-Sysmon","ProviderGuid":"{5770385F-C22A-43E0-BF4C-06F5698FFBD9}","Version":4,"Task":2,"OpcodeValue":0,"RecordNumber":28895,"ProcessID":3124,"ThreadID":5216,"Channel":"Microsoft-Windows-Sysmon/Operational","Domain":"NT AUTHORITY","AccountName":"SYSTEM","UserID":"S-1-5-18","AccountType":"User","Message":"File creation time changed:\r\nUtcTime: 2018-01-26 09:22:09.254\r\nProcessGuid: {85283F4F-7471-5A69-0000-00105C180200}\r\nProcessId: 2612\r\nImage: C:\\WINDOWS\\System32\\spoolsv.exe\r\nTargetFilename: C:\\Windows\\System32\\spool\\drivers\\x64\\3\\New\\TP PS Driver D8CF31FA989F41479900D1FBA7DF509C.ppd\r\nCreationUtcTime: 2018-01-26 09:22:09.207\r\nPreviousCreationUtcTime: 2018-01-26 09:22:09.254","Category":"File creation time changed (rule: FileCreateTime)","Opcode":"Info","UtcTime":"2018-01-26 09:22:09.254","ProcessGuid":"{85283F4F-7471-5A69-0000-00105C180200}","Image":"C:\\WINDOWS\\System32\\spoolsv.exe","TargetFilename":"C:\\Windows\\System32\\spool\\drivers\\x64\\3\\New\\TP PS Driver D8CF31FA989F41479900D1FBA7DF509C.ppd","CreationUtcTime":"2018-01-26 09:22:09.207","PreviousCreationUtcTime":"2018-01-26 09:22:09.254","EventReceivedTime":"2018-01-26 17:22:49","SourceModuleName":"in","SourceModuleType":"im_msvistalog","DeviceVendor":"Microsoft","DeviceProduct":"EventLog"}
{"EventTime":"2018-01-26 17:22:10","Hostname":"DESKTOP-PPDS4VR","Keywords":-9223372036854775808,"EventType":"INFO","SeverityValue":2,"Severity":"INFO","EventID":5,"SourceName":"Microsoft-Windows-Sysmon","ProviderGuid":"{5770385F-C22A-43E0-BF4C-06F5698FFBD9}","Version":3,"Task":5,"OpcodeValue":0,"RecordNumber":28896,"ProcessID":3124,"ThreadID":5216,"Channel":"Microsoft-Windows-Sysmon/Operational","Domain":"NT AUTHORITY","AccountName":"SYSTEM","UserID":"S-1-5-18","AccountType":"User","Message":"Process terminated:\r\nUtcTime: 2018-01-26 09:22:10.004\r\nProcessGuid: {85283F4F-F325-5A6A-0000-0010F8123E02}\r\nProcessId: 4544\r\nImage: C:\\Users\\q\\Source\\Repos\\AllTheThings\\ConsoleApplication1\\bin\\Release\\ConsoleApplication1.exe","Category":"Process terminated (rule: ProcessTerminate)","Opcode":"Info","UtcTime":"2018-01-26 09:22:10.004","ProcessGuid":"{85283F4F-F325-5A6A-0000-0010F8123E02}","Image":"C:\\Users\\q\\Source\\Repos\\AllTheThings\\ConsoleApplication1\\bin\\Release\\ConsoleApplication1.exe","EventReceivedTime":"2018-01-26 17:22:49","SourceModuleName":"in","SourceModuleType":"im_msvistalog","DeviceVendor":"Microsoft","DeviceProduct":"EventLog"}
{"EventTime":"2018-01-26 17:22:10","Hostname":"DESKTOP-PPDS4VR","Keywords":-9223372036854775808,"EventType":"INFO","SeverityValue":2,"Severity":"INFO","EventID":5,"SourceName":"Microsoft-Windows-Sysmon","ProviderGuid":"{5770385F-C22A-43E0-BF4C-06F5698FFBD9}","Version":3,"Task":5,"OpcodeValue":0,"RecordNumber":28897,"ProcessID":3124,"ThreadID":5216,"Channel":"Microsoft-Windows-Sysmon/Operational","Domain":"NT AUTHORITY","AccountName":"SYSTEM","UserID":"S-1-5-18","AccountType":"User","Message":"Process terminated:\r\nUtcTime: 2018-01-26 09:22:10.019\r\nProcessGuid: {85283F4F-F325-5A6A-0000-001035153E02}\r\nProcessId: 6388\r\nImage: C:\\Windows\\System32\\conhost.exe","Category":"Process terminated (rule: ProcessTerminate)","Opcode":"Info","UtcTime":"2018-01-26 09:22:10.019","ProcessGuid":"{85283F4F-F325-5A6A-0000-001035153E02}","Image":"C:\\Windows\\System32\\conhost.exe","EventReceivedTime":"2018-01-26 17:22:49","SourceModuleName":"in","SourceModuleType":"im_msvistalog","DeviceVendor":"Microsoft","DeviceProduct":"EventLog"}
{"EventTime":"2018-01-26 17:22:11","Hostname":"DESKTOP-PPDS4VR","Keywords":-9223372036854775808,"EventType":"INFO","SeverityValue":2,"Severity":"INFO","EventID":3,"SourceName":"Microsoft-Windows-Sysmon","ProviderGuid":"{5770385F-C22A-43E0-BF4C-06F5698FFBD9}","Version":5,"Task":3,"OpcodeValue":0,"RecordNumber":28898,"ProcessID":3124,"ThreadID":5240,"Channel":"Microsoft-Windows-Sysmon/Operational","Domain":"NT AUTHORITY","AccountName":"SYSTEM","UserID":"S-1-5-18","AccountType":"User","Message":"Network connection detected:\r\nUtcTime: 2018-01-26 09:22:10.948\r\nProcessGuid: {85283F4F-EAEE-5A6A-0000-00105B9F1702}\r\nProcessId: 4856\r\nImage: C:\\Program Files (x86)\\Microsoft Visual Studio 14.0\\Common7\\IDE\\devenv.exe\r\nUser: DESKTOP-PPDS4VR\\q\r\nProtocol: tcp\r\nInitiated: true\r\nSourceIsIpv6: true\r\nSourceIp: 0:0:0:0:0:0:0:1\r\nSourceHostname: DESKTOP-PPDS4VR\r\nSourcePort: 50563\r\nSourcePortName: \r\nDestinationIsIpv6: true\r\nDestinationIp: 0:0:0:0:0:0:0:1\r\nDestinationHostname: DESKTOP-PPDS4VR\r\nDestinationPort: 49155\r\nDestinationPortName: ","Category":"Network connection detected (rule: NetworkConnect)","Opcode":"Info","UtcTime":"2018-01-26 09:22:10.948","ProcessGuid":"{85283F4F-EAEE-5A6A-0000-00105B9F1702}","Image":"C:\\Program Files (x86)\\Microsoft Visual Studio 14.0\\Common7\\IDE\\devenv.exe","User":"DESKTOP-PPDS4VR\\q","Protocol":"tcp","Initiated":"true","SourceIsIpv6":"true","SourceIp":"0:0:0:0:0:0:0:1","SourceHostname":"DESKTOP-PPDS4VR","SourcePort":"50563","DestinationIsIpv6":"true","DestinationIp":"0:0:0:0:0:0:0:1","DestinationHostname":"DESKTOP-PPDS4VR","DestinationPort":"49155","EventReceivedTime":"2018-01-26 17:22:49","SourceModuleName":"in","SourceModuleType":"im_msvistalog","DeviceVendor":"Microsoft","DeviceProduct":"EventLog"}
{"EventTime":"2018-01-26 17:22:12","Hostname":"DESKTOP-PPDS4VR","Keywords":-9223372036854775808,"EventType":"INFO","SeverityValue":2,"Severity":"INFO","EventID":3,"SourceName":"Microsoft-Windows-Sysmon","ProviderGuid":"{5770385F-C22A-43E0-BF4C-06F5698FFBD9}","Version":5,"Task":3,"OpcodeValue":0,"RecordNumber":28899,"ProcessID":3124,"ThreadID":5240,"Channel":"Microsoft-Windows-Sysmon/Operational","Domain":"NT AUTHORITY","AccountName":"SYSTEM","UserID":"S-1-5-18","AccountType":"User","Message":"Network connection detected:\r\nUtcTime: 2018-01-26 09:22:10.948\r\nProcessGuid: {85283F4F-746B-5A69-0000-0010EB030000}\r\nProcessId: 4\r\nImage: System\r\nUser: NT AUTHORITY\\SYSTEM\r\nProtocol: tcp\r\nInitiated: false\r\nSourceIsIpv6: true\r\nSourceIp: 0:0:0:0:0:0:0:1\r\nSourceHostname: DESKTOP-PPDS4VR\r\nSourcePort: 49155\r\nSourcePortName: \r\nDestinationIsIpv6: true\r\nDestinationIp: 0:0:0:0:0:0:0:1\r\nDestinationHostname: DESKTOP-PPDS4VR\r\nDestinationPort: 50563\r\nDestinationPortName: ","Category":"Network connection detected (rule: NetworkConnect)","Opcode":"Info","UtcTime":"2018-01-26 09:22:10.948","ProcessGuid":"{85283F4F-746B-5A69-0000-0010EB030000}","Image":"System","User":"NT AUTHORITY\\SYSTEM","Protocol":"tcp","Initiated":"false","SourceIsIpv6":"true","SourceIp":"0:0:0:0:0:0:0:1","SourceHostname":"DESKTOP-PPDS4VR","SourcePort":"49155","DestinationIsIpv6":"true","DestinationIp":"0:0:0:0:0:0:0:1","DestinationHostname":"DESKTOP-PPDS4VR","DestinationPort":"50563","EventReceivedTime":"2018-01-26 17:22:49","SourceModuleName":"in","SourceModuleType":"im_msvistalog","DeviceVendor":"Microsoft","DeviceProduct":"EventLog"}
{"EventTime":"2018-01-26 17:22:15","Hostname":"DESKTOP-PPDS4VR","Keywords":-9223372036854775808,"EventType":"INFO","SeverityValue":2,"Severity":"INFO","EventID":5,"SourceName":"Microsoft-Windows-Sysmon","ProviderGuid":"{5770385F-C22A-43E0-BF4C-06F5698FFBD9}","Version":3,"Task":5,"OpcodeValue":0,"RecordNumber":28900,"ProcessID":3124,"ThreadID":5216,"Channel":"Microsoft-Windows-Sysmon/Operational","Domain":"NT AUTHORITY","AccountName":"SYSTEM","UserID":"S-1-5-18","AccountType":"User","Message":"Process terminated:\r\nUtcTime: 2018-01-26 09:22:15.644\r\nProcessGuid: {85283F4F-F2BE-5A6A-0000-00103DF43A02}\r\nProcessId: 11220\r\nImage: C:\\Users\\q\\Source\\Repos\\AllTheThings\\ConsoleApplication1\\bin\\Release\\ConsoleApplication1.exe","Category":"Process terminated (rule: ProcessTerminate)","Opcode":"Info","UtcTime":"2018-01-26 09:22:15.644","ProcessGuid":"{85283F4F-F2BE-5A6A-0000-00103DF43A02}","Image":"C:\\Users\\q\\Source\\Repos\\AllTheThings\\ConsoleApplication1\\bin\\Release\\ConsoleApplication1.exe","EventReceivedTime":"2018-01-26 17:22:49","SourceModuleName":"in","SourceModuleType":"im_msvistalog","DeviceVendor":"Microsoft","DeviceProduct":"EventLog"}
{"EventTime":"2018-01-26 17:22:15","Hostname":"DESKTOP-PPDS4VR","Keywords":-9223372036854775808,"EventType":"INFO","SeverityValue":2,"Severity":"INFO","EventID":5,"SourceName":"Microsoft-Windows-Sysmon","ProviderGuid":"{5770385F-C22A-43E0-BF4C-06F5698FFBD9}","Version":3,"Task":5,"OpcodeValue":0,"RecordNumber":28901,"ProcessID":3124,"ThreadID":5216,"Channel":"Microsoft-Windows-Sysmon/Operational","Domain":"NT AUTHORITY","AccountName":"SYSTEM","UserID":"S-1-5-18","AccountType":"User","Message":"Process terminated:\r\nUtcTime: 2018-01-26 09:22:15.644\r\nProcessGuid: {85283F4F-F2BE-5A6A-0000-001027F63A02}\r\nProcessId: 932\r\nImage: C:\\Windows\\System32\\conhost.exe","Category":"Process terminated (rule: ProcessTerminate)","Opcode":"Info","UtcTime":"2018-01-26 09:22:15.644","ProcessGuid":"{85283F4F-F2BE-5A6A-0000-001027F63A02}","Image":"C:\\Windows\\System32\\conhost.exe","EventReceivedTime":"2018-01-26 17:22:49","SourceModuleName":"in","SourceModuleType":"im_msvistalog","DeviceVendor":"Microsoft","DeviceProduct":"EventLog"}
{"EventTime":"2018-01-26 17:22:16","Hostname":"DESKTOP-PPDS4VR","Keywords":-9223372036854775808,"EventType":"INFO","SeverityValue":2,"Severity":"INFO","EventID":1,"SourceName":"Microsoft-Windows-Sysmon","ProviderGuid":"{5770385F-C22A-43E0-BF4C-06F5698FFBD9}","Version":5,"Task":1,"OpcodeValue":0,"RecordNumber":28902,"ProcessID":3124,"ThreadID":5216,"Channel":"Microsoft-Windows-Sysmon/Operational","Domain":"NT AUTHORITY","AccountName":"SYSTEM","UserID":"S-1-5-18","AccountType":"User","Message":"Process Create:\r\nUtcTime: 2018-01-26 09:22:16.448\r\nProcessGuid: {85283F4F-F348-5A6A-0000-001082F33E02}\r\nProcessId: 11084\r\nImage: C:\\Windows\\System32\\svchost.exe\r\nCommandLine: C:\\WINDOWS\\system32\\svchost.exe -k LocalServiceAndNoImpersonation -p -s QWAVE\r\nCurrentDirectory: C:\\WINDOWS\\system32\\\r\nUser: NT AUTHORITY\\LOCAL SERVICE\r\nLogonGuid: {85283F4F-746F-5A69-0000-0020E5030000}\r\nLogonId: 0x3E5\r\nTerminalSessionId: 0\r\nIntegrityLevel: System\r\nHashes: SHA1=B3D7C886DC6607A50874E0ECF2B90CFC3C4B57B8,MD5=440684C4F823AAE2CC587363F9C477A6,SHA256=B868487F8EDBD0571D30D89573F087BFEAC3DA190652344AFD351B1868EA0F8B,IMPHASH=2D96CFB58240EE8935C8F659B749722F\r\nParentProcessGuid: {85283F4F-746F-5A69-0000-001063A10000}\r\nParentProcessId: 680\r\nParentImage: C:\\Windows\\System32\\services.exe\r\nParentCommandLine: C:\\WINDOWS\\system32\\services.exe","Category":"Process Create (rule: ProcessCreate)","Opcode":"Info","UtcTime":"2018-01-26 09:22:16.448","ProcessGuid":"{85283F4F-F348-5A6A-0000-001082F33E02}","Image":"C:\\Windows\\System32\\svchost.exe","CommandLine":"C:\\WINDOWS\\system32\\svchost.exe -k LocalServiceAndNoImpersonation -p -s QWAVE","CurrentDirectory":"C:\\WINDOWS\\system32\\","User":"NT AUTHORITY\\LOCAL SERVICE","LogonGuid":"{85283F4F-746F-5A69-0000-0020E5030000}","LogonId":"0x3e5","TerminalSessionId":"0","IntegrityLevel":"System","Hashes":"SHA1=B3D7C886DC6607A50874E0ECF2B90CFC3C4B57B8,MD5=440684C4F823AAE2CC587363F9C477A6,SHA256=B868487F8EDBD0571D30D89573F087BFEAC3DA190652344AFD351B1868EA0F8B,IMPHASH=2D96CFB58240EE8935C8F659B749722F","ParentProcessGuid":"{85283F4F-746F-5A69-0000-001063A10000}","ParentProcessId":"680","ParentImage":"C:\\Windows\\System32\\services.exe","ParentCommandLine":"C:\\WINDOWS\\system32\\services.exe","EventReceivedTime":"2018-01-26 17:22:49","SourceModuleName":"in","SourceModuleType":"im_msvistalog","DeviceVendor":"Microsoft","DeviceProduct":"EventLog"}
{"EventTime":"2018-01-26 17:22:19","Hostname":"DESKTOP-PPDS4VR","Keywords":-9223372036854775808,"EventType":"INFO","SeverityValue":2,"Severity":"INFO","EventID":5,"SourceName":"Microsoft-Windows-Sysmon","ProviderGuid":"{5770385F-C22A-43E0-BF4C-06F5698FFBD9}","Version":3,"Task":5,"OpcodeValue":0,"RecordNumber":28903,"ProcessID":3124,"ThreadID":5216,"Channel":"Microsoft-Windows-Sysmon/Operational","Domain":"NT AUTHORITY","AccountName":"SYSTEM","UserID":"S-1-5-18","AccountType":"User","Message":"Process terminated:\r\nUtcTime: 2018-01-26 09:22:19.034\r\nProcessGuid: {85283F4F-F348-5A6A-0000-001082F33E02}\r\nProcessId: 11084\r\nImage: C:\\Windows\\System32\\svchost.exe","Category":"Process terminated (rule: ProcessTerminate)","Opcode":"Info","UtcTime":"2018-01-26 09:22:19.034","ProcessGuid":"{85283F4F-F348-5A6A-0000-001082F33E02}","Image":"C:\\Windows\\System32\\svchost.exe","EventReceivedTime":"2018-01-26 17:22:49","SourceModuleName":"in","SourceModuleType":"im_msvistalog","DeviceVendor":"Microsoft","DeviceProduct":"EventLog"}
{"EventTime":"2018-01-26 17:22:27","Hostname":"DESKTOP-PPDS4VR","Keywords":-9223372036854775808,"EventType":"INFO","SeverityValue":2,"Severity":"INFO","EventID":1,"SourceName":"Microsoft-Windows-Sysmon","ProviderGuid":"{5770385F-C22A-43E0-BF4C-06F5698FFBD9}","Version":5,"Task":1,"OpcodeValue":0,"RecordNumber":28904,"ProcessID":3124,"ThreadID":5216,"Channel":"Microsoft-Windows-Sysmon/Operational","Domain":"NT AUTHORITY","AccountName":"SYSTEM","UserID":"S-1-5-18","AccountType":"User","Message":"Process Create:\r\nUtcTime: 2018-01-26 09:22:27.525\r\nProcessGuid: {85283F4F-F353-5A6A-0000-001058393F02}\r\nProcessId: 10720\r\nImage: C:\\Windows\\System32\\svchost.exe\r\nCommandLine: C:\\WINDOWS\\system32\\svchost.exe -k LocalServiceAndNoImpersonation -p -s QWAVE\r\nCurrentDirectory: C:\\WINDOWS\\system32\\\r\nUser: NT AUTHORITY\\LOCAL SERVICE\r\nLogonGuid: {85283F4F-746F-5A69-0000-0020E5030000}\r\nLogonId: 0x3E5\r\nTerminalSessionId: 0\r\nIntegrityLevel: System\r\nHashes: SHA1=B3D7C886DC6607A50874E0ECF2B90CFC3C4B57B8,MD5=440684C4F823AAE2CC587363F9C477A6,SHA256=B868487F8EDBD0571D30D89573F087BFEAC3DA190652344AFD351B1868EA0F8B,IMPHASH=2D96CFB58240EE8935C8F659B749722F\r\nParentProcessGuid: {85283F4F-746F-5A69-0000-001063A10000}\r\nParentProcessId: 680\r\nParentImage: C:\\Windows\\System32\\services.exe\r\nParentCommandLine: C:\\WINDOWS\\system32\\services.exe","Category":"Process Create (rule: ProcessCreate)","Opcode":"Info","UtcTime":"2018-01-26 09:22:27.525","ProcessGuid":"{85283F4F-F353-5A6A-0000-001058393F02}","Image":"C:\\Windows\\System32\\svchost.exe","CommandLine":"C:\\WINDOWS\\system32\\svchost.exe -k LocalServiceAndNoImpersonation -p -s QWAVE","CurrentDirectory":"C:\\WINDOWS\\system32\\","User":"NT AUTHORITY\\LOCAL SERVICE","LogonGuid":"{85283F4F-746F-5A69-0000-0020E5030000}","LogonId":"0x3e5","TerminalSessionId":"0","IntegrityLevel":"System","Hashes":"SHA1=B3D7C886DC6607A50874E0ECF2B90CFC3C4B57B8,MD5=440684C4F823AAE2CC587363F9C477A6,SHA256=B868487F8EDBD0571D30D89573F087BFEAC3DA190652344AFD351B1868EA0F8B,IMPHASH=2D96CFB58240EE8935C8F659B749722F","ParentProcessGuid":"{85283F4F-746F-5A69-0000-001063A10000}","ParentProcessId":"680","ParentImage":"C:\\Windows\\System32\\services.exe","ParentCommandLine":"C:\\WINDOWS\\system32\\services.exe","EventReceivedTime":"2018-01-26 17:22:49","SourceModuleName":"in","SourceModuleType":"im_msvistalog","DeviceVendor":"Microsoft","DeviceProduct":"EventLog"}
{"EventTime":"2018-01-26 17:22:39","Hostname":"DESKTOP-PPDS4VR","Keywords":-9223372036854775808,"EventType":"INFO","SeverityValue":2,"Severity":"INFO","EventID":5,"SourceName":"Microsoft-Windows-Sysmon","ProviderGuid":"{5770385F-C22A-43E0-BF4C-06F5698FFBD9}","Version":3,"Task":5,"OpcodeValue":0,"RecordNumber":28905,"ProcessID":3124,"ThreadID":5216,"Channel":"Microsoft-Windows-Sysmon/Operational","Domain":"NT AUTHORITY","AccountName":"SYSTEM","UserID":"S-1-5-18","AccountType":"User","Message":"Process terminated:\r\nUtcTime: 2018-01-26 09:22:39.815\r\nProcessGuid: {85283F4F-F353-5A6A-0000-001058393F02}\r\nProcessId: 10720\r\nImage: C:\\Windows\\System32\\svchost.exe","Category":"Process terminated (rule: ProcessTerminate)","Opcode":"Info","UtcTime":"2018-01-26 09:22:39.815","ProcessGuid":"{85283F4F-F353-5A6A-0000-001058393F02}","Image":"C:\\Windows\\System32\\svchost.exe","EventReceivedTime":"2018-01-26 17:22:49","SourceModuleName":"in","SourceModuleType":"im_msvistalog","DeviceVendor":"Microsoft","DeviceProduct":"EventLog"}
{"EventTime":"2018-01-26 17:22:41","Hostname":"DESKTOP-PPDS4VR","Keywords":-9223372036854775808,"EventType":"INFO","SeverityValue":2,"Severity":"INFO","EventID":1,"SourceName":"Microsoft-Windows-Sysmon","ProviderGuid":"{5770385F-C22A-43E0-BF4C-06F5698FFBD9}","Version":5,"Task":1,"OpcodeValue":0,"RecordNumber":28906,"ProcessID":3124,"ThreadID":5216,"Channel":"Microsoft-Windows-Sysmon/Operational","Domain":"NT AUTHORITY","AccountName":"SYSTEM","UserID":"S-1-5-18","AccountType":"User","Message":"Process Create:\r\nUtcTime: 2018-01-26 09:22:41.165\r\nProcessGuid: {85283F4F-F361-5A6A-0000-00109F7A3F02}\r\nProcessId: 6352\r\nImage: C:\\Windows\\System32\\svchost.exe\r\nCommandLine: C:\\WINDOWS\\system32\\svchost.exe -k LocalServiceAndNoImpersonation -p -s QWAVE\r\nCurrentDirectory: C:\\WINDOWS\\system32\\\r\nUser: NT AUTHORITY\\LOCAL SERVICE\r\nLogonGuid: {85283F4F-746F-5A69-0000-0020E5030000}\r\nLogonId: 0x3E5\r\nTerminalSessionId: 0\r\nIntegrityLevel: System\r\nHashes: SHA1=B3D7C886DC6607A50874E0ECF2B90CFC3C4B57B8,MD5=440684C4F823AAE2CC587363F9C477A6,SHA256=B868487F8EDBD0571D30D89573F087BFEAC3DA190652344AFD351B1868EA0F8B,IMPHASH=2D96CFB58240EE8935C8F659B749722F\r\nParentProcessGuid: {85283F4F-746F-5A69-0000-001063A10000}\r\nParentProcessId: 680\r\nParentImage: C:\\Windows\\System32\\services.exe\r\nParentCommandLine: C:\\WINDOWS\\system32\\services.exe","Category":"Process Create (rule: ProcessCreate)","Opcode":"Info","UtcTime":"2018-01-26 09:22:41.165","ProcessGuid":"{85283F4F-F361-5A6A-0000-00109F7A3F02}","Image":"C:\\Windows\\System32\\svchost.exe","CommandLine":"C:\\WINDOWS\\system32\\svchost.exe -k LocalServiceAndNoImpersonation -p -s QWAVE","CurrentDirectory":"C:\\WINDOWS\\system32\\","User":"NT AUTHORITY\\LOCAL SERVICE","LogonGuid":"{85283F4F-746F-5A69-0000-0020E5030000}","LogonId":"0x3e5","TerminalSessionId":"0","IntegrityLevel":"System","Hashes":"SHA1=B3D7C886DC6607A50874E0ECF2B90CFC3C4B57B8,MD5=440684C4F823AAE2CC587363F9C477A6,SHA256=B868487F8EDBD0571D30D89573F087BFEAC3DA190652344AFD351B1868EA0F8B,IMPHASH=2D96CFB58240EE8935C8F659B749722F","ParentProcessGuid":"{85283F4F-746F-5A69-0000-001063A10000}","ParentProcessId":"680","ParentImage":"C:\\Windows\\System32\\services.exe","ParentCommandLine":"C:\\WINDOWS\\system32\\services.exe","EventReceivedTime":"2018-01-26 17:22:49","SourceModuleName":"in","SourceModuleType":"im_msvistalog","DeviceVendor":"Microsoft","DeviceProduct":"EventLog"}
{"EventTime":"2018-01-26 17:22:44","Hostname":"DESKTOP-PPDS4VR","Keywords":-9223372036854775808,"EventType":"INFO","SeverityValue":2,"Severity":"INFO","EventID":2,"SourceName":"Microsoft-Windows-Sysmon","ProviderGuid":"{5770385F-C22A-43E0-BF4C-06F5698FFBD9}","Version":4,"Task":2,"OpcodeValue":0,"RecordNumber":28907,"ProcessID":3124,"ThreadID":5216,"Channel":"Microsoft-Windows-Sysmon/Operational","Domain":"NT AUTHORITY","AccountName":"SYSTEM","UserID":"S-1-5-18","AccountType":"User","Message":"File creation time changed:\r\nUtcTime: 2018-01-26 09:22:44.455\r\nProcessGuid: {85283F4F-7471-5A69-0000-00105C180200}\r\nProcessId: 2612\r\nImage: C:\\WINDOWS\\System32\\spoolsv.exe\r\nTargetFilename: C:\\Windows\\System32\\spool\\drivers\\x64\\3\\New\\TP PS Driver 01BF6B7EEBE04b22B6E56144F5BE1FAC.ppd\r\nCreationUtcTime: 2018-01-26 09:22:44.393\r\nPreviousCreationUtcTime: 2018-01-26 09:22:44.455","Category":"File creation time changed (rule: FileCreateTime)","Opcode":"Info","UtcTime":"2018-01-26 09:22:44.455","ProcessGuid":"{85283F4F-7471-5A69-0000-00105C180200}","Image":"C:\\WINDOWS\\System32\\spoolsv.exe","TargetFilename":"C:\\Windows\\System32\\spool\\drivers\\x64\\3\\New\\TP PS Driver 01BF6B7EEBE04b22B6E56144F5BE1FAC.ppd","CreationUtcTime":"2018-01-26 09:22:44.393","PreviousCreationUtcTime":"2018-01-26 09:22:44.455","EventReceivedTime":"2018-01-26 17:22:49","SourceModuleName":"in","SourceModuleType":"im_msvistalog","DeviceVendor":"Microsoft","DeviceProduct":"EventLog"}
{"EventTime":"2018-01-26 17:22:48","Hostname":"DESKTOP-PPDS4VR","Keywords":-9223372036854775808,"EventType":"INFO","SeverityValue":2,"Severity":"INFO","EventID":2,"SourceName":"Microsoft-Windows-Sysmon","ProviderGuid":"{5770385F-C22A-43E0-BF4C-06F5698FFBD9}","Version":4,"Task":2,"OpcodeValue":0,"RecordNumber":28908,"ProcessID":3124,"ThreadID":5216,"Channel":"Microsoft-Windows-Sysmon/Operational","Domain":"NT AUTHORITY","AccountName":"SYSTEM","UserID":"S-1-5-18","AccountType":"User","Message":"File creation time changed:\r\nUtcTime: 2018-01-26 09:22:48.018\r\nProcessGuid: {85283F4F-7471-5A69-0000-00105C180200}\r\nProcessId: 2612\r\nImage: C:\\WINDOWS\\System32\\spoolsv.exe\r\nTargetFilename: C:\\Windows\\System32\\spool\\drivers\\x64\\3\\New\\TP PS Driver A5760B899E8A4d3aBABFB02D96A1A3E8.ppd\r\nCreationUtcTime: 2018-01-26 09:22:47.971\r\nPreviousCreationUtcTime: 2018-01-26 09:22:48.018","Category":"File creation time changed (rule: FileCreateTime)","Opcode":"Info","UtcTime":"2018-01-26 09:22:48.018","ProcessGuid":"{85283F4F-7471-5A69-0000-00105C180200}","Image":"C:\\WINDOWS\\System32\\spoolsv.exe","TargetFilename":"C:\\Windows\\System32\\spool\\drivers\\x64\\3\\New\\TP PS Driver A5760B899E8A4d3aBABFB02D96A1A3E8.ppd","CreationUtcTime":"2018-01-26 09:22:47.971","PreviousCreationUtcTime":"2018-01-26 09:22:48.018","EventReceivedTime":"2018-01-26 17:22:49","SourceModuleName":"in","SourceModuleType":"im_msvistalog","DeviceVendor":"Microsoft","DeviceProduct":"EventLog"}
{"EventTime":"2018-01-26 17:22:49","Hostname":"DESKTOP-PPDS4VR","Keywords":-9223372036854775808,"EventType":"INFO","SeverityValue":2,"Severity":"INFO","EventID":1,"SourceName":"Microsoft-Windows-Sysmon","ProviderGuid":"{5770385F-C22A-43E0-BF4C-06F5698FFBD9}","Version":5,"Task":1,"OpcodeValue":0,"RecordNumber":28909,"ProcessID":3124,"ThreadID":5216,"Channel":"Microsoft-Windows-Sysmon/Operational","Domain":"NT AUTHORITY","AccountName":"SYSTEM","UserID":"S-1-5-18","AccountType":"User","Message":"Process Create:\r\nUtcTime: 2018-01-26 09:22:49.062\r\nProcessGuid: {85283F4F-F369-5A6A-0000-00105D2B4002}\r\nProcessId: 10672\r\nImage: C:\\Program Files (x86)\\nxlog\\nxlog.exe\r\nCommandLine: \"C:\\Program Files (x86)\\nxlog\\nxlog.exe\" -c \"C:\\Program Files (x86)\\nxlog\\conf\\nxlog.conf\"\r\nCurrentDirectory: C:\\WINDOWS\\system32\\\r\nUser: NT AUTHORITY\\SYSTEM\r\nLogonGuid: {85283F4F-746F-5A69-0000-0020E7030000}\r\nLogonId: 0x3E7\r\nTerminalSessionId: 0\r\nIntegrityLevel: System\r\nHashes: SHA1=A0F6B5F5F0EBCF07F65D1CD41AC50BDA706DD67E,MD5=465C074D1AFF94981C87268D889E8060,SHA256=C59E5C9EC0F4A99E44ECFD2CCE0425619D22CF82F7A430D11832F2BB571C56ED,IMPHASH=517158273EC1C6D5E65120E91DD2284A\r\nParentProcessGuid: {85283F4F-746F-5A69-0000-001063A10000}\r\nParentProcessId: 680\r\nParentImage: C:\\Windows\\System32\\services.exe\r\nParentCommandLine: C:\\WINDOWS\\system32\\services.exe","Category":"Process Create (rule: ProcessCreate)","Opcode":"Info","UtcTime":"2018-01-26 09:22:49.062","ProcessGuid":"{85283F4F-F369-5A6A-0000-00105D2B4002}","Image":"C:\\Program Files (x86)\\nxlog\\nxlog.exe","CommandLine":"\"C:\\Program Files (x86)\\nxlog\\nxlog.exe\" -c \"C:\\Program Files (x86)\\nxlog\\conf\\nxlog.conf\"","CurrentDirectory":"C:\\WINDOWS\\system32\\","User":"NT AUTHORITY\\SYSTEM","LogonGuid":"{85283F4F-746F-5A69-0000-0020E7030000}","LogonId":"0x3e7","TerminalSessionId":"0","IntegrityLevel":"System","Hashes":"SHA1=A0F6B5F5F0EBCF07F65D1CD41AC50BDA706DD67E,MD5=465C074D1AFF94981C87268D889E8060,SHA256=C59E5C9EC0F4A99E44ECFD2CCE0425619D22CF82F7A430D11832F2BB571C56ED,IMPHASH=517158273EC1C6D5E65120E91DD2284A","ParentProcessGuid":"{85283F4F-746F-5A69-0000-001063A10000}","ParentProcessId":"680","ParentImage":"C:\\Windows\\System32\\services.exe","ParentCommandLine":"C:\\WINDOWS\\system32\\services.exe","EventReceivedTime":"2018-01-26 17:22:50","SourceModuleName":"in","SourceModuleType":"im_msvistalog","DeviceVendor":"Microsoft","DeviceProduct":"EventLog"}
