{"EventTime":"2018-01-26 17:22:51","Hostname":"DESKTOP-PPDS4VR","Keywords":-9223372036854775808,"EventType":"INFO","SeverityValue":2,"Severity":"INFO","EventID":3,"SourceName":"Microsoft-Windows-Sysmon","ProviderGuid":"{5770385F-C22A-43E0-BF4C-06F5698FFBD9}","Version":5,"Task":3,"OpcodeValue":0,"RecordNumber":28910,"ProcessID":3124,"ThreadID":5240,"Channel":"Microsoft-Windows-Sysmon/Operational","Domain":"NT AUTHORITY","AccountName":"SYSTEM","UserID":"S-1-5-18","AccountType":"User","Message":"Network connection detected:\r\nUtcTime: 2018-01-26 09:22:50.148\r\nProcessGuid: {85283F4F-F369-5A6A-0000-00105D2B4002}\r\nProcessId: 10672\r\nImage: C:\\Program Files (x86)\\nxlog\\nxlog.exe\r\nUser: NT AUTHORITY\\SYSTEM\r\nProtocol: tcp\r\nInitiated: true\r\nSourceIsIpv6: false\r\nSourceIp: 127.0.0.1\r\nSourceHostname: DESKTOP-PPDS4VR\r\nSourcePort: 50565\r\nSourcePortName: \r\nDestinationIsIpv6: false\r\nDestinationIp: 127.0.0.1\r\nDestinationHostname: DESKTOP-PPDS4VR\r\nDestinationPort: 50564\r\nDestinationPortName: ","Category":"Network connection detected (rule: NetworkConnect)","Opcode":"Info","UtcTime":"2018-01-26 09:22:50.148","ProcessGuid":"{85283F4F-F369-5A6A-0000-00105D2B4002}","Image":"C:\\Program Files (x86)\\nxlog\\nxlog.exe","User":"NT AUTHORITY\\SYSTEM","Protocol":"tcp","Initiated":"true","SourceIsIpv6":"false","SourceIp":"127.0.0.1","SourceHostname":"DESKTOP-PPDS4VR","SourcePort":"50565","DestinationIsIpv6":"false","DestinationIp":"127.0.0.1","DestinationHostname":"DESKTOP-PPDS4VR","DestinationPort":"50564","EventReceivedTime":"2018-01-26 17:22:53","SourceModuleName":"in","SourceModuleType":"im_msvistalog","DeviceVendor":"Microsoft","DeviceProduct":"EventLog"}
{"EventTime":"2018-01-26 17:22:51","Hostname":"DESKTOP-PPDS4VR","Keywords":-9223372036854775808,"EventType":"INFO","SeverityValue":2,"Severity":"INFO","EventID":3,"SourceName":"Microsoft-Windows-Sysmon","ProviderGuid":"{5770385F-C22A-43E0-BF4C-06F5698FFBD9}","Version":5,"Task":3,"OpcodeValue":0,"RecordNumber":28911,"ProcessID":3124,"ThreadID":5240,"Channel":"Microsoft-Windows-Sysmon/Operational","Domain":"NT AUTHORITY","AccountName":"SYSTEM","UserID":"S-1-5-18","AccountType":"User","Message":"Network connection detected:\r\nUtcTime: 2018-01-26 09:22:50.149\r\nProcessGuid: {85283F4F-F369-5A6A-0000-00105D2B4002}\r\nProcessId: 10672\r\nImage: C:\\Program Files (x86)\\nxlog\\nxlog.exe\r\nUser: NT AUTHORITY\\SYSTEM\r\nProtocol: tcp\r\nInitiated: false\r\nSourceIsIpv6: false\r\nSourceIp: 127.0.0.1\r\nSourceHostname: DESKTOP-PPDS4VR\r\nSourcePort: 50564\r\nSourcePortName: \r\nDestinationIsIpv6: false\r\nDestinationIp: 127.0.0.1\r\nDestinationHostname: DESKTOP-PPDS4VR\r\nDestinationPort: 50565\r\nDestinationPortName: ","Category":"Network connection detected (rule: NetworkConnect)","Opcode":"Info","UtcTime":"2018-01-26 09:22:50.149","ProcessGuid":"{85283F4F-F369-5A6A-0000-00105D2B4002}","Image":"C:\\Program Files (x86)\\nxlog\\nxlog.exe","User":"NT AUTHORITY\\SYSTEM","Protocol":"tcp","Initiated":"false","SourceIsIpv6":"false","SourceIp":"127.0.0.1","SourceHostname":"DESKTOP-PPDS4VR","SourcePort":"50564","DestinationIsIpv6":"false","DestinationIp":"127.0.0.1","DestinationHostname":"DESKTOP-PPDS4VR","DestinationPort":"50565","EventReceivedTime":"2018-01-26 17:22:53","SourceModuleName":"in","SourceModuleType":"im_msvistalog","DeviceVendor":"Microsoft","DeviceProduct":"EventLog"}
{"EventTime":"2018-01-26 17:22:54","Hostname":"DESKTOP-PPDS4VR","Keywords":-9223372036854775808,"EventType":"INFO","SeverityValue":2,"Severity":"INFO","EventID":3,"SourceName":"Microsoft-Windows-Sysmon","ProviderGuid":"{5770385F-C22A-43E0-BF4C-06F5698FFBD9}","Version":5,"Task":3,"OpcodeValue":0,"RecordNumber":28912,"ProcessID":3124,"ThreadID":5240,"Channel":"Microsoft-Windows-Sysmon/Operational","Domain":"NT AUTHORITY","AccountName":"SYSTEM","UserID":"S-1-5-18","AccountType":"User","Message":"Network connection detected:\r\nUtcTime: 2018-01-26 09:22:53.107\r\nProcessGuid: {85283F4F-7471-5A69-0000-0010CDF40100}\r\nProcessId: 2304\r\nImage: C:\\Windows\\System32\\svchost.exe\r\nUser: NT AUTHORITY\\LOCAL SERVICE\r\nProtocol: udp\r\nInitiated: true\r\nSourceIsIpv6: true\r\nSourceIp: fe80:0:0:0:305c:1b52:3f57:4a22\r\nSourceHostname: DESKTOP-PPDS4VR\r\nSourcePort: 546\r\nSourcePortName: dhcpv6-client\r\nDestinationIsIpv6: true\r\nDestinationIp: ff02:0:0:0:0:0:1:2\r\nDestinationHostname: \r\nDestinationPort: 547\r\nDestinationPortName: dhcpv6-server","Category":"Network connection detected (rule: NetworkConnect)","Opcode":"Info","UtcTime":"2018-01-26 09:22:53.107","ProcessGuid":"{85283F4F-7471-5A69-0000-0010CDF40100}","Image":"C:\\Windows\\System32\\svchost.exe","User":"NT AUTHORITY\\LOCAL SERVICE","Protocol":"udp","Initiated":"true","SourceIsIpv6":"true","SourceIp":"fe80:0:0:0:305c:1b52:3f57:4a22","SourceHostname":"DESKTOP-PPDS4VR","SourcePort":"546","SourcePortName":"dhcpv6-client","DestinationIsIpv6":"true","DestinationIp":"ff02:0:0:0:0:0:1:2","DestinationPort":"547","DestinationPortName":"dhcpv6-server","EventReceivedTime":"2018-01-26 17:22:55","SourceModuleName":"in","SourceModuleType":"im_msvistalog","DeviceVendor":"Microsoft","DeviceProduct":"EventLog"}
{"EventTime":"2018-01-26 17:23:00","Hostname":"DESKTOP-PPDS4VR","Keywords":-9223372036854775808,"EventType":"INFO","SeverityValue":2,"Severity":"INFO","EventID":1,"SourceName":"Microsoft-Windows-Sysmon","ProviderGuid":"{5770385F-C22A-43E0-BF4C-06F5698FFBD9}","Version":5,"Task":1,"OpcodeValue":0,"RecordNumber":28913,"ProcessID":3124,"ThreadID":5216,"Channel":"Microsoft-Windows-Sysmon/Operational","Domain":"NT AUTHORITY","AccountName":"SYSTEM","UserID":"S-1-5-18","AccountType":"User","Message":"Process Create:\r\nUtcTime: 2018-01-26 09:23:00.312\r\nProcessGuid: {85283F4F-F374-5A6A-0000-0010D26D4002}\r\nProcessId: 2176\r\nImage: C:\\Users\\q\\Source\\Repos\\AllTheThings\\ConsoleApplication1\\bin\\Release\\ConsoleApplication1.exe\r\nCommandLine: \"C:\\Users\\q\\Source\\Repos\\AllTheThings\\ConsoleApplication1\\bin\\Release\\ConsoleApplication1.exe\" \r\nCurrentDirectory: C:\\Users\\q\\Source\\Repos\\AllTheThings\\ConsoleApplication1\\bin\\Release\\\r\nUser: DESKTOP-PPDS4VR\\q\r\nLogonGuid: {85283F4F-7471-5A69-0000-0020A6370200}\r\nLogonId: 0x237A6\r\nTerminalSessionId: 1\r\nIntegrityLevel: Medium\r\nHashes: SHA1=E31F5FAAA0BFA9900116F86AF6FD4D5C0014E6FF,MD5=2F8DCB2E10413DE217F1520C74E48368,SHA256=F9CFA5B2CDEA9CCD50D6B474E2B82B130E32062D15C58FAA3F7D5DCF11731B16,IMPHASH=F34D5F2D4577ED6D9CEEC516C1F5A744\r\nParentProcessGuid: {85283F4F-7477-5A69-0000-00106FFD0600}\r\nParentProcessId: 6436\r\nParentImage: C:\\Windows\\explorer.exe\r\nParentCommandLine: C:\\WINDOWS\\Explorer.EXE","Category":"Process Create (rule: ProcessCreate)","Opcode":"Info","UtcTime":"2018-01-26 09:23:00.312","ProcessGuid":"{85283F4F-F374-5A6A-0000-0010D26D4002}","Image":"C:\\Users\\q\\Source\\Repos\\AllTheThings\\ConsoleApplication1\\bin\\Release\\ConsoleApplication1.exe","CommandLine":"\"C:\\Users\\q\\Source\\Repos\\AllTheThings\\ConsoleApplication1\\bin\\Release\\ConsoleApplication1.exe\" ","CurrentDirectory":"C:\\Users\\q\\Source\\Repos\\AllTheThings\\ConsoleApplication1\\bin\\Release\\","User":"DESKTOP-PPDS4VR\\q","LogonGuid":"{85283F4F-7471-5A69-0000-0020A6370200}","LogonId":"0x237a6","TerminalSessionId":"1","IntegrityLevel":"Medium","Hashes":"SHA1=E31F5FAAA0BFA9900116F86AF6FD4D5C0014E6FF,MD5=2F8DCB2E10413DE217F1520C74E48368,SHA256=F9CFA5B2CDEA9CCD50D6B474E2B82B130E32062D15C58FAA3F7D5DCF11731B16,IMPHASH=F34D5F2D4577ED6D9CEEC516C1F5A744","ParentProcessGuid":"{85283F4F-7477-5A69-0000-00106FFD0600}","ParentProcessId":"6436","ParentImage":"C:\\Windows\\explorer.exe","ParentCommandLine":"C:\\WINDOWS\\Explorer.EXE","EventReceivedTime":"2018-01-26 17:23:02","SourceModuleName":"in","SourceModuleType":"im_msvistalog","DeviceVendor":"Microsoft","DeviceProduct":"EventLog"}
{"EventTime":"2018-01-26 17:23:00","Hostname":"DESKTOP-PPDS4VR","Keywords":-9223372036854775808,"EventType":"INFO","SeverityValue":2,"Severity":"INFO","EventID":1,"SourceName":"Microsoft-Windows-Sysmon","ProviderGuid":"{5770385F-C22A-43E0-BF4C-06F5698FFBD9}","Version":5,"Task":1,"OpcodeValue":0,"RecordNumber":28914,"ProcessID":3124,"ThreadID":5216,"Channel":"Microsoft-Windows-Sysmon/Operational","Domain":"NT AUTHORITY","AccountName":"SYSTEM","UserID":"S-1-5-18","AccountType":"User","Message":"Process Create:\r\nUtcTime: 2018-01-26 09:23:00.322\r\nProcessGuid: {85283F4F-F374-5A6A-0000-0010A36F4002}\r\nProcessId: 1164\r\nImage: C:\\Windows\\System32\\conhost.exe\r\nCommandLine: \\??\\C:\\WINDOWS\\system32\\conhost.exe 0xffffffff -ForceV1\r\nCurrentDirectory: C:\\WINDOWS\r\nUser: DESKTOP-PPDS4VR\\q\r\nLogonGuid: {85283F4F-7471-5A69-0000-0020A6370200}\r\nLogonId: 0x237A6\r\nTerminalSessionId: 1\r\nIntegrityLevel: Medium\r\nHashes: SHA1=B0BF5AC2E81BBF597FAD5F349FEEB32CAC449FA2,MD5=6A255BEBF3DBCD13585538ED47DBAFD7,SHA256=4668BB2223FFB983A5F1273B9E3D9FA2C5CE4A0F1FB18CA5C1B285762020073C,IMPHASH=2505BD03D7BD285E50CE89CEC02B333B\r\nParentProcessGuid: {85283F4F-F374-5A6A-0000-0010D26D4002}\r\nParentProcessId: 2176\r\nParentImage: C:\\Users\\q\\Source\\Repos\\AllTheThings\\ConsoleApplication1\\bin\\Release\\ConsoleApplication1.exe\r\nParentCommandLine: \"C:\\Users\\q\\Source\\Repos\\AllTheThings\\ConsoleApplication1\\bin\\Release\\ConsoleApplication1.exe\" ","Category":"Process Create (rule: ProcessCreate)","Opcode":"Info","UtcTime":"2018-01-26 09:23:00.322","ProcessGuid":"{85283F4F-F374-5A6A-0000-0010A36F4002}","Image":"C:\\Windows\\System32\\conhost.exe","CommandLine":"\\??\\C:\\WINDOWS\\system32\\conhost.exe 0xffffffff -ForceV1","CurrentDirectory":"C:\\WINDOWS","User":"DESKTOP-PPDS4VR\\q","LogonGuid":"{85283F4F-7471-5A69-0000-0020A6370200}","LogonId":"0x237a6","TerminalSessionId":"1","IntegrityLevel":"Medium","Hashes":"SHA1=B0BF5AC2E81BBF597FAD5F349FEEB32CAC449FA2,MD5=6A255BEBF3DBCD13585538ED47DBAFD7,SHA256=4668BB2223FFB983A5F1273B9E3D9FA2C5CE4A0F1FB18CA5C1B285762020073C,IMPHASH=2505BD03D7BD285E50CE89CEC02B333B","ParentProcessGuid":"{85283F4F-F374-5A6A-0000-0010D26D4002}","ParentProcessId":"2176","ParentImage":"C:\\Users\\q\\Source\\Repos\\AllTheThings\\ConsoleApplication1\\bin\\Release\\ConsoleApplication1.exe","ParentCommandLine":"\"C:\\Users\\q\\Source\\Repos\\AllTheThings\\ConsoleApplication1\\bin\\Release\\ConsoleApplication1.exe\" ","EventReceivedTime":"2018-01-26 17:23:02","SourceModuleName":"in","SourceModuleType":"im_msvistalog","DeviceVendor":"Microsoft","DeviceProduct":"EventLog"}
{"EventTime":"2018-01-26 17:23:02","Hostname":"DESKTOP-PPDS4VR","Keywords":-9223372036854775808,"EventType":"INFO","SeverityValue":2,"Severity":"INFO","EventID":3,"SourceName":"Microsoft-Windows-Sysmon","ProviderGuid":"{5770385F-C22A-43E0-BF4C-06F5698FFBD9}","Version":5,"Task":3,"OpcodeValue":0,"RecordNumber":28915,"ProcessID":3124,"ThreadID":5240,"Channel":"Microsoft-Windows-Sysmon/Operational","Domain":"NT AUTHORITY","AccountName":"SYSTEM","UserID":"S-1-5-18","AccountType":"User","Message":"Network connection detected:\r\nUtcTime: 2018-01-26 09:23:01.538\r\nProcessGuid: {85283F4F-F374-5A6A-0000-0010D26D4002}\r\nProcessId: 2176\r\nImage: C:\\Users\\q\\Source\\Repos\\AllTheThings\\ConsoleApplication1\\bin\\Release\\ConsoleApplication1.exe\r\nUser: DESKTOP-PPDS4VR\\q\r\nProtocol: tcp\r\nInitiated: true\r\nSourceIsIpv6: false\r\nSourceIp: 192.168.181.221\r\nSourceHostname: DESKTOP-PPDS4VR.localdomain\r\nSourcePort: 50566\r\nSourcePortName: \r\nDestinationIsIpv6: false\r\nDestinationIp: 192.168.181.197\r\nDestinationHostname: \r\nDestinationPort: 443\r\nDestinationPortName: https","Category":"Network connection detected (rule: NetworkConnect)","Opcode":"Info","UtcTime":"2018-01-26 09:23:01.538","ProcessGuid":"{85283F4F-F374-5A6A-0000-0010D26D4002}","Image":"C:\\Users\\q\\Source\\Repos\\AllTheThings\\ConsoleApplication1\\bin\\Release\\ConsoleApplication1.exe","User":"DESKTOP-PPDS4VR\\q","Protocol":"tcp","Initiated":"true","SourceIsIpv6":"false","SourceIp":"192.168.181.221","SourceHostname":"DESKTOP-PPDS4VR.localdomain","SourcePort":"50566","DestinationIsIpv6":"false","DestinationIp":"192.168.181.197","DestinationPort":"443","DestinationPortName":"https","EventReceivedTime":"2018-01-26 17:23:03","SourceModuleName":"in","SourceModuleType":"im_msvistalog","DeviceVendor":"Microsoft","DeviceProduct":"EventLog"}
{"EventTime":"2018-01-26 17:23:03","Hostname":"DESKTOP-PPDS4VR","Keywords":-9223372036854775808,"EventType":"INFO","SeverityValue":2,"Severity":"INFO","EventID":3,"SourceName":"Microsoft-Windows-Sysmon","ProviderGuid":"{5770385F-C22A-43E0-BF4C-06F5698FFBD9}","Version":5,"Task":3,"OpcodeValue":0,"RecordNumber":28916,"ProcessID":3124,"ThreadID":5240,"Channel":"Microsoft-Windows-Sysmon/Operational","Domain":"NT AUTHORITY","AccountName":"SYSTEM","UserID":"S-1-5-18","AccountType":"User","Message":"Network connection detected:\r\nUtcTime: 2018-01-26 09:23:02.680\r\nProcessGuid: {85283F4F-F374-5A6A-0000-0010D26D4002}\r\nProcessId: 2176\r\nImage: C:\\Users\\q\\Source\\Repos\\AllTheThings\\ConsoleApplication1\\bin\\Release\\ConsoleApplication1.exe\r\nUser: DESKTOP-PPDS4VR\\q\r\nProtocol: tcp\r\nInitiated: true\r\nSourceIsIpv6: false\r\nSourceIp: 192.168.181.221\r\nSourceHostname: DESKTOP-PPDS4VR.localdomain\r\nSourcePort: 50567\r\nSourcePortName: \r\nDestinationIsIpv6: false\r\nDestinationIp: 192.168.181.197\r\nDestinationHostname: \r\nDestinationPort: 443\r\nDestinationPortName: https","Category":"Network connection detected (rule: NetworkConnect)","Opcode":"Info","UtcTime":"2018-01-26 09:23:02.680","ProcessGuid":"{85283F4F-F374-5A6A-0000-0010D26D4002}","Image":"C:\\Users\\q\\Source\\Repos\\AllTheThings\\ConsoleApplication1\\bin\\Release\\ConsoleApplication1.exe","User":"DESKTOP-PPDS4VR\\q","Protocol":"tcp","Initiated":"true","SourceIsIpv6":"false","SourceIp":"192.168.181.221","SourceHostname":"DESKTOP-PPDS4VR.localdomain","SourcePort":"50567","DestinationIsIpv6":"false","DestinationIp":"192.168.181.197","DestinationPort":"443","DestinationPortName":"https","EventReceivedTime":"2018-01-26 17:23:05","SourceModuleName":"in","SourceModuleType":"im_msvistalog","DeviceVendor":"Microsoft","DeviceProduct":"EventLog"}
{"EventTime":"2018-01-26 17:23:08","Hostname":"DESKTOP-PPDS4VR","Keywords":-9223372036854775808,"EventType":"INFO","SeverityValue":2,"Severity":"INFO","EventID":5,"SourceName":"Microsoft-Windows-Sysmon","ProviderGuid":"{5770385F-C22A-43E0-BF4C-06F5698FFBD9}","Version":3,"Task":5,"OpcodeValue":0,"RecordNumber":28917,"ProcessID":3124,"ThreadID":5216,"Channel":"Microsoft-Windows-Sysmon/Operational","Domain":"NT AUTHORITY","AccountName":"SYSTEM","UserID":"S-1-5-18","AccountType":"User","Message":"Process terminated:\r\nUtcTime: 2018-01-26 09:23:08.378\r\nProcessGuid: {85283F4F-F213-5A6A-0000-001031183702}\r\nProcessId: 8228\r\nImage: C:\\Windows\\System32\\wbem\\WmiPrvSE.exe","Category":"Process terminated (rule: ProcessTerminate)","Opcode":"Info","UtcTime":"2018-01-26 09:23:08.378","ProcessGuid":"{85283F4F-F213-5A6A-0000-001031183702}","Image":"C:\\Windows\\System32\\wbem\\WmiPrvSE.exe","EventReceivedTime":"2018-01-26 17:23:10","SourceModuleName":"in","SourceModuleType":"im_msvistalog","DeviceVendor":"Microsoft","DeviceProduct":"EventLog"}
