{"EventTime":"2018-01-29 16:37:37","Hostname":"DESKTOP-PPDS4VR","Keywords":-9223372036854775808,"EventType":"INFO","SeverityValue":2,"Severity":"INFO","EventID":6,"SourceName":"Microsoft-Windows-Sysmon","ProviderGuid":"{5770385F-C22A-43E0-BF4C-06F5698FFBD9}","Version":3,"Task":6,"OpcodeValue":0,"RecordNumber":33259,"ProcessID":3124,"ThreadID":5248,"Channel":"Microsoft-Windows-Sysmon/Operational","Domain":"NT AUTHORITY","AccountName":"SYSTEM","UserID":"S-1-5-18","AccountType":"User","Message":"Driver loaded:\r\nUtcTime: 2018-01-29 08:37:37.889\r\nImageLoaded: C:\\Windows\\System32\\drivers\\bthport.sys\r\nHashes: SHA1=5181CCAACCC61A6311394DDB11BA25EE852231FE,MD5=D970480A59C314CC344118D7B185D7E6,SHA256=9DF9992EB9596DDFA4A0C6884D525B54F41D745B9249F368E0435370F2DF9316,IMPHASH=5953DF75969E4D728D40E8AA2427C3E9\r\nSigned: true\r\nSignature: Microsoft Windows\r\nSignatureStatus: Valid","Category":"Driver loaded (rule: DriverLoad)","Opcode":"Info","UtcTime":"2018-01-29 08:37:37.889","ImageLoaded":"C:\\Windows\\System32\\drivers\\bthport.sys","Hashes":"SHA1=5181CCAACCC61A6311394DDB11BA25EE852231FE,MD5=D970480A59C314CC344118D7B185D7E6,SHA256=9DF9992EB9596DDFA4A0C6884D525B54F41D745B9249F368E0435370F2DF9316,IMPHASH=5953DF75969E4D728D40E8AA2427C3E9","Signed":"true","Signature":"Microsoft Windows","SignatureStatus":"Valid","EventReceivedTime":"2018-01-29 16:37:39","SourceModuleName":"in","SourceModuleType":"im_msvistalog","DeviceVendor":"Microsoft","DeviceProduct":"EventLog"}
{"EventTime":"2018-01-29 16:37:37","Hostname":"DESKTOP-PPDS4VR","Keywords":-9223372036854775808,"EventType":"INFO","SeverityValue":2,"Severity":"INFO","EventID":6,"SourceName":"Microsoft-Windows-Sysmon","ProviderGuid":"{5770385F-C22A-43E0-BF4C-06F5698FFBD9}","Version":3,"Task":6,"OpcodeValue":0,"RecordNumber":33260,"ProcessID":3124,"ThreadID":5248,"Channel":"Microsoft-Windows-Sysmon/Operational","Domain":"NT AUTHORITY","AccountName":"SYSTEM","UserID":"S-1-5-18","AccountType":"User","Message":"Driver loaded:\r\nUtcTime: 2018-01-29 08:37:37.895\r\nImageLoaded: C:\\Windows\\System32\\drivers\\BTHUSB.SYS\r\nHashes: SHA1=82DA12A969D0057D4C8020650946BFE982C5FA34,MD5=55C836530A9602255BFB4F5D9DA2B737,SHA256=DB82CB1FB657955AE80A144CC30D5112CF90FBEFCE9E89CF7CEF2929EBE56B28,IMPHASH=355690D46DD572A850DD5224EDDD2786\r\nSigned: true\r\nSignature: Microsoft Windows\r\nSignatureStatus: Valid","Category":"Driver loaded (rule: DriverLoad)","Opcode":"Info","UtcTime":"2018-01-29 08:37:37.895","ImageLoaded":"C:\\Windows\\System32\\drivers\\BTHUSB.SYS","Hashes":"SHA1=82DA12A969D0057D4C8020650946BFE982C5FA34,MD5=55C836530A9602255BFB4F5D9DA2B737,SHA256=DB82CB1FB657955AE80A144CC30D5112CF90FBEFCE9E89CF7CEF2929EBE56B28,IMPHASH=355690D46DD572A850DD5224EDDD2786","Signed":"true","Signature":"Microsoft Windows","SignatureStatus":"Valid","EventReceivedTime":"2018-01-29 16:37:39","SourceModuleName":"in","SourceModuleType":"im_msvistalog","DeviceVendor":"Microsoft","DeviceProduct":"EventLog"}
{"EventTime":"2018-01-29 16:37:38","Hostname":"DESKTOP-PPDS4VR","Keywords":-9223372036854775808,"EventType":"INFO","SeverityValue":2,"Severity":"INFO","EventID":6,"SourceName":"Microsoft-Windows-Sysmon","ProviderGuid":"{5770385F-C22A-43E0-BF4C-06F5698FFBD9}","Version":3,"Task":6,"OpcodeValue":0,"RecordNumber":33261,"ProcessID":3124,"ThreadID":5248,"Channel":"Microsoft-Windows-Sysmon/Operational","Domain":"NT AUTHORITY","AccountName":"SYSTEM","UserID":"S-1-5-18","AccountType":"User","Message":"Driver loaded:\r\nUtcTime: 2018-01-29 08:37:37.905\r\nImageLoaded: C:\\Windows\\System32\\drivers\\rfcomm.sys\r\nHashes: SHA1=F50D7CC6455244F516107E90243692F8BF353254,MD5=5BF7698021DB13B55753FD921BEBE318,SHA256=E8FA328F4070765EE0BFE0D55E8E9CF7AF2D4F3233A1578FF58A7B2782AD9174,IMPHASH=2767DBC19FD5190AF4B7C4A3AD52584D\r\nSigned: true\r\nSignature: Microsoft Windows\r\nSignatureStatus: Valid","Category":"Driver loaded (rule: DriverLoad)","Opcode":"Info","UtcTime":"2018-01-29 08:37:37.905","ImageLoaded":"C:\\Windows\\System32\\drivers\\rfcomm.sys","Hashes":"SHA1=F50D7CC6455244F516107E90243692F8BF353254,MD5=5BF7698021DB13B55753FD921BEBE318,SHA256=E8FA328F4070765EE0BFE0D55E8E9CF7AF2D4F3233A1578FF58A7B2782AD9174,IMPHASH=2767DBC19FD5190AF4B7C4A3AD52584D","Signed":"true","Signature":"Microsoft Windows","SignatureStatus":"Valid","EventReceivedTime":"2018-01-29 16:37:39","SourceModuleName":"in","SourceModuleType":"im_msvistalog","DeviceVendor":"Microsoft","DeviceProduct":"EventLog"}
{"EventTime":"2018-01-29 16:37:38","Hostname":"DESKTOP-PPDS4VR","Keywords":-9223372036854775808,"EventType":"INFO","SeverityValue":2,"Severity":"INFO","EventID":6,"SourceName":"Microsoft-Windows-Sysmon","ProviderGuid":"{5770385F-C22A-43E0-BF4C-06F5698FFBD9}","Version":3,"Task":6,"OpcodeValue":0,"RecordNumber":33262,"ProcessID":3124,"ThreadID":5248,"Channel":"Microsoft-Windows-Sysmon/Operational","Domain":"NT AUTHORITY","AccountName":"SYSTEM","UserID":"S-1-5-18","AccountType":"User","Message":"Driver loaded:\r\nUtcTime: 2018-01-29 08:37:37.936\r\nImageLoaded: C:\\Windows\\System32\\drivers\\bthenum.sys\r\nHashes: SHA1=273CC5EC5A1769EC3D58873E954591CD7EA6ECD9,MD5=82BD96D56574231AD0E9BBF293EA2E7F,SHA256=EFC7121D6EC425F89BF10078F3716A63753303B6DAB6CC3EF90730E6CBED4630,IMPHASH=5A502985DD8492B7523876361A4CE780\r\nSigned: true\r\nSignature: Microsoft Windows\r\nSignatureStatus: Valid","Category":"Driver loaded (rule: DriverLoad)","Opcode":"Info","UtcTime":"2018-01-29 08:37:37.936","ImageLoaded":"C:\\Windows\\System32\\drivers\\bthenum.sys","Hashes":"SHA1=273CC5EC5A1769EC3D58873E954591CD7EA6ECD9,MD5=82BD96D56574231AD0E9BBF293EA2E7F,SHA256=EFC7121D6EC425F89BF10078F3716A63753303B6DAB6CC3EF90730E6CBED4630,IMPHASH=5A502985DD8492B7523876361A4CE780","Signed":"true","Signature":"Microsoft Windows","SignatureStatus":"Valid","EventReceivedTime":"2018-01-29 16:37:39","SourceModuleName":"in","SourceModuleType":"im_msvistalog","DeviceVendor":"Microsoft","DeviceProduct":"EventLog"}
