{"EventTime":"2018-01-29 09:38:28","Hostname":"DESKTOP-PPDS4VR","Keywords":-9223372036854775808,"EventType":"INFO","SeverityValue":2,"Severity":"INFO","EventID":5,"SourceName":"Microsoft-Windows-Sysmon","ProviderGuid":"{5770385F-C22A-43E0-BF4C-06F5698FFBD9}","Version":3,"Task":5,"OpcodeValue":0,"RecordNumber":31389,"ProcessID":3124,"ThreadID":5216,"Channel":"Microsoft-Windows-Sysmon/Operational","Domain":"NT AUTHORITY","AccountName":"SYSTEM","UserID":"S-1-5-18","AccountType":"User","Message":"Process terminated:\r\nUtcTime: 2018-01-29 01:38:28.253\r\nProcessGuid: {85283F4F-7B01-5A6E-0000-00105581F202}\r\nProcessId: 2096\r\nImage: C:\\Program Files (x86)\\nxlog\\nxlog.exe","Category":"Process terminated (rule: ProcessTerminate)","Opcode":"Info","UtcTime":"2018-01-29 01:38:28.253","ProcessGuid":"{85283F4F-7B01-5A6E-0000-00105581F202}","Image":"C:\\Program Files (x86)\\nxlog\\nxlog.exe","EventReceivedTime":"2018-01-29 09:38:31","SourceModuleName":"in","SourceModuleType":"im_msvistalog","DeviceVendor":"Microsoft","DeviceProduct":"EventLog"}
{"EventTime":"2018-01-29 09:38:29","Hostname":"DESKTOP-PPDS4VR","Keywords":-9223372036854775808,"EventType":"INFO","SeverityValue":2,"Severity":"INFO","EventID":2,"SourceName":"Microsoft-Windows-Sysmon","ProviderGuid":"{5770385F-C22A-43E0-BF4C-06F5698FFBD9}","Version":4,"Task":2,"OpcodeValue":0,"RecordNumber":31390,"ProcessID":3124,"ThreadID":5216,"Channel":"Microsoft-Windows-Sysmon/Operational","Domain":"NT AUTHORITY","AccountName":"SYSTEM","UserID":"S-1-5-18","AccountType":"User","Message":"File creation time changed:\r\nUtcTime: 2018-01-29 01:38:29.190\r\nProcessGuid: {85283F4F-7471-5A69-0000-00105C180200}\r\nProcessId: 2612\r\nImage: C:\\WINDOWS\\System32\\spoolsv.exe\r\nTargetFilename: C:\\Windows\\System32\\spool\\drivers\\x64\\3\\New\\TP PS Driver 3D79C0CFEB0A4097A9968C516808D1DD.ppd\r\nCreationUtcTime: 2018-01-29 01:38:29.175\r\nPreviousCreationUtcTime: 2018-01-29 01:38:29.190","Category":"File creation time changed (rule: FileCreateTime)","Opcode":"Info","UtcTime":"2018-01-29 01:38:29.190","ProcessGuid":"{85283F4F-7471-5A69-0000-00105C180200}","Image":"C:\\WINDOWS\\System32\\spoolsv.exe","TargetFilename":"C:\\Windows\\System32\\spool\\drivers\\x64\\3\\New\\TP PS Driver 3D79C0CFEB0A4097A9968C516808D1DD.ppd","CreationUtcTime":"2018-01-29 01:38:29.175","PreviousCreationUtcTime":"2018-01-29 01:38:29.190","EventReceivedTime":"2018-01-29 09:38:31","SourceModuleName":"in","SourceModuleType":"im_msvistalog","DeviceVendor":"Microsoft","DeviceProduct":"EventLog"}
{"EventTime":"2018-01-29 09:38:31","Hostname":"DESKTOP-PPDS4VR","Keywords":-9223372036854775808,"EventType":"INFO","SeverityValue":2,"Severity":"INFO","EventID":1,"SourceName":"Microsoft-Windows-Sysmon","ProviderGuid":"{5770385F-C22A-43E0-BF4C-06F5698FFBD9}","Version":5,"Task":1,"OpcodeValue":0,"RecordNumber":31391,"ProcessID":3124,"ThreadID":5216,"Channel":"Microsoft-Windows-Sysmon/Operational","Domain":"NT AUTHORITY","AccountName":"SYSTEM","UserID":"S-1-5-18","AccountType":"User","Message":"Process Create:\r\nUtcTime: 2018-01-29 01:38:31.201\r\nProcessGuid: {85283F4F-7B17-5A6E-0000-00100CE3F302}\r\nProcessId: 13996\r\nImage: C:\\Program Files (x86)\\nxlog\\nxlog.exe\r\nCommandLine: \"C:\\Program Files (x86)\\nxlog\\nxlog.exe\" -c \"C:\\Program Files (x86)\\nxlog\\conf\\nxlog.conf\"\r\nCurrentDirectory: C:\\WINDOWS\\system32\\\r\nUser: NT AUTHORITY\\SYSTEM\r\nLogonGuid: {85283F4F-746F-5A69-0000-0020E7030000}\r\nLogonId: 0x3E7\r\nTerminalSessionId: 0\r\nIntegrityLevel: System\r\nHashes: SHA1=A0F6B5F5F0EBCF07F65D1CD41AC50BDA706DD67E,MD5=465C074D1AFF94981C87268D889E8060,SHA256=C59E5C9EC0F4A99E44ECFD2CCE0425619D22CF82F7A430D11832F2BB571C56ED,IMPHASH=517158273EC1C6D5E65120E91DD2284A\r\nParentProcessGuid: {85283F4F-746F-5A69-0000-001063A10000}\r\nParentProcessId: 680\r\nParentImage: C:\\Windows\\System32\\services.exe\r\nParentCommandLine: C:\\WINDOWS\\system32\\services.exe","Category":"Process Create (rule: ProcessCreate)","Opcode":"Info","UtcTime":"2018-01-29 01:38:31.201","ProcessGuid":"{85283F4F-7B17-5A6E-0000-00100CE3F302}","Image":"C:\\Program Files (x86)\\nxlog\\nxlog.exe","CommandLine":"\"C:\\Program Files (x86)\\nxlog\\nxlog.exe\" -c \"C:\\Program Files (x86)\\nxlog\\conf\\nxlog.conf\"","CurrentDirectory":"C:\\WINDOWS\\system32\\","User":"NT AUTHORITY\\SYSTEM","LogonGuid":"{85283F4F-746F-5A69-0000-0020E7030000}","LogonId":"0x3e7","TerminalSessionId":"0","IntegrityLevel":"System","Hashes":"SHA1=A0F6B5F5F0EBCF07F65D1CD41AC50BDA706DD67E,MD5=465C074D1AFF94981C87268D889E8060,SHA256=C59E5C9EC0F4A99E44ECFD2CCE0425619D22CF82F7A430D11832F2BB571C56ED,IMPHASH=517158273EC1C6D5E65120E91DD2284A","ParentProcessGuid":"{85283F4F-746F-5A69-0000-001063A10000}","ParentProcessId":"680","ParentImage":"C:\\Windows\\System32\\services.exe","ParentCommandLine":"C:\\WINDOWS\\system32\\services.exe","EventReceivedTime":"2018-01-29 09:38:32","SourceModuleName":"in","SourceModuleType":"im_msvistalog","DeviceVendor":"Microsoft","DeviceProduct":"EventLog"}
{"EventTime":"2018-01-29 09:38:32","Hostname":"DESKTOP-PPDS4VR","Keywords":-9223372036854775808,"EventType":"INFO","SeverityValue":2,"Severity":"INFO","EventID":3,"SourceName":"Microsoft-Windows-Sysmon","ProviderGuid":"{5770385F-C22A-43E0-BF4C-06F5698FFBD9}","Version":5,"Task":3,"OpcodeValue":0,"RecordNumber":31392,"ProcessID":3124,"ThreadID":5240,"Channel":"Microsoft-Windows-Sysmon/Operational","Domain":"NT AUTHORITY","AccountName":"SYSTEM","UserID":"S-1-5-18","AccountType":"User","Message":"Network connection detected:\r\nUtcTime: 2018-01-26 12:10:02.148\r\nProcessGuid: {85283F4F-7B17-5A6E-0000-00100CE3F302}\r\nProcessId: 13996\r\nImage: C:\\Program Files (x86)\\nxlog\\nxlog.exe\r\nUser: NT AUTHORITY\\SYSTEM\r\nProtocol: tcp\r\nInitiated: true\r\nSourceIsIpv6: false\r\nSourceIp: 127.0.0.1\r\nSourceHostname: DESKTOP-PPDS4VR\r\nSourcePort: 51338\r\nSourcePortName: \r\nDestinationIsIpv6: false\r\nDestinationIp: 127.0.0.1\r\nDestinationHostname: DESKTOP-PPDS4VR\r\nDestinationPort: 51337\r\nDestinationPortName: ","Category":"Network connection detected (rule: NetworkConnect)","Opcode":"Info","UtcTime":"2018-01-26 12:10:02.148","ProcessGuid":"{85283F4F-7B17-5A6E-0000-00100CE3F302}","Image":"C:\\Program Files (x86)\\nxlog\\nxlog.exe","User":"NT AUTHORITY\\SYSTEM","Protocol":"tcp","Initiated":"true","SourceIsIpv6":"false","SourceIp":"127.0.0.1","SourceHostname":"DESKTOP-PPDS4VR","SourcePort":"51338","DestinationIsIpv6":"false","DestinationIp":"127.0.0.1","DestinationHostname":"DESKTOP-PPDS4VR","DestinationPort":"51337","EventReceivedTime":"2018-01-29 09:38:34","SourceModuleName":"in","SourceModuleType":"im_msvistalog","DeviceVendor":"Microsoft","DeviceProduct":"EventLog"}
{"EventTime":"2018-01-29 09:38:32","Hostname":"DESKTOP-PPDS4VR","Keywords":-9223372036854775808,"EventType":"INFO","SeverityValue":2,"Severity":"INFO","EventID":3,"SourceName":"Microsoft-Windows-Sysmon","ProviderGuid":"{5770385F-C22A-43E0-BF4C-06F5698FFBD9}","Version":5,"Task":3,"OpcodeValue":0,"RecordNumber":31393,"ProcessID":3124,"ThreadID":5240,"Channel":"Microsoft-Windows-Sysmon/Operational","Domain":"NT AUTHORITY","AccountName":"SYSTEM","UserID":"S-1-5-18","AccountType":"User","Message":"Network connection detected:\r\nUtcTime: 2018-01-26 12:10:02.148\r\nProcessGuid: {85283F4F-7B17-5A6E-0000-00100CE3F302}\r\nProcessId: 13996\r\nImage: C:\\Program Files (x86)\\nxlog\\nxlog.exe\r\nUser: NT AUTHORITY\\SYSTEM\r\nProtocol: tcp\r\nInitiated: false\r\nSourceIsIpv6: false\r\nSourceIp: 127.0.0.1\r\nSourceHostname: DESKTOP-PPDS4VR\r\nSourcePort: 51337\r\nSourcePortName: \r\nDestinationIsIpv6: false\r\nDestinationIp: 127.0.0.1\r\nDestinationHostname: DESKTOP-PPDS4VR\r\nDestinationPort: 51338\r\nDestinationPortName: ","Category":"Network connection detected (rule: NetworkConnect)","Opcode":"Info","UtcTime":"2018-01-26 12:10:02.148","ProcessGuid":"{85283F4F-7B17-5A6E-0000-00100CE3F302}","Image":"C:\\Program Files (x86)\\nxlog\\nxlog.exe","User":"NT AUTHORITY\\SYSTEM","Protocol":"tcp","Initiated":"false","SourceIsIpv6":"false","SourceIp":"127.0.0.1","SourceHostname":"DESKTOP-PPDS4VR","SourcePort":"51337","DestinationIsIpv6":"false","DestinationIp":"127.0.0.1","DestinationHostname":"DESKTOP-PPDS4VR","DestinationPort":"51338","EventReceivedTime":"2018-01-29 09:38:34","SourceModuleName":"in","SourceModuleType":"im_msvistalog","DeviceVendor":"Microsoft","DeviceProduct":"EventLog"}
{"EventTime":"2018-01-29 09:38:37","Hostname":"DESKTOP-PPDS4VR","Keywords":-9223372036854775808,"EventType":"INFO","SeverityValue":2,"Severity":"INFO","EventID":1,"SourceName":"Microsoft-Windows-Sysmon","ProviderGuid":"{5770385F-C22A-43E0-BF4C-06F5698FFBD9}","Version":5,"Task":1,"OpcodeValue":0,"RecordNumber":31394,"ProcessID":3124,"ThreadID":5216,"Channel":"Microsoft-Windows-Sysmon/Operational","Domain":"NT AUTHORITY","AccountName":"SYSTEM","UserID":"S-1-5-18","AccountType":"User","Message":"Process Create:\r\nUtcTime: 2018-01-29 01:38:37.628\r\nProcessGuid: {85283F4F-7B1D-5A6E-0000-0010061EF402}\r\nProcessId: 13364\r\nImage: C:\\Users\\q\\Desktop\\excluded\\putty.exe\r\nCommandLine: \"C:\\Users\\q\\Desktop\\excluded\\putty.exe\" \r\nCurrentDirectory: C:\\Users\\q\\Desktop\\excluded\\\r\nUser: DESKTOP-PPDS4VR\\q\r\nLogonGuid: {85283F4F-7471-5A69-0000-0020A6370200}\r\nLogonId: 0x237A6\r\nTerminalSessionId: 1\r\nIntegrityLevel: Medium\r\nHashes: SHA1=99AD7653D65801077DE30F5EAF740F2366A99702,MD5=55BF56EEAC55BFD66319795BBF1E7CE7,SHA256=1DFA03C82079094304D822C11B8BCC122BACD766989D44AC2AD684B980E7788A,IMPHASH=63E5CEB1F07221FA9448D107CCF4AB5F\r\nParentProcessGuid: {85283F4F-7477-5A69-0000-00106FFD0600}\r\nParentProcessId: 6436\r\nParentImage: C:\\Windows\\explorer.exe\r\nParentCommandLine: C:\\WINDOWS\\Explorer.EXE","Category":"Process Create (rule: ProcessCreate)","Opcode":"Info","UtcTime":"2018-01-29 01:38:37.628","ProcessGuid":"{85283F4F-7B1D-5A6E-0000-0010061EF402}","Image":"C:\\Users\\q\\Desktop\\excluded\\putty.exe","CommandLine":"\"C:\\Users\\q\\Desktop\\excluded\\putty.exe\" ","CurrentDirectory":"C:\\Users\\q\\Desktop\\excluded\\","User":"DESKTOP-PPDS4VR\\q","LogonGuid":"{85283F4F-7471-5A69-0000-0020A6370200}","LogonId":"0x237a6","TerminalSessionId":"1","IntegrityLevel":"Medium","Hashes":"SHA1=99AD7653D65801077DE30F5EAF740F2366A99702,MD5=55BF56EEAC55BFD66319795BBF1E7CE7,SHA256=1DFA03C82079094304D822C11B8BCC122BACD766989D44AC2AD684B980E7788A,IMPHASH=63E5CEB1F07221FA9448D107CCF4AB5F","ParentProcessGuid":"{85283F4F-7477-5A69-0000-00106FFD0600}","ParentProcessId":"6436","ParentImage":"C:\\Windows\\explorer.exe","ParentCommandLine":"C:\\WINDOWS\\Explorer.EXE","EventReceivedTime":"2018-01-29 09:38:39","SourceModuleName":"in","SourceModuleType":"im_msvistalog","DeviceVendor":"Microsoft","DeviceProduct":"EventLog"}
{"EventTime":"2018-01-29 09:38:40","Hostname":"DESKTOP-PPDS4VR","Keywords":-9223372036854775808,"EventType":"INFO","SeverityValue":2,"Severity":"INFO","EventID":3,"SourceName":"Microsoft-Windows-Sysmon","ProviderGuid":"{5770385F-C22A-43E0-BF4C-06F5698FFBD9}","Version":5,"Task":3,"OpcodeValue":0,"RecordNumber":31395,"ProcessID":3124,"ThreadID":5240,"Channel":"Microsoft-Windows-Sysmon/Operational","Domain":"NT AUTHORITY","AccountName":"SYSTEM","UserID":"S-1-5-18","AccountType":"User","Message":"Network connection detected:\r\nUtcTime: 2018-01-26 12:10:08.869\r\nProcessGuid: {85283F4F-7B1D-5A6E-0000-0010061EF402}\r\nProcessId: 13364\r\nImage: C:\\Users\\q\\Desktop\\excluded\\putty.exe\r\nUser: DESKTOP-PPDS4VR\\q\r\nProtocol: tcp\r\nInitiated: true\r\nSourceIsIpv6: false\r\nSourceIp: 192.168.181.221\r\nSourceHostname: DESKTOP-PPDS4VR.localdomain\r\nSourcePort: 51339\r\nSourcePortName: \r\nDestinationIsIpv6: false\r\nDestinationIp: 192.168.181.197\r\nDestinationHostname: \r\nDestinationPort: 443\r\nDestinationPortName: https","Category":"Network connection detected (rule: NetworkConnect)","Opcode":"Info","UtcTime":"2018-01-26 12:10:08.869","ProcessGuid":"{85283F4F-7B1D-5A6E-0000-0010061EF402}","Image":"C:\\Users\\q\\Desktop\\excluded\\putty.exe","User":"DESKTOP-PPDS4VR\\q","Protocol":"tcp","Initiated":"true","SourceIsIpv6":"false","SourceIp":"192.168.181.221","SourceHostname":"DESKTOP-PPDS4VR.localdomain","SourcePort":"51339","DestinationIsIpv6":"false","DestinationIp":"192.168.181.197","DestinationPort":"443","DestinationPortName":"https","EventReceivedTime":"2018-01-29 09:38:41","SourceModuleName":"in","SourceModuleType":"im_msvistalog","DeviceVendor":"Microsoft","DeviceProduct":"EventLog"}
{"EventTime":"2018-01-29 09:38:41","Hostname":"DESKTOP-PPDS4VR","Keywords":-9223372036854775808,"EventType":"INFO","SeverityValue":2,"Severity":"INFO","EventID":5,"SourceName":"Microsoft-Windows-Sysmon","ProviderGuid":"{5770385F-C22A-43E0-BF4C-06F5698FFBD9}","Version":3,"Task":5,"OpcodeValue":0,"RecordNumber":31396,"ProcessID":3124,"ThreadID":5216,"Channel":"Microsoft-Windows-Sysmon/Operational","Domain":"NT AUTHORITY","AccountName":"SYSTEM","UserID":"S-1-5-18","AccountType":"User","Message":"Process terminated:\r\nUtcTime: 2018-01-29 01:38:41.051\r\nProcessGuid: {85283F4F-7AC7-5A6E-0000-00106C13E802}\r\nProcessId: 9280\r\nImage: C:\\Windows\\System32\\backgroundTaskHost.exe","Category":"Process terminated (rule: ProcessTerminate)","Opcode":"Info","UtcTime":"2018-01-29 01:38:41.051","ProcessGuid":"{85283F4F-7AC7-5A6E-0000-00106C13E802}","Image":"C:\\Windows\\System32\\backgroundTaskHost.exe","EventReceivedTime":"2018-01-29 09:38:41","SourceModuleName":"in","SourceModuleType":"im_msvistalog","DeviceVendor":"Microsoft","DeviceProduct":"EventLog"}
{"EventTime":"2018-01-29 09:38:41","Hostname":"DESKTOP-PPDS4VR","Keywords":-9223372036854775808,"EventType":"INFO","SeverityValue":2,"Severity":"INFO","EventID":3,"SourceName":"Microsoft-Windows-Sysmon","ProviderGuid":"{5770385F-C22A-43E0-BF4C-06F5698FFBD9}","Version":5,"Task":3,"OpcodeValue":0,"RecordNumber":31397,"ProcessID":3124,"ThreadID":5240,"Channel":"Microsoft-Windows-Sysmon/Operational","Domain":"NT AUTHORITY","AccountName":"SYSTEM","UserID":"S-1-5-18","AccountType":"User","Message":"Network connection detected:\r\nUtcTime: 2018-01-26 12:10:10.329\r\nProcessGuid: {85283F4F-7B1D-5A6E-0000-0010061EF402}\r\nProcessId: 13364\r\nImage: C:\\Users\\q\\Desktop\\excluded\\putty.exe\r\nUser: DESKTOP-PPDS4VR\\q\r\nProtocol: tcp\r\nInitiated: true\r\nSourceIsIpv6: false\r\nSourceIp: 192.168.181.221\r\nSourceHostname: DESKTOP-PPDS4VR.localdomain\r\nSourcePort: 51340\r\nSourcePortName: \r\nDestinationIsIpv6: false\r\nDestinationIp: 192.168.181.197\r\nDestinationHostname: \r\nDestinationPort: 443\r\nDestinationPortName: https","Category":"Network connection detected (rule: NetworkConnect)","Opcode":"Info","UtcTime":"2018-01-26 12:10:10.329","ProcessGuid":"{85283F4F-7B1D-5A6E-0000-0010061EF402}","Image":"C:\\Users\\q\\Desktop\\excluded\\putty.exe","User":"DESKTOP-PPDS4VR\\q","Protocol":"tcp","Initiated":"true","SourceIsIpv6":"false","SourceIp":"192.168.181.221","SourceHostname":"DESKTOP-PPDS4VR.localdomain","SourcePort":"51340","DestinationIsIpv6":"false","DestinationIp":"192.168.181.197","DestinationPort":"443","DestinationPortName":"https","EventReceivedTime":"2018-01-29 09:38:42","SourceModuleName":"in","SourceModuleType":"im_msvistalog","DeviceVendor":"Microsoft","DeviceProduct":"EventLog"}
{"EventTime":"2018-01-29 09:38:48","Hostname":"DESKTOP-PPDS4VR","Keywords":-9223372036854775808,"EventType":"INFO","SeverityValue":2,"Severity":"INFO","EventID":2,"SourceName":"Microsoft-Windows-Sysmon","ProviderGuid":"{5770385F-C22A-43E0-BF4C-06F5698FFBD9}","Version":4,"Task":2,"OpcodeValue":0,"RecordNumber":31398,"ProcessID":3124,"ThreadID":5216,"Channel":"Microsoft-Windows-Sysmon/Operational","Domain":"NT AUTHORITY","AccountName":"SYSTEM","UserID":"S-1-5-18","AccountType":"User","Message":"File creation time changed:\r\nUtcTime: 2018-01-29 01:38:48.394\r\nProcessGuid: {85283F4F-7472-5A69-0000-0010DDCC0200}\r\nProcessId: 3844\r\nImage: c:\\windows\\system32\\svchost.exe\r\nTargetFilename: C:\\ProgramData\\USOPrivate\\UpdateStore\\updatestoretemp51b519d5-b6f5-4333-8df6-e74d7c9aead4.xml\r\nCreationUtcTime: 2018-01-11 09:14:41.730\r\nPreviousCreationUtcTime: 2018-01-29 01:38:48.363","Category":"File creation time changed (rule: FileCreateTime)","Opcode":"Info","UtcTime":"2018-01-29 01:38:48.394","ProcessGuid":"{85283F4F-7472-5A69-0000-0010DDCC0200}","Image":"c:\\windows\\system32\\svchost.exe","TargetFilename":"C:\\ProgramData\\USOPrivate\\UpdateStore\\updatestoretemp51b519d5-b6f5-4333-8df6-e74d7c9aead4.xml","CreationUtcTime":"2018-01-11 09:14:41.730","PreviousCreationUtcTime":"2018-01-29 01:38:48.363","EventReceivedTime":"2018-01-29 09:38:49","SourceModuleName":"in","SourceModuleType":"im_msvistalog","DeviceVendor":"Microsoft","DeviceProduct":"EventLog"}
{"EventTime":"2018-01-29 09:38:50","Hostname":"DESKTOP-PPDS4VR","Keywords":-9223372036854775808,"EventType":"INFO","SeverityValue":2,"Severity":"INFO","EventID":1,"SourceName":"Microsoft-Windows-Sysmon","ProviderGuid":"{5770385F-C22A-43E0-BF4C-06F5698FFBD9}","Version":5,"Task":1,"OpcodeValue":0,"RecordNumber":31399,"ProcessID":3124,"ThreadID":5216,"Channel":"Microsoft-Windows-Sysmon/Operational","Domain":"NT AUTHORITY","AccountName":"SYSTEM","UserID":"S-1-5-18","AccountType":"User","Message":"Process Create:\r\nUtcTime: 2018-01-29 01:38:50.387\r\nProcessGuid: {85283F4F-7B2A-5A6E-0000-00105E6EF402}\r\nProcessId: 5140\r\nImage: C:\\Windows\\System32\\notepad.exe\r\nCommandLine: \"C:\\WINDOWS\\system32\\NOTEPAD.EXE\" C:\\eventlog.txt\r\nCurrentDirectory: C:\\\r\nUser: DESKTOP-PPDS4VR\\q\r\nLogonGuid: {85283F4F-7471-5A69-0000-0020A6370200}\r\nLogonId: 0x237A6\r\nTerminalSessionId: 1\r\nIntegrityLevel: Medium\r\nHashes: SHA1=A49551FACEADE1185844FC386C8DD3054907234D,MD5=15750221BBFFA36C055D656C46899460,SHA256=E9F2FBE8E1BC49D107DF36EF09F6D0AEB8901516980D3FE08EE73AB7B4A2325F,IMPHASH=25F60224F7C3D53275C98567F39AC5CE\r\nParentProcessGuid: {85283F4F-7477-5A69-0000-00106FFD0600}\r\nParentProcessId: 6436\r\nParentImage: C:\\Windows\\explorer.exe\r\nParentCommandLine: C:\\WINDOWS\\Explorer.EXE","Category":"Process Create (rule: ProcessCreate)","Opcode":"Info","UtcTime":"2018-01-29 01:38:50.387","ProcessGuid":"{85283F4F-7B2A-5A6E-0000-00105E6EF402}","Image":"C:\\Windows\\System32\\notepad.exe","CommandLine":"\"C:\\WINDOWS\\system32\\NOTEPAD.EXE\" C:\\eventlog.txt","CurrentDirectory":"C:\\","User":"DESKTOP-PPDS4VR\\q","LogonGuid":"{85283F4F-7471-5A69-0000-0020A6370200}","LogonId":"0x237a6","TerminalSessionId":"1","IntegrityLevel":"Medium","Hashes":"SHA1=A49551FACEADE1185844FC386C8DD3054907234D,MD5=15750221BBFFA36C055D656C46899460,SHA256=E9F2FBE8E1BC49D107DF36EF09F6D0AEB8901516980D3FE08EE73AB7B4A2325F,IMPHASH=25F60224F7C3D53275C98567F39AC5CE","ParentProcessGuid":"{85283F4F-7477-5A69-0000-00106FFD0600}","ParentProcessId":"6436","ParentImage":"C:\\Windows\\explorer.exe","ParentCommandLine":"C:\\WINDOWS\\Explorer.EXE","EventReceivedTime":"2018-01-29 09:38:51","SourceModuleName":"in","SourceModuleType":"im_msvistalog","DeviceVendor":"Microsoft","DeviceProduct":"EventLog"}
{"EventTime":"2018-01-29 09:38:58","Hostname":"DESKTOP-PPDS4VR","Keywords":-9223372036854775808,"EventType":"INFO","SeverityValue":2,"Severity":"INFO","EventID":3,"SourceName":"Microsoft-Windows-Sysmon","ProviderGuid":"{5770385F-C22A-43E0-BF4C-06F5698FFBD9}","Version":5,"Task":3,"OpcodeValue":0,"RecordNumber":31400,"ProcessID":3124,"ThreadID":5240,"Channel":"Microsoft-Windows-Sysmon/Operational","Domain":"NT AUTHORITY","AccountName":"SYSTEM","UserID":"S-1-5-18","AccountType":"User","Message":"Network connection detected:\r\nUtcTime: 2018-01-26 12:10:27.817\r\nProcessGuid: {85283F4F-7471-5A69-0000-001000460200}\r\nProcessId: 2928\r\nImage: C:\\Windows\\System32\\svchost.exe\r\nUser: NT AUTHORITY\\LOCAL SERVICE\r\nProtocol: udp\r\nInitiated: false\r\nSourceIsIpv6: false\r\nSourceIp: 239.255.255.250\r\nSourceHostname: \r\nSourcePort: 1900\r\nSourcePortName: ssdp\r\nDestinationIsIpv6: false\r\nDestinationIp: 192.168.181.1\r\nDestinationHostname: MACBOOKPRO-9358\r\nDestinationPort: 57841\r\nDestinationPortName: ","Category":"Network connection detected (rule: NetworkConnect)","Opcode":"Info","UtcTime":"2018-01-26 12:10:27.817","ProcessGuid":"{85283F4F-7471-5A69-0000-001000460200}","Image":"C:\\Windows\\System32\\svchost.exe","User":"NT AUTHORITY\\LOCAL SERVICE","Protocol":"udp","Initiated":"false","SourceIsIpv6":"false","SourceIp":"239.255.255.250","SourcePort":"1900","SourcePortName":"ssdp","DestinationIsIpv6":"false","DestinationIp":"192.168.181.1","DestinationHostname":"MACBOOKPRO-9358","DestinationPort":"57841","EventReceivedTime":"2018-01-29 09:39:00","SourceModuleName":"in","SourceModuleType":"im_msvistalog","DeviceVendor":"Microsoft","DeviceProduct":"EventLog"}
{"EventTime":"2018-01-29 09:38:58","Hostname":"DESKTOP-PPDS4VR","Keywords":-9223372036854775808,"EventType":"INFO","SeverityValue":2,"Severity":"INFO","EventID":3,"SourceName":"Microsoft-Windows-Sysmon","ProviderGuid":"{5770385F-C22A-43E0-BF4C-06F5698FFBD9}","Version":5,"Task":3,"OpcodeValue":0,"RecordNumber":31401,"ProcessID":3124,"ThreadID":5240,"Channel":"Microsoft-Windows-Sysmon/Operational","Domain":"NT AUTHORITY","AccountName":"SYSTEM","UserID":"S-1-5-18","AccountType":"User","Message":"Network connection detected:\r\nUtcTime: 2018-01-26 12:10:27.817\r\nProcessGuid: {85283F4F-7471-5A69-0000-001000460200}\r\nProcessId: 2928\r\nImage: C:\\Windows\\System32\\svchost.exe\r\nUser: NT AUTHORITY\\LOCAL SERVICE\r\nProtocol: udp\r\nInitiated: false\r\nSourceIsIpv6: false\r\nSourceIp: 239.255.255.250\r\nSourceHostname: \r\nSourcePort: 1900\r\nSourcePortName: ssdp\r\nDestinationIsIpv6: false\r\nDestinationIp: 192.168.181.1\r\nDestinationHostname: MACBOOKPRO-9358\r\nDestinationPort: 57115\r\nDestinationPortName: ","Category":"Network connection detected (rule: NetworkConnect)","Opcode":"Info","UtcTime":"2018-01-26 12:10:27.817","ProcessGuid":"{85283F4F-7471-5A69-0000-001000460200}","Image":"C:\\Windows\\System32\\svchost.exe","User":"NT AUTHORITY\\LOCAL SERVICE","Protocol":"udp","Initiated":"false","SourceIsIpv6":"false","SourceIp":"239.255.255.250","SourcePort":"1900","SourcePortName":"ssdp","DestinationIsIpv6":"false","DestinationIp":"192.168.181.1","DestinationHostname":"MACBOOKPRO-9358","DestinationPort":"57115","EventReceivedTime":"2018-01-29 09:39:00","SourceModuleName":"in","SourceModuleType":"im_msvistalog","DeviceVendor":"Microsoft","DeviceProduct":"EventLog"}
{"EventTime":"2018-01-29 09:39:04","Hostname":"DESKTOP-PPDS4VR","Keywords":-9223372036854775808,"EventType":"INFO","SeverityValue":2,"Severity":"INFO","EventID":2,"SourceName":"Microsoft-Windows-Sysmon","ProviderGuid":"{5770385F-C22A-43E0-BF4C-06F5698FFBD9}","Version":4,"Task":2,"OpcodeValue":0,"RecordNumber":31402,"ProcessID":3124,"ThreadID":5216,"Channel":"Microsoft-Windows-Sysmon/Operational","Domain":"NT AUTHORITY","AccountName":"SYSTEM","UserID":"S-1-5-18","AccountType":"User","Message":"File creation time changed:\r\nUtcTime: 2018-01-29 01:39:04.269\r\nProcessGuid: {85283F4F-7471-5A69-0000-00105C180200}\r\nProcessId: 2612\r\nImage: C:\\WINDOWS\\System32\\spoolsv.exe\r\nTargetFilename: C:\\Windows\\System32\\spool\\drivers\\x64\\3\\New\\TP PS Driver 6A024439BEA745148CF870B3FA491F93.ppd\r\nCreationUtcTime: 2018-01-29 01:39:04.238\r\nPreviousCreationUtcTime: 2018-01-29 01:39:04.269","Category":"File creation time changed (rule: FileCreateTime)","Opcode":"Info","UtcTime":"2018-01-29 01:39:04.269","ProcessGuid":"{85283F4F-7471-5A69-0000-00105C180200}","Image":"C:\\WINDOWS\\System32\\spoolsv.exe","TargetFilename":"C:\\Windows\\System32\\spool\\drivers\\x64\\3\\New\\TP PS Driver 6A024439BEA745148CF870B3FA491F93.ppd","CreationUtcTime":"2018-01-29 01:39:04.238","PreviousCreationUtcTime":"2018-01-29 01:39:04.269","EventReceivedTime":"2018-01-29 09:39:05","SourceModuleName":"in","SourceModuleType":"im_msvistalog","DeviceVendor":"Microsoft","DeviceProduct":"EventLog"}
{"EventTime":"2018-01-29 09:39:07","Hostname":"DESKTOP-PPDS4VR","Keywords":-9223372036854775808,"EventType":"INFO","SeverityValue":2,"Severity":"INFO","EventID":2,"SourceName":"Microsoft-Windows-Sysmon","ProviderGuid":"{5770385F-C22A-43E0-BF4C-06F5698FFBD9}","Version":4,"Task":2,"OpcodeValue":0,"RecordNumber":31403,"ProcessID":3124,"ThreadID":5216,"Channel":"Microsoft-Windows-Sysmon/Operational","Domain":"NT AUTHORITY","AccountName":"SYSTEM","UserID":"S-1-5-18","AccountType":"User","Message":"File creation time changed:\r\nUtcTime: 2018-01-29 01:39:07.784\r\nProcessGuid: {85283F4F-7471-5A69-0000-00105C180200}\r\nProcessId: 2612\r\nImage: C:\\WINDOWS\\System32\\spoolsv.exe\r\nTargetFilename: C:\\Windows\\System32\\spool\\drivers\\x64\\3\\New\\TP PS Driver 16766C67837A456795031744762012C3.ppd\r\nCreationUtcTime: 2018-01-29 01:39:07.769\r\nPreviousCreationUtcTime: 2018-01-29 01:39:07.784","Category":"File creation time changed (rule: FileCreateTime)","Opcode":"Info","UtcTime":"2018-01-29 01:39:07.784","ProcessGuid":"{85283F4F-7471-5A69-0000-00105C180200}","Image":"C:\\WINDOWS\\System32\\spoolsv.exe","TargetFilename":"C:\\Windows\\System32\\spool\\drivers\\x64\\3\\New\\TP PS Driver 16766C67837A456795031744762012C3.ppd","CreationUtcTime":"2018-01-29 01:39:07.769","PreviousCreationUtcTime":"2018-01-29 01:39:07.784","EventReceivedTime":"2018-01-29 09:39:09","SourceModuleName":"in","SourceModuleType":"im_msvistalog","DeviceVendor":"Microsoft","DeviceProduct":"EventLog"}
