{"EventTime":"2018-04-27 15:07:20","Hostname":"DESKTOP-PPDS4VR","EventType":"AUDIT_SUCCESS","SeverityValue":2,"Severity":"INFO","EventID":3,"SourceName":"DataFuseUserActions","Task":0,"RecordNumber":18354,"ProcessID":0,"ThreadID":0,"Channel":"Application","Message":"{ \"Action\":\"Drive Mounted\",\"Details\" : [\r\n  {\r\n    \"Name\": \"Access\",\r\n    \"Value\": 0\r\n  },\r\n  {\r\n    \"Name\": \"Availability\",\r\n    \"Value\": null\r\n  },\r\n  {\r\n    \"Name\": \"BlockSize\",\r\n    \"Value\": null\r\n  },\r\n  {\r\n    \"Name\": \"Caption\",\r\n    \"Value\": \"E:\"\r\n  },\r\n  {\r\n    \"Name\": \"Compressed\",\r\n    \"Value\": false\r\n  },\r\n  {\r\n    \"Name\": \"ConfigManagerErrorCode\",\r\n    \"Value\": null\r\n  },\r\n  {\r\n    \"Name\": \"ConfigManagerUserConfig\",\r\n    \"Value\": null\r\n  },\r\n  {\r\n    \"Name\": \"CreationClassName\",\r\n    \"Value\": \"Win32_LogicalDisk\"\r\n  },\r\n  {\r\n    \"Name\": \"Description\",\r\n    \"Value\": \"Removable Disk\"\r\n  },\r\n  {\r\n    \"Name\": \"DeviceID\",\r\n    \"Value\": \"E:\"\r\n  },\r\n  {\r\n    \"Name\": \"DriveType\",\r\n    \"Value\": 2\r\n  },\r\n  {\r\n    \"Name\": \"ErrorCleared\",\r\n    \"Value\": null\r\n  },\r\n  {\r\n    \"Name\": \"ErrorDescription\",\r\n    \"Value\": null\r\n  },\r\n  {\r\n    \"Name\": \"ErrorMethodology\",\r\n    \"Value\": null\r\n  },\r\n  {\r\n    \"Name\": \"FileSystem\",\r\n    \"Value\": \"FAT\"\r\n  },\r\n  {\r\n    \"Name\": \"FreeSpace\",\r\n    \"Value\": 635371520\r\n  },\r\n  {\r\n    \"Name\": \"InstallDate\",\r\n    \"Value\": null\r\n  },\r\n  {\r\n    \"Name\": \"LastErrorCode\",\r\n    \"Value\": null\r\n  },\r\n  {\r\n    \"Name\": \"MaximumComponentLength\",\r\n    \"Value\": 255\r\n  },\r\n  {\r\n    \"Name\": \"MediaType\",\r\n    \"Value\": null\r\n  },\r\n  {\r\n    \"Name\": \"Name\",\r\n    \"Value\": \"E:\"\r\n  },\r\n  {\r\n    \"Name\": \"NumberOfBlocks\",\r\n    \"Value\": null\r\n  },\r\n  {\r\n    \"Name\": \"PNPDeviceID\",\r\n    \"Value\": null\r\n  },\r\n  {\r\n    \"Name\": \"PowerManagementCapabilities\",\r\n    \"Value\": null\r\n  },\r\n  {\r\n    \"Name\": \"PowerManagementSupported\",\r\n    \"Value\": null\r\n  },\r\n  {\r\n    \"Name\": \"ProviderName\",\r\n    \"Value\": null\r\n  },\r\n  {\r\n    \"Name\": \"Purpose\",\r\n    \"Value\": null\r\n  },\r\n  {\r\n    \"Name\": \"QuotasDisabled\",\r\n    \"Value\": null\r\n  },\r\n  {\r\n    \"Name\": \"QuotasIncomplete\",\r\n    \"Value\": null\r\n  },\r\n  {\r\n    \"Name\": \"QuotasRebuilding\",\r\n    \"Value\": null\r\n  },\r\n  {\r\n    \"Name\": \"Size\",\r\n    \"Value\": 1966833664\r\n  },\r\n  {\r\n    \"Name\": \"Status\",\r\n    \"Value\": null\r\n  },\r\n  {\r\n    \"Name\": \"StatusInfo\",\r\n    \"Value\": null\r\n  },\r\n  {\r\n    \"Name\": \"SupportsDiskQuotas\",\r\n    \"Value\": false\r\n  },\r\n  {\r\n    \"Name\": \"SupportsFileBasedCompression\",\r\n    \"Value\": false\r\n  },\r\n  {\r\n    \"Name\": \"SystemCreationClassName\",\r\n    \"Value\": \"Win32_ComputerSystem\"\r\n  },\r\n  {\r\n    \"Name\": \"SystemName\",\r\n    \"Value\": \"DESKTOP-PPDS4VR\"\r\n  },\r\n  {\r\n    \"Name\": \"VolumeDirty\",\r\n    \"Value\": false\r\n  },\r\n  {\r\n    \"Name\": \"VolumeName\",\r\n    \"Value\": \"\"\r\n  },\r\n  {\r\n    \"Name\": \"VolumeSerialNumber\",\r\n    \"Value\": \"DEC4B1D9\"\r\n  }\r\n]}","Opcode":"Info","EventReceivedTime":"2018-04-27 15:07:21","SourceModuleName":"in","SourceModuleType":"im_msvistalog","DeviceVendor":"Microsoft","DeviceProduct":"EventLog"}
{"EventTime":"2018-04-27 12:03:08","Hostname":"DESKTOP-PPDS4VR","EventType":"AUDIT_SUCCESS","SeverityValue":2,"Severity":"INFO","EventID":1,"SourceName":"DataFuseUserActions","Task":0,"RecordNumber":17073,"ProcessID":0,"ThreadID":0,"Channel":"Application","Message":"{\"Action\":\"Mouse Stopped\", \"ProcessId\": 6488}","Opcode":"Info","EventReceivedTime":"2018-04-27 12:03:08","SourceModuleName":"in","SourceModuleType":"im_msvistalog","DeviceVendor":"Microsoft","DeviceProduct":"EventLog"}
{"EventTime":"2018-04-27 12:03:09","Hostname":"DESKTOP-PPDS4VR","EventType":"AUDIT_SUCCESS","SeverityValue":2,"Severity":"INFO","EventID":1,"SourceName":"DataFuseUserActions","Task":0,"RecordNumber":17074,"ProcessID":0,"ThreadID":0,"Channel":"Application","Message":"{\"Action\":\"Mouse Moving\", \"ProcessId\": 6488}","Opcode":"Info","EventReceivedTime":"2018-04-27 12:03:09","SourceModuleName":"in","SourceModuleType":"im_msvistalog","DeviceVendor":"Microsoft","DeviceProduct":"EventLog"}
{"EventTime":"2018-04-27 12:03:10","Hostname":"DESKTOP-PPDS4VR","EventType":"AUDIT_SUCCESS","SeverityValue":2,"Severity":"INFO","EventID":1,"SourceName":"DataFuseUserActions","Task":0,"RecordNumber":17075,"ProcessID":0,"ThreadID":0,"Channel":"Application","Message":"{\"Action\":\"Mouse Stopped\", \"ProcessId\": 6488}","Opcode":"Info","EventReceivedTime":"2018-04-27 12:03:11","SourceModuleName":"in","SourceModuleType":"im_msvistalog","DeviceVendor":"Microsoft","DeviceProduct":"EventLog"}
{"EventTime":"2018-04-27 12:03:11","Hostname":"DESKTOP-PPDS4VR","EventType":"AUDIT_SUCCESS","SeverityValue":2,"Severity":"INFO","EventID":2,"SourceName":"DataFuseUserActions","Task":0,"RecordNumber":17076,"ProcessID":0,"ThreadID":0,"Channel":"Application","Message":"{\"Action\":\"Foreground Transition\", \"FromProcessId\":6488, \"ToProcessId\":13272}","Opcode":"Info","EventReceivedTime":"2018-04-27 12:03:11","SourceModuleName":"in","SourceModuleType":"im_msvistalog","DeviceVendor":"Microsoft","DeviceProduct":"EventLog"}
{"EventTime":"2018-04-27 12:03:11","Hostname":"DESKTOP-PPDS4VR","EventType":"AUDIT_SUCCESS","SeverityValue":2,"Severity":"INFO","EventID":1,"SourceName":"DataFuseUserActions","Task":0,"RecordNumber":17077,"ProcessID":0,"ThreadID":0,"Channel":"Application","Message":"{\"Action\":\"Mouse Moving\", \"ProcessId\": 13272}","Opcode":"Info","EventReceivedTime":"2018-04-27 12:03:11","SourceModuleName":"in","SourceModuleType":"im_msvistalog","DeviceVendor":"Microsoft","DeviceProduct":"EventLog"}
{"EventTime":"2018-04-27 12:03:10","Hostname":"DESKTOP-PPDS4VR","EventType":"INFO","SeverityValue":2,"Severity":"INFO","EventID":1,"SourceName":"Microsoft-Windows-Sysmon","ProviderGuid":"{5770385F-C22A-43E0-BF4C-06F5698FFBD9}","Version":5,"Task":1,"OpcodeValue":0,"RecordNumber":139151,"ProcessID":10728,"ThreadID":1648,"Channel":"Microsoft-Windows-Sysmon/Operational","Domain":"NT AUTHORITY","AccountName":"SYSTEM","UserID":"S-1-5-18","AccountType":"User","Message":"Process Create:\r\nUtcTime: 2018-04-27 04:03:10.774\r\nProcessGuid: {85283F4F-A0FE-5AE2-0000-00109F333003}\r\nProcessId: 13272\r\nImage: C:\\Program Files\\Microsoft Office\\Office16\\OUTLOOK.EXE\r\nFileVersion: 16.0.4639.1000\r\nDescription: Microsoft Outlook\r\nProduct: Microsoft Outlook\r\nCompany: Microsoft Corporation\r\nCommandLine: \"C:\\Program Files\\Microsoft Office\\Office16\\OUTLOOK.EXE\" \r\nCurrentDirectory: C:\\WINDOWS\\system32\\\r\nUser: DESKTOP-PPDS4VR\\q\r\nLogonGuid: {85283F4F-AB18-5AD6-0000-0020B3650200}\r\nLogonId: 0x265B3\r\nTerminalSessionId: 1\r\nIntegrityLevel: Medium\r\nHashes: MD5=C3249558F5D5DB199389804D29015522,SHA256=96C0CC6F6BD143047A0605360FC8DEC731608DF1B897D08355294231AD1554E3\r\nParentProcessGuid: {85283F4F-AB1A-5AD6-0000-0010A3200500}\r\nParentProcessId: 6488\r\nParentImage: C:\\Windows\\explorer.exe\r\nParentCommandLine: C:\\WINDOWS\\Explorer.EXE","Category":"Process Create (rule: ProcessCreate)","Opcode":"Info","UtcTime":"2018-04-27 04:03:10.774","ProcessGuid":"{85283F4F-A0FE-5AE2-0000-00109F333003}","Image":"C:\\Program Files\\Microsoft Office\\Office16\\OUTLOOK.EXE","FileVersion":"16.0.4639.1000","Description":"Microsoft Outlook","Product":"Microsoft Outlook","Company":"Microsoft Corporation","CommandLine":"\"C:\\Program Files\\Microsoft Office\\Office16\\OUTLOOK.EXE\" ","CurrentDirectory":"C:\\WINDOWS\\system32\\","User":"DESKTOP-PPDS4VR\\q","LogonGuid":"{85283F4F-AB18-5AD6-0000-0020B3650200}","LogonId":"0x265b3","TerminalSessionId":"1","IntegrityLevel":"Medium","Hashes":"MD5=C3249558F5D5DB199389804D29015522,SHA256=96C0CC6F6BD143047A0605360FC8DEC731608DF1B897D08355294231AD1554E3","ParentProcessGuid":"{85283F4F-AB1A-5AD6-0000-0010A3200500}","ParentProcessId":"6488","ParentImage":"C:\\Windows\\explorer.exe","ParentCommandLine":"C:\\WINDOWS\\Explorer.EXE","EventReceivedTime":"2018-04-27 12:03:12","SourceModuleName":"in","SourceModuleType":"im_msvistalog","DeviceVendor":"Microsoft","DeviceProduct":"EventLog"}
{"EventTime":"2018-04-27 12:03:11","Hostname":"DESKTOP-PPDS4VR","EventType":"INFO","SeverityValue":2,"Severity":"INFO","EventID":1,"SourceName":"Microsoft-Windows-Sysmon","ProviderGuid":"{5770385F-C22A-43E0-BF4C-06F5698FFBD9}","Version":5,"Task":1,"OpcodeValue":0,"RecordNumber":139157,"ProcessID":10728,"ThreadID":1648,"Channel":"Microsoft-Windows-Sysmon/Operational","Domain":"NT AUTHORITY","AccountName":"SYSTEM","UserID":"S-1-5-18","AccountType":"User","Message":"Process Create:\r\nUtcTime: 2018-04-27 04:03:11.117\r\nProcessGuid: {85283F4F-A0FF-5AE2-0000-0010B65C3003}\r\nProcessId: 11676\r\nImage: C:\\Windows\\System32\\sppsvc.exe\r\nFileVersion: 10.0.16299.125 (WinBuild.160101.0800)\r\nDescription: Microsoft Software Protection Platform Service\r\nProduct: Microsoft� Windows� Operating System\r\nCompany: Microsoft Corporation\r\nCommandLine: C:\\WINDOWS\\system32\\sppsvc.exe\r\nCurrentDirectory: C:\\WINDOWS\r\nUser: NT AUTHORITY\\NETWORK SERVICE\r\nLogonGuid: {85283F4F-AB17-5AD6-0000-0020E4030000}\r\nLogonId: 0x3E4\r\nTerminalSessionId: 0\r\nIntegrityLevel: System\r\nHashes: MD5=57C9484D415A6549EAE96FA163BE912E,SHA256=A32329EB89D642BB8F627DAE8F3BEBA71004439899844C29349519EE939D42CD\r\nParentProcessGuid: {85283F4F-AB16-5AD6-0000-001066A40000}\r\nParentProcessId: 692\r\nParentImage: C:\\Windows\\System32\\services.exe\r\nParentCommandLine: C:\\WINDOWS\\system32\\services.exe","Category":"Process Create (rule: ProcessCreate)","Opcode":"Info","UtcTime":"2018-04-27 04:03:11.117","ProcessGuid":"{85283F4F-A0FF-5AE2-0000-0010B65C3003}","Image":"C:\\Windows\\System32\\sppsvc.exe","FileVersion":"10.0.16299.125 (WinBuild.160101.0800)","Description":"Microsoft Software Protection Platform Service","Product":"Microsoft� Windows� Operating System","Company":"Microsoft Corporation","CommandLine":"C:\\WINDOWS\\system32\\sppsvc.exe","CurrentDirectory":"C:\\WINDOWS","User":"NT AUTHORITY\\NETWORK SERVICE","LogonGuid":"{85283F4F-AB17-5AD6-0000-0020E4030000}","LogonId":"0x3e4","TerminalSessionId":"0","IntegrityLevel":"System","Hashes":"MD5=57C9484D415A6549EAE96FA163BE912E,SHA256=A32329EB89D642BB8F627DAE8F3BEBA71004439899844C29349519EE939D42CD","ParentProcessGuid":"{85283F4F-AB16-5AD6-0000-001066A40000}","ParentProcessId":"692","ParentImage":"C:\\Windows\\System32\\services.exe","ParentCommandLine":"C:\\WINDOWS\\system32\\services.exe","EventReceivedTime":"2018-04-27 12:03:12","SourceModuleName":"in","SourceModuleType":"im_msvistalog","DeviceVendor":"Microsoft","DeviceProduct":"EventLog"}
{"EventTime":"2018-04-27 12:03:12","Hostname":"DESKTOP-PPDS4VR","EventType":"AUDIT_SUCCESS","SeverityValue":2,"Severity":"INFO","EventID":1,"SourceName":"DataFuseUserActions","Task":0,"RecordNumber":17079,"ProcessID":0,"ThreadID":0,"Channel":"Application","Message":"{\"Action\":\"Mouse Stopped\", \"ProcessId\": 13272}","Opcode":"Info","EventReceivedTime":"2018-04-27 12:03:12","SourceModuleName":"in","SourceModuleType":"im_msvistalog","DeviceVendor":"Microsoft","DeviceProduct":"EventLog"}
{"EventTime":"2018-04-27 12:03:12","Hostname":"DESKTOP-PPDS4VR","EventType":"INFO","SeverityValue":2,"Severity":"INFO","EventID":1,"SourceName":"Microsoft-Windows-Sysmon","ProviderGuid":"{5770385F-C22A-43E0-BF4C-06F5698FFBD9}","Version":5,"Task":1,"OpcodeValue":0,"RecordNumber":139158,"ProcessID":10728,"ThreadID":1648,"Channel":"Microsoft-Windows-Sysmon/Operational","Domain":"NT AUTHORITY","AccountName":"SYSTEM","UserID":"S-1-5-18","AccountType":"User","Message":"Process Create:\r\nUtcTime: 2018-04-27 04:03:12.683\r\nProcessGuid: {85283F4F-A100-5AE2-0000-00104FCB3003}\r\nProcessId: 7008\r\nImage: C:\\Windows\\System32\\SearchProtocolHost.exe\r\nFileVersion: 7.0.16299.15 (WinBuild.160101.0800)\r\nDescription: Microsoft Windows Search Protocol Host\r\nProduct: Windows� Search\r\nCompany: Microsoft Corporation\r\nCommandLine: \"C:\\WINDOWS\\system32\\SearchProtocolHost.exe\" Global\\UsGthrFltPipeMssGthrPipe_S-1-5-21-1017305292-3344310281-3413085277-100145_ Global\\UsGthrCtrlFltPipeMssGthrPipe_S-1-5-21-1017305292-3344310281-3413085277-100145 1 -2147483646 \"Software\\Microsoft\\Windows Search\" \"Mozilla/4.0 (compatible; MSIE 6.0; Windows NT; MS Search 4.0 Robot)\" \"C:\\ProgramData\\Microsoft\\Search\\Data\\Temp\\usgthrsvc\" \"DownLevelDaemon\"  \"1\"\r\nCurrentDirectory: C:\\WINDOWS\\system32\\\r\nUser: DESKTOP-PPDS4VR\\q\r\nLogonGuid: {85283F4F-AB18-5AD6-0000-0020B3650200}\r\nLogonId: 0x265B3\r\nTerminalSessionId: 1\r\nIntegrityLevel: Medium\r\nHashes: MD5=C1489D96164A21B57CC2CB9577BC1734,SHA256=4F8CF68ACDBE04FB51763358C3A57A9634CD4F4966619D1862962481C706C05C\r\nParentProcessGuid: {85283F4F-AB24-5AD6-0000-0010666F0B00}\r\nParentProcessId: 9108\r\nParentImage: C:\\Windows\\System32\\SearchIndexer.exe\r\nParentCommandLine: C:\\WINDOWS\\system32\\SearchIndexer.exe /Embedding","Category":"Process Create (rule: ProcessCreate)","Opcode":"Info","UtcTime":"2018-04-27 04:03:12.683","ProcessGuid":"{85283F4F-A100-5AE2-0000-00104FCB3003}","Image":"C:\\Windows\\System32\\SearchProtocolHost.exe","FileVersion":"7.0.16299.15 (WinBuild.160101.0800)","Description":"Microsoft Windows Search Protocol Host","Product":"Windows� Search","Company":"Microsoft Corporation","CommandLine":"\"C:\\WINDOWS\\system32\\SearchProtocolHost.exe\" Global\\UsGthrFltPipeMssGthrPipe_S-1-5-21-1017305292-3344310281-3413085277-100145_ Global\\UsGthrCtrlFltPipeMssGthrPipe_S-1-5-21-1017305292-3344310281-3413085277-100145 1 -2147483646 \"Software\\Microsoft\\Windows Search\" \"Mozilla/4.0 (compatible; MSIE 6.0; Windows NT; MS Search 4.0 Robot)\" \"C:\\ProgramData\\Microsoft\\Search\\Data\\Temp\\usgthrsvc\" \"DownLevelDaemon\"  \"1\"","CurrentDirectory":"C:\\WINDOWS\\system32\\","User":"DESKTOP-PPDS4VR\\q","LogonGuid":"{85283F4F-AB18-5AD6-0000-0020B3650200}","LogonId":"0x265b3","TerminalSessionId":"1","IntegrityLevel":"Medium","Hashes":"MD5=C1489D96164A21B57CC2CB9577BC1734,SHA256=4F8CF68ACDBE04FB51763358C3A57A9634CD4F4966619D1862962481C706C05C","ParentProcessGuid":"{85283F4F-AB24-5AD6-0000-0010666F0B00}","ParentProcessId":"9108","ParentImage":"C:\\Windows\\System32\\SearchIndexer.exe","ParentCommandLine":"C:\\WINDOWS\\system32\\SearchIndexer.exe /Embedding","EventReceivedTime":"2018-04-27 12:03:14","SourceModuleName":"in","SourceModuleType":"im_msvistalog","DeviceVendor":"Microsoft","DeviceProduct":"EventLog"}
{"EventTime":"2018-04-27 12:03:12","Hostname":"DESKTOP-PPDS4VR","EventType":"INFO","SeverityValue":2,"Severity":"INFO","EventID":1,"SourceName":"Microsoft-Windows-Sysmon","ProviderGuid":"{5770385F-C22A-43E0-BF4C-06F5698FFBD9}","Version":5,"Task":1,"OpcodeValue":0,"RecordNumber":139159,"ProcessID":10728,"ThreadID":1648,"Channel":"Microsoft-Windows-Sysmon/Operational","Domain":"NT AUTHORITY","AccountName":"SYSTEM","UserID":"S-1-5-18","AccountType":"User","Message":"Process Create:\r\nUtcTime: 2018-04-27 04:03:12.709\r\nProcessGuid: {85283F4F-A100-5AE2-0000-001082CF3003}\r\nProcessId: 6216\r\nImage: C:\\Windows\\System32\\SearchFilterHost.exe\r\nFileVersion: 7.0.16299.15 (WinBuild.160101.0800)\r\nDescription: Microsoft Windows Search Filter Host\r\nProduct: Windows� Search\r\nCompany: Microsoft Corporation\r\nCommandLine: \"C:\\WINDOWS\\system32\\SearchFilterHost.exe\" 0 740 744 752 8192 748 \r\nCurrentDirectory: C:\\WINDOWS\\system32\\\r\nUser: NT AUTHORITY\\SYSTEM\r\nLogonGuid: {85283F4F-AB16-5AD6-0000-0020E7030000}\r\nLogonId: 0x3E7\r\nTerminalSessionId: 0\r\nIntegrityLevel: Medium\r\nHashes: MD5=59273BB2B6DDAFCF9C7F95AA71AC9C56,SHA256=086E202398A409CB872C4D17424F81477A4CB37BCD2BBE59A26639D63801621C\r\nParentProcessGuid: {85283F4F-AB24-5AD6-0000-0010666F0B00}\r\nParentProcessId: 9108\r\nParentImage: C:\\Windows\\System32\\SearchIndexer.exe\r\nParentCommandLine: C:\\WINDOWS\\system32\\SearchIndexer.exe /Embedding","Category":"Process Create (rule: ProcessCreate)","Opcode":"Info","UtcTime":"2018-04-27 04:03:12.709","ProcessGuid":"{85283F4F-A100-5AE2-0000-001082CF3003}","Image":"C:\\Windows\\System32\\SearchFilterHost.exe","FileVersion":"7.0.16299.15 (WinBuild.160101.0800)","Description":"Microsoft Windows Search Filter Host","Product":"Windows� Search","Company":"Microsoft Corporation","CommandLine":"\"C:\\WINDOWS\\system32\\SearchFilterHost.exe\" 0 740 744 752 8192 748 ","CurrentDirectory":"C:\\WINDOWS\\system32\\","User":"NT AUTHORITY\\SYSTEM","LogonGuid":"{85283F4F-AB16-5AD6-0000-0020E7030000}","LogonId":"0x3e7","TerminalSessionId":"0","IntegrityLevel":"Medium","Hashes":"MD5=59273BB2B6DDAFCF9C7F95AA71AC9C56,SHA256=086E202398A409CB872C4D17424F81477A4CB37BCD2BBE59A26639D63801621C","ParentProcessGuid":"{85283F4F-AB24-5AD6-0000-0010666F0B00}","ParentProcessId":"9108","ParentImage":"C:\\Windows\\System32\\SearchIndexer.exe","ParentCommandLine":"C:\\WINDOWS\\system32\\SearchIndexer.exe /Embedding","EventReceivedTime":"2018-04-27 12:03:14","SourceModuleName":"in","SourceModuleType":"im_msvistalog","DeviceVendor":"Microsoft","DeviceProduct":"EventLog"}
{"EventTime":"2018-04-27 12:03:15","Hostname":"DESKTOP-PPDS4VR","EventType":"AUDIT_SUCCESS","SeverityValue":2,"Severity":"INFO","EventID":1,"SourceName":"DataFuseUserActions","Task":0,"RecordNumber":17081,"ProcessID":0,"ThreadID":0,"Channel":"Application","Message":"{\"Action\":\"Mouse Moving\", \"ProcessId\": 13272}","Opcode":"Info","EventReceivedTime":"2018-04-27 12:03:15","SourceModuleName":"in","SourceModuleType":"im_msvistalog","DeviceVendor":"Microsoft","DeviceProduct":"EventLog"}
{"EventTime":"2018-04-27 12:03:17","Hostname":"DESKTOP-PPDS4VR","EventType":"AUDIT_SUCCESS","SeverityValue":2,"Severity":"INFO","EventID":1,"SourceName":"DataFuseUserActions","Task":0,"RecordNumber":17082,"ProcessID":0,"ThreadID":0,"Channel":"Application","Message":"{\"Action\":\"Mouse Stopped\", \"ProcessId\": 13272}","Opcode":"Info","EventReceivedTime":"2018-04-27 12:03:17","SourceModuleName":"in","SourceModuleType":"im_msvistalog","DeviceVendor":"Microsoft","DeviceProduct":"EventLog"}
{"EventTime":"2018-04-27 12:03:17","Hostname":"DESKTOP-PPDS4VR","EventType":"AUDIT_SUCCESS","SeverityValue":2,"Severity":"INFO","EventID":1,"SourceName":"DataFuseUserActions","Task":0,"RecordNumber":17083,"ProcessID":0,"ThreadID":0,"Channel":"Application","Message":"{\"Action\":\"Mouse Moving\", \"ProcessId\": 13272}","Opcode":"Info","EventReceivedTime":"2018-04-27 12:03:17","SourceModuleName":"in","SourceModuleType":"im_msvistalog","DeviceVendor":"Microsoft","DeviceProduct":"EventLog"}
{"EventTime":"2018-04-27 12:03:18","Hostname":"DESKTOP-PPDS4VR","EventType":"AUDIT_SUCCESS","SeverityValue":2,"Severity":"INFO","EventID":1,"SourceName":"DataFuseUserActions","Task":0,"RecordNumber":17084,"ProcessID":0,"ThreadID":0,"Channel":"Application","Message":"{\"Action\":\"Mouse Click Left\", \"ProcessId\": 13272}","Opcode":"Info","EventReceivedTime":"2018-04-27 12:03:18","SourceModuleName":"in","SourceModuleType":"im_msvistalog","DeviceVendor":"Microsoft","DeviceProduct":"EventLog"}
{"EventTime":"2018-04-27 12:03:18","Hostname":"DESKTOP-PPDS4VR","EventType":"AUDIT_SUCCESS","SeverityValue":2,"Severity":"INFO","EventID":1,"SourceName":"DataFuseUserActions","Task":0,"RecordNumber":17085,"ProcessID":0,"ThreadID":0,"Channel":"Application","Message":"{\"Action\":\"Mouse Double-Click Left\", \"ProcessId\": 13272}","Opcode":"Info","EventReceivedTime":"2018-04-27 12:03:18","SourceModuleName":"in","SourceModuleType":"im_msvistalog","DeviceVendor":"Microsoft","DeviceProduct":"EventLog"}
{"EventTime":"2018-04-27 12:03:18","Hostname":"DESKTOP-PPDS4VR","EventType":"AUDIT_SUCCESS","SeverityValue":2,"Severity":"INFO","EventID":2,"SourceName":"DataFuseUserActions","Task":0,"RecordNumber":17086,"ProcessID":0,"ThreadID":0,"Channel":"Application","Message":"{\"Action\":\"Foreground Transition\", \"FromProcessId\":13272, \"ToProcessId\":11604}","Opcode":"Info","EventReceivedTime":"2018-04-27 12:03:18","SourceModuleName":"in","SourceModuleType":"im_msvistalog","DeviceVendor":"Microsoft","DeviceProduct":"EventLog"}
{"EventTime":"2018-04-27 12:03:18","Hostname":"DESKTOP-PPDS4VR","EventType":"AUDIT_SUCCESS","SeverityValue":2,"Severity":"INFO","EventID":1,"SourceName":"DataFuseUserActions","Task":0,"RecordNumber":17087,"ProcessID":0,"ThreadID":0,"Channel":"Application","Message":"{\"Action\":\"Mouse Stopped\", \"ProcessId\": 11604}","Opcode":"Info","EventReceivedTime":"2018-04-27 12:03:18","SourceModuleName":"in","SourceModuleType":"im_msvistalog","DeviceVendor":"Microsoft","DeviceProduct":"EventLog"}
{"EventTime":"2018-04-27 12:03:18","Hostname":"DESKTOP-PPDS4VR","EventType":"INFO","SeverityValue":2,"Severity":"INFO","EventID":1,"SourceName":"Microsoft-Windows-Sysmon","ProviderGuid":"{5770385F-C22A-43E0-BF4C-06F5698FFBD9}","Version":5,"Task":1,"OpcodeValue":0,"RecordNumber":139175,"ProcessID":10728,"ThreadID":1648,"Channel":"Microsoft-Windows-Sysmon/Operational","Domain":"NT AUTHORITY","AccountName":"SYSTEM","UserID":"S-1-5-18","AccountType":"User","Message":"Process Create:\r\nUtcTime: 2018-04-27 04:03:18.459\r\nProcessGuid: {85283F4F-A106-5AE2-0000-0010281E3103}\r\nProcessId: 11604\r\nImage: C:\\Program Files\\Microsoft Office\\Office16\\WINWORD.EXE\r\nFileVersion: 16.0.4639.1000\r\nDescription: Microsoft Word\r\nProduct: Microsoft Office 2016\r\nCompany: Microsoft Corporation\r\nCommandLine: \"C:\\Program Files\\Microsoft Office\\Office16\\WINWORD.EXE\" /n \"C:\\Users\\q\\AppData\\Local\\Microsoft\\Windows\\INetCache\\Content.Outlook\\33LAB1D7\\test.docx\" /o \"\"\r\nCurrentDirectory: C:\\Users\\q\\AppData\\Local\\Microsoft\\Windows\\INetCache\\\r\nUser: DESKTOP-PPDS4VR\\q\r\nLogonGuid: {85283F4F-AB18-5AD6-0000-0020B3650200}\r\nLogonId: 0x265B3\r\nTerminalSessionId: 1\r\nIntegrityLevel: Medium\r\nHashes: MD5=DC9DAE4584F6B35C65E1B1DC4A76794D,SHA256=713CCAF69F2147F03BA5C97DF8440AEB7B507AB9F89574968BAB496C001318FE\r\nParentProcessGuid: {85283F4F-A0FE-5AE2-0000-00109F333003}\r\nParentProcessId: 13272\r\nParentImage: C:\\Program Files\\Microsoft Office\\Office16\\OUTLOOK.EXE\r\nParentCommandLine: \"C:\\Program Files\\Microsoft Office\\Office16\\OUTLOOK.EXE\" ","Category":"Process Create (rule: ProcessCreate)","Opcode":"Info","UtcTime":"2018-04-27 04:03:18.459","ProcessGuid":"{85283F4F-A106-5AE2-0000-0010281E3103}","Image":"C:\\Program Files\\Microsoft Office\\Office16\\WINWORD.EXE","FileVersion":"16.0.4639.1000","Description":"Microsoft Word","Product":"Microsoft Office 2016","Company":"Microsoft Corporation","CommandLine":"\"C:\\Program Files\\Microsoft Office\\Office16\\WINWORD.EXE\" /n \"C:\\Users\\q\\AppData\\Local\\Microsoft\\Windows\\INetCache\\Content.Outlook\\33LAB1D7\\test.docx\" /o \"\"","CurrentDirectory":"C:\\Users\\q\\AppData\\Local\\Microsoft\\Windows\\INetCache\\","User":"DESKTOP-PPDS4VR\\q","LogonGuid":"{85283F4F-AB18-5AD6-0000-0020B3650200}","LogonId":"0x265b3","TerminalSessionId":"1","IntegrityLevel":"Medium","Hashes":"MD5=DC9DAE4584F6B35C65E1B1DC4A76794D,SHA256=713CCAF69F2147F03BA5C97DF8440AEB7B507AB9F89574968BAB496C001318FE","ParentProcessGuid":"{85283F4F-A0FE-5AE2-0000-00109F333003}","ParentProcessId":"13272","ParentImage":"C:\\Program Files\\Microsoft Office\\Office16\\OUTLOOK.EXE","ParentCommandLine":"\"C:\\Program Files\\Microsoft Office\\Office16\\OUTLOOK.EXE\" ","EventReceivedTime":"2018-04-27 12:03:19","SourceModuleName":"in","SourceModuleType":"im_msvistalog","DeviceVendor":"Microsoft","DeviceProduct":"EventLog"}
{"EventTime":"2018-04-27 12:03:18","Hostname":"DESKTOP-PPDS4VR","EventType":"INFO","SeverityValue":2,"Severity":"INFO","EventID":1,"SourceName":"Microsoft-Windows-Sysmon","ProviderGuid":"{5770385F-C22A-43E0-BF4C-06F5698FFBD9}","Version":5,"Task":1,"OpcodeValue":0,"RecordNumber":139179,"ProcessID":10728,"ThreadID":1648,"Channel":"Microsoft-Windows-Sysmon/Operational","Domain":"NT AUTHORITY","AccountName":"SYSTEM","UserID":"S-1-5-18","AccountType":"User","Message":"Process Create:\r\nUtcTime: 2018-04-27 04:03:18.725\r\nProcessGuid: {85283F4F-A106-5AE2-0000-0010973A3103}\r\nProcessId: 13148\r\nImage: C:\\Windows\\System32\\SearchProtocolHost.exe\r\nFileVersion: 7.0.16299.15 (WinBuild.160101.0800)\r\nDescription: Microsoft Windows Search Protocol Host\r\nProduct: Windows� Search\r\nCompany: Microsoft Corporation\r\nCommandLine: \"C:\\WINDOWS\\system32\\SearchProtocolHost.exe\" Global\\UsGthrFltPipeMssGthrPipe46_ Global\\UsGthrCtrlFltPipeMssGthrPipe46 1 -2147483646 \"Software\\Microsoft\\Windows Search\" \"Mozilla/4.0 (compatible; MSIE 6.0; Windows NT; MS Search 4.0 Robot)\" \"C:\\ProgramData\\Microsoft\\Search\\Data\\Temp\\usgthrsvc\" \"DownLevelDaemon\" \r\nCurrentDirectory: C:\\WINDOWS\\system32\\\r\nUser: NT AUTHORITY\\SYSTEM\r\nLogonGuid: {85283F4F-AB16-5AD6-0000-0020E7030000}\r\nLogonId: 0x3E7\r\nTerminalSessionId: 0\r\nIntegrityLevel: System\r\nHashes: MD5=C1489D96164A21B57CC2CB9577BC1734,SHA256=4F8CF68ACDBE04FB51763358C3A57A9634CD4F4966619D1862962481C706C05C\r\nParentProcessGuid: {85283F4F-AB24-5AD6-0000-0010666F0B00}\r\nParentProcessId: 9108\r\nParentImage: C:\\Windows\\System32\\SearchIndexer.exe\r\nParentCommandLine: C:\\WINDOWS\\system32\\SearchIndexer.exe /Embedding","Category":"Process Create (rule: ProcessCreate)","Opcode":"Info","UtcTime":"2018-04-27 04:03:18.725","ProcessGuid":"{85283F4F-A106-5AE2-0000-0010973A3103}","Image":"C:\\Windows\\System32\\SearchProtocolHost.exe","FileVersion":"7.0.16299.15 (WinBuild.160101.0800)","Description":"Microsoft Windows Search Protocol Host","Product":"Windows� Search","Company":"Microsoft Corporation","CommandLine":"\"C:\\WINDOWS\\system32\\SearchProtocolHost.exe\" Global\\UsGthrFltPipeMssGthrPipe46_ Global\\UsGthrCtrlFltPipeMssGthrPipe46 1 -2147483646 \"Software\\Microsoft\\Windows Search\" \"Mozilla/4.0 (compatible; MSIE 6.0; Windows NT; MS Search 4.0 Robot)\" \"C:\\ProgramData\\Microsoft\\Search\\Data\\Temp\\usgthrsvc\" \"DownLevelDaemon\" ","CurrentDirectory":"C:\\WINDOWS\\system32\\","User":"NT AUTHORITY\\SYSTEM","LogonGuid":"{85283F4F-AB16-5AD6-0000-0020E7030000}","LogonId":"0x3e7","TerminalSessionId":"0","IntegrityLevel":"System","Hashes":"MD5=C1489D96164A21B57CC2CB9577BC1734,SHA256=4F8CF68ACDBE04FB51763358C3A57A9634CD4F4966619D1862962481C706C05C","ParentProcessGuid":"{85283F4F-AB24-5AD6-0000-0010666F0B00}","ParentProcessId":"9108","ParentImage":"C:\\Windows\\System32\\SearchIndexer.exe","ParentCommandLine":"C:\\WINDOWS\\system32\\SearchIndexer.exe /Embedding","EventReceivedTime":"2018-04-27 12:03:19","SourceModuleName":"in","SourceModuleType":"im_msvistalog","DeviceVendor":"Microsoft","DeviceProduct":"EventLog"}
{"EventTime":"2018-04-27 12:03:18","Hostname":"DESKTOP-PPDS4VR","EventType":"INFO","SeverityValue":2,"Severity":"INFO","EventID":1,"SourceName":"Microsoft-Windows-Sysmon","ProviderGuid":"{5770385F-C22A-43E0-BF4C-06F5698FFBD9}","Version":5,"Task":1,"OpcodeValue":0,"RecordNumber":139181,"ProcessID":10728,"ThreadID":1648,"Channel":"Microsoft-Windows-Sysmon/Operational","Domain":"NT AUTHORITY","AccountName":"SYSTEM","UserID":"S-1-5-18","AccountType":"User","Message":"Process Create:\r\nUtcTime: 2018-04-27 04:03:18.730\r\nProcessGuid: {85283F4F-A106-5AE2-0000-0010CB3B3103}\r\nProcessId: 1824\r\nImage: C:\\Program Files\\Microsoft Office\\Office16\\WINWORD.EXE\r\nFileVersion: 16.0.4639.1000\r\nDescription: Microsoft Word\r\nProduct: Microsoft Office 2016\r\nCompany: Microsoft Corporation\r\nCommandLine: \"C:\\Program Files\\Microsoft Office\\Office16\\WINWORD.EXE\"  /Embedding\r\nCurrentDirectory: C:\\Program Files\\Microsoft Office\\Office16\\\r\nUser: DESKTOP-PPDS4VR\\q\r\nLogonGuid: {85283F4F-AB18-5AD6-0000-0020B3650200}\r\nLogonId: 0x265B3\r\nTerminalSessionId: 1\r\nIntegrityLevel: AppContainer\r\nHashes: MD5=DC9DAE4584F6B35C65E1B1DC4A76794D,SHA256=713CCAF69F2147F03BA5C97DF8440AEB7B507AB9F89574968BAB496C001318FE\r\nParentProcessGuid: {85283F4F-A106-5AE2-0000-0010281E3103}\r\nParentProcessId: 11604\r\nParentImage: C:\\Program Files\\Microsoft Office\\Office16\\WINWORD.EXE\r\nParentCommandLine: \"C:\\Program Files\\Microsoft Office\\Office16\\WINWORD.EXE\" /n \"C:\\Users\\q\\AppData\\Local\\Microsoft\\Windows\\INetCache\\Content.Outlook\\33LAB1D7\\test.docx\" /o \"\"","Category":"Process Create (rule: ProcessCreate)","Opcode":"Info","UtcTime":"2018-04-27 04:03:18.730","ProcessGuid":"{85283F4F-A106-5AE2-0000-0010CB3B3103}","Image":"C:\\Program Files\\Microsoft Office\\Office16\\WINWORD.EXE","FileVersion":"16.0.4639.1000","Description":"Microsoft Word","Product":"Microsoft Office 2016","Company":"Microsoft Corporation","CommandLine":"\"C:\\Program Files\\Microsoft Office\\Office16\\WINWORD.EXE\"  /Embedding","CurrentDirectory":"C:\\Program Files\\Microsoft Office\\Office16\\","User":"DESKTOP-PPDS4VR\\q","LogonGuid":"{85283F4F-AB18-5AD6-0000-0020B3650200}","LogonId":"0x265b3","TerminalSessionId":"1","IntegrityLevel":"AppContainer","Hashes":"MD5=DC9DAE4584F6B35C65E1B1DC4A76794D,SHA256=713CCAF69F2147F03BA5C97DF8440AEB7B507AB9F89574968BAB496C001318FE","ParentProcessGuid":"{85283F4F-A106-5AE2-0000-0010281E3103}","ParentProcessId":"11604","ParentImage":"C:\\Program Files\\Microsoft Office\\Office16\\WINWORD.EXE","ParentCommandLine":"\"C:\\Program Files\\Microsoft Office\\Office16\\WINWORD.EXE\" /n \"C:\\Users\\q\\AppData\\Local\\Microsoft\\Windows\\INetCache\\Content.Outlook\\33LAB1D7\\test.docx\" /o \"\"","EventReceivedTime":"2018-04-27 12:03:19","SourceModuleName":"in","SourceModuleType":"im_msvistalog","DeviceVendor":"Microsoft","DeviceProduct":"EventLog"}
{"EventTime":"2018-04-27 12:03:27","Hostname":"DESKTOP-PPDS4VR","EventType":"AUDIT_SUCCESS","SeverityValue":2,"Severity":"INFO","EventID":1,"SourceName":"DataFuseUserActions","Task":0,"RecordNumber":17089,"ProcessID":0,"ThreadID":0,"Channel":"Application","Message":"{\"Action\":\"Mouse Moving\", \"ProcessId\": 11604}","Opcode":"Info","EventReceivedTime":"2018-04-27 12:03:27","SourceModuleName":"in","SourceModuleType":"im_msvistalog","DeviceVendor":"Microsoft","DeviceProduct":"EventLog"}