{"EventTime":"2018-06-28 13:37:59","Hostname":"DESKTOP-O153T4R","Keywords":-9223372036854775808,"EventType":"INFO","SeverityValue":2,"Severity":"INFO","EventID":1,"SourceName":"Microsoft-Windows-Sysmon","ProviderGuid":"{5770385F-C22A-43E0-BF4C-06F5698FFBD9}","Version":5,"Task":1,"OpcodeValue":0,"RecordNumber":19654281,"ProcessID":3520,"ThreadID":5228,"Channel":"Microsoft-Windows-Sysmon/Operational","Domain":"NT AUTHORITY","AccountName":"SYSTEM","UserID":"S-1-5-18","AccountType":"User","Category":"Process Create (rule: ProcessCreate)","Opcode":"Info","UtcTime":"2018-06-28 05:37:59.916","ProcessGuid":"{B231F4AB-7437-5B34-0000-001062F77816}","Image":"C:\\Windows\\System32\\cmd.exe","FileVersion":"10.0.17134.1 (WinBuild.160101.0800)","Description":"Windows Command Processor","Product":"Microsoft® Windows® Operating System","Company":"Microsoft Corporation","CommandLine":"C:\\WINDOWS\\system32\\cmd.exe /c \"\"C:\\Program Files\\VMware\\VMware Tools\\suspend-vm-default.bat\"\"","CurrentDirectory":"C:\\WINDOWS\\system32\\","User":"NT AUTHORITY\\SYSTEM","LogonGuid":"{B231F4AB-70E4-5B2B-0000-0020E7030000}","LogonId":"0x3e7","TerminalSessionId":"0","IntegrityLevel":"System","Hashes":"MD5=4E2ACF4F8A396486AB4268C94A6A245F,SHA256=9A7C58BD98D70631AA1473F7B57B426DB367D72429A5455B433A05EE251F3236","ParentProcessGuid":"{B231F4AB-70EB-5B2B-0000-00100FC00200}","ParentProcessId":"3556","ParentImage":"C:\\Program Files\\VMware\\VMware Tools\\vmtoolsd.exe","ParentCommandLine":"\"C:\\Program Files\\VMware\\VMware Tools\\vmtoolsd.exe\"","EventReceivedTime":"2018-06-28 15:34:40","SourceModuleName":"in","SourceModuleType":"im_msvistalog","DeviceVendor":"Microsoft","DeviceProduct":"EventLog"}
{"EventTime":"2018-06-28 15:34:48","Hostname":"DESKTOP-O153T4R","Keywords":-9223372036854775808,"EventType":"INFO","SeverityValue":2,"Severity":"INFO","EventID":3,"SourceName":"Microsoft-Windows-Sysmon","ProviderGuid":"{5770385F-C22A-43E0-BF4C-06F5698FFBD9}","Version":5,"Task":3,"OpcodeValue":0,"RecordNumber":19655260,"ProcessID":3520,"ThreadID":5240,"Channel":"Microsoft-Windows-Sysmon/Operational","Domain":"NT AUTHORITY","AccountName":"SYSTEM","UserID":"S-1-5-18","AccountType":"User","Category":"Network connection detected (rule: NetworkConnect)","Opcode":"Info","UtcTime":"2018-06-23 07:06:24.888","ProcessGuid":"{B231F4AB-8F90-5B34-0000-001018387916}","Image":"C:\\Program Files (x86)\\Google\\Update\\GoogleUpdate.exe","User":"NT AUTHORITY\\SYSTEM","Protocol":"tcp","Initiated":"true","SourceIsIpv6":"false","SourceIp":"172.30.1.35","SourceHostname":"DESKTOP-O153T4R","SourcePort":"57198","DestinationIsIpv6":"false","DestinationIp":"172.217.160.46","DestinationPort":"443","DestinationPortName":"https","EventReceivedTime":"2018-06-28 15:34:59","SourceModuleName":"in","SourceModuleType":"im_msvistalog","DeviceVendor":"Microsoft","DeviceProduct":"EventLog"}
{"EventTime":"2018-06-28 15:34:40","Hostname":"DESKTOP-O153T4R","Keywords":-9223372036854775808,"EventType":"INFO","SeverityValue":2,"Severity":"INFO","EventID":1,"SourceName":"Microsoft-Windows-Sysmon","ProviderGuid":"{5770385F-C22A-43E0-BF4C-06F5698FFBD9}","Version":5,"Task":1,"OpcodeValue":0,"RecordNumber":19654436,"ProcessID":3520,"ThreadID":5228,"Channel":"Microsoft-Windows-Sysmon/Operational","Domain":"NT AUTHORITY","AccountName":"SYSTEM","UserID":"S-1-5-18","AccountType":"User","Category":"Process Create (rule: ProcessCreate)","Opcode":"Info","UtcTime":"2018-06-28 07:34:40.148","ProcessGuid":"{B231F4AB-8F90-5B34-0000-001018387916}","Image":"C:\\Program Files (x86)\\Google\\Update\\GoogleUpdate.exe","FileVersion":"1.3.33.7","Description":"Google Installer","Product":"Google Update","Company":"Google Inc.","CommandLine":"\"C:\\Program Files (x86)\\Google\\Update\\GoogleUpdate.exe\" /ua /installsource scheduler","CurrentDirectory":"C:\\WINDOWS\\system32\\","User":"NT AUTHORITY\\SYSTEM","LogonGuid":"{B231F4AB-70E4-5B2B-0000-0020E7030000}","LogonId":"0x3e7","TerminalSessionId":"0","IntegrityLevel":"System","Hashes":"MD5=605CCC9CE1839BC5583017DF7CAE27A6,SHA256=F1F67830FC3531DFBDAF5315F59422438AB9F243D89491AC75D1818E7ED98B5D","ParentProcessGuid":"{B231F4AB-7437-5B34-0000-001062F77816}","ParentProcessId":"1576","ParentImage":"C:\\Windows\\System32\\svchost.exe","ParentCommandLine":"c:\\windows\\system32\\svchost.exe -k netsvcs -p -s Schedule","EventReceivedTime":"2018-06-28 15:34:43","SourceModuleName":"in","SourceModuleType":"im_msvistalog","DeviceVendor":"Microsoft","DeviceProduct":"EventLog"}
{"EventTime":"2018-06-28 13:37:55","Hostname":"DESKTOP-O153T4R","Keywords":-9223372036854775808,"EventType":"INFO","SeverityValue":2,"Severity":"INFO","EventID":5,"SourceName":"Microsoft-Windows-Sysmon","ProviderGuid":"{5770385F-C22A-43E0-BF4C-06F5698FFBD9}","Version":3,"Task":5,"OpcodeValue":0,"RecordNumber":19653914,"ProcessID":3520,"ThreadID":5228,"Channel":"Microsoft-Windows-Sysmon/Operational","Domain":"NT AUTHORITY","AccountName":"SYSTEM","UserID":"S-1-5-18","AccountType":"User","Category":"Image loaded (rule: ImageLoad)","Opcode":"Info","UtcTime":"2018-06-28 07:34:40.512","ProcessGuid":"{B231F4AB-8F90-5B34-0000-001018387916}","Image":"C:\\Program Files (x86)\\Google\\Update\\GoogleUpdate.exe","ImageLoaded":"C:\\Program Files (x86)\\Google\\Update\\GoogleUpdate.exe","FileVersion":"1.3.33.7","Description":"Google Installer","Product":"Google Update","Company":"Google Inc.","Hashes":"MD5=605CCC9CE1839BC5583017DF7CAE27A6,SHA256=F1F67830FC3531DFBDAF5315F59422438AB9F243D89491AC75D1818E7ED98B5D","Signed":"true","Signature":"Google Inc","SignatureStatus":"Valid","EventReceivedTime":"2018-06-28 15:34:44","SourceModuleName":"in","SourceModuleType":"im_msvistalog","DeviceVendor":"Microsoft","DeviceProduct":"EventLog"}
{"EventTime":"2018-06-28 15:34:41","Hostname":"DESKTOP-O153T4R","Keywords":-9223372036854775808,"EventType":"INFO","SeverityValue":2,"Severity":"INFO","EventID":7,"SourceName":"Microsoft-Windows-Sysmon","ProviderGuid":"{5770385F-C22A-43E0-BF4C-06F5698FFBD9}","Version":3,"Task":7,"OpcodeValue":0,"RecordNumber":19654451,"ProcessID":3520,"ThreadID":5228,"Channel":"Microsoft-Windows-Sysmon/Operational","Domain":"NT AUTHORITY","AccountName":"SYSTEM","UserID":"S-1-5-18","AccountType":"User","Category":"Image loaded (rule: ImageLoad)","Opcode":"Info","UtcTime":"2018-06-28 07:34:40.513","ProcessGuid":"{B231F4AB-8F90-5B34-0000-001018387916}","Image":"C:\\Program Files (x86)\\Google\\Update\\GoogleUpdate.exe","ImageLoaded":"C:\\Windows\\System32\\ntdll.dll","FileVersion":"10.0.17134.1 (WinBuild.160101.0800)","Description":"NT Layer DLL","Product":"Microsoft® Windows® Operating System","Company":"Microsoft Corporation","Hashes":"MD5=26BC766AE92B85E423AFB7F6E55AABBD,SHA256=1876BD230BBC544CD563D5423C3AEA3EB2FBFB7DAB4EE30DC621F052A00A4CBC","Signed":"true","Signature":"Microsoft Windows","SignatureStatus":"Valid","EventReceivedTime":"2018-06-28 15:34:44","SourceModuleName":"in","SourceModuleType":"im_msvistalog","DeviceVendor":"Microsoft","DeviceProduct":"EventLog"}
{"EventTime":"2018-06-28 15:34:41","Hostname":"DESKTOP-O153T4R","Keywords":-9223372036854775808,"EventType":"INFO","SeverityValue":2,"Severity":"INFO","EventID":7,"SourceName":"Microsoft-Windows-Sysmon","ProviderGuid":"{5770385F-C22A-43E0-BF4C-06F5698FFBD9}","Version":3,"Task":7,"OpcodeValue":0,"RecordNumber":19654460,"ProcessID":3520,"ThreadID":5236,"Channel":"Microsoft-Windows-Sysmon/Operational","Domain":"NT AUTHORITY","AccountName":"SYSTEM","UserID":"S-1-5-18","AccountType":"User","Category":"Image loaded (rule: ImageLoad)","Opcode":"Info","UtcTime":"2018-06-28 07:34:40.545","ProcessGuid":"{B231F4AB-8F90-5B34-0000-001018387916}","Image":"C:\\Program Files (x86)\\Google\\Update\\GoogleUpdate.exe","ImageLoaded":"C:\\Windows\\SysWOW64\\ntdll.dll","FileVersion":"10.0.17134.1 (WinBuild.160101.0800)","Description":"NT Layer DLL","Product":"Microsoft® Windows® Operating System","Company":"Microsoft Corporation","Hashes":"MD5=5118880243C9051C13F46B46A4C9E473,SHA256=3AE1C20A1475A81B54D3BA4FDDE462A3A5C746FF83DFA707D324C34A6A5C21FB","Signed":"true","Signature":"Microsoft Windows","SignatureStatus":"Valid","EventReceivedTime":"2018-06-28 15:34:44","SourceModuleName":"in","SourceModuleType":"im_msvistalog","DeviceVendor":"Microsoft","DeviceProduct":"EventLog"}
{"EventTime":"2018-06-28 13:38:00","Hostname":"DESKTOP-O153T4R","Keywords":-9223372036854775808,"EventType":"INFO","SeverityValue":2,"Severity":"INFO","EventID":9,"SourceName":"Microsoft-Windows-Sysmon","ProviderGuid":"{5770385F-C22A-43E0-BF4C-06F5698FFBD9}","Version":2,"Task":9,"OpcodeValue":0,"RecordNumber":19654378,"ProcessID":3520,"ThreadID":5228,"Channel":"Microsoft-Windows-Sysmon/Operational","Domain":"NT AUTHORITY","AccountName":"SYSTEM","UserID":"S-1-5-18","AccountType":"User","Category":"RawAccessRead detected (rule: RawAccessRead)","Opcode":"Info","UtcTime":"2018-06-28 05:38:00.010","ProcessGuid":"{B231F4AB-8F90-5B34-0000-001018387916}","Image":"System","Device":"\\Device\\HarddiskVolume1","EventReceivedTime":"2018-06-28 15:34:42","SourceModuleName":"in","SourceModuleType":"im_msvistalog","DeviceVendor":"Microsoft","DeviceProduct":"EventLog"}
{"EventTime":"2018-06-28 13:37:41","Hostname":"DESKTOP-O153T4R","Keywords":-9223372036854775808,"EventType":"INFO","SeverityValue":2,"Severity":"INFO","EventID":10,"SourceName":"Microsoft-Windows-Sysmon","ProviderGuid":"{5770385F-C22A-43E0-BF4C-06F5698FFBD9}","Version":3,"Task":10,"OpcodeValue":0,"RecordNumber":19653073,"ProcessID":3520,"ThreadID":5228,"Channel":"Microsoft-Windows-Sysmon/Operational","Domain":"NT AUTHORITY","AccountName":"SYSTEM","UserID":"S-1-5-18","AccountType":"User","Category":"Process accessed (rule: ProcessAccess)","Opcode":"Info","UtcTime":"2018-06-28 05:37:38.162","SourceProcessGUID":"{B231F4AB-7437-5B34-0000-001062F77816}","SourceProcessId":"788","SourceThreadId":"64744","SourceImage":"C:\\WINDOWS\\system32\\services.exe","TargetProcessGUID":"{B231F4AB-8F90-5B34-0000-001018387916}","TargetProcessId":"62884","TargetImage":"C:\\WINDOWS\\system32\\svchost.exe","GrantedAccess":"0x18","CallTrace":"C:\\WINDOWS\\SYSTEM32\\ntdll.dll+9a374|C:\\WINDOWS\\System32\\KERNELBASE.dll+2fd5d|C:\\WINDOWS\\system32\\services.exe+13375|C:\\WINDOWS\\System32\\KERNEL32.DLL+13034|C:\\WINDOWS\\SYSTEM32\\ntdll.dll+71431","EventReceivedTime":"2018-06-28 13:37:42","SourceModuleName":"in","SourceModuleType":"im_msvistalog","DeviceVendor":"Microsoft","DeviceProduct":"EventLog"}
{"EventTime":"2018-06-28 13:37:41","Hostname":"DESKTOP-O153T4R","Keywords":-9223372036854775808,"EventType":"INFO","SeverityValue":2,"Severity":"INFO","EventID":10,"SourceName":"Microsoft-Windows-Sysmon","ProviderGuid":"{5770385F-C22A-43E0-BF4C-06F5698FFBD9}","Version":3,"Task":10,"OpcodeValue":0,"RecordNumber":19653074,"ProcessID":3520,"ThreadID":5228,"Channel":"Microsoft-Windows-Sysmon/Operational","Domain":"NT AUTHORITY","AccountName":"SYSTEM","UserID":"S-1-5-18","AccountType":"User","Category":"Process accessed (rule: ProcessAccess)","Opcode":"Info","UtcTime":"2018-06-28 05:37:38.162","SourceProcessGUID":"{B231F4AB-70E4-5B2B-0000-001082C00000}","SourceProcessId":"788","SourceThreadId":"64744","SourceImage":"C:\\WINDOWS\\system32\\services.exe","TargetProcessGUID":"{B231F4AB-7403-5B34-0000-001028FA7216}","TargetProcessId":"61984","TargetImage":"C:\\WINDOWS\\system32\\svchost.exe","GrantedAccess":"0x18","CallTrace":"C:\\WINDOWS\\SYSTEM32\\ntdll.dll+9a374|C:\\WINDOWS\\System32\\KERNELBASE.dll+2fd5d|C:\\WINDOWS\\system32\\services.exe+13375|C:\\WINDOWS\\System32\\KERNEL32.DLL+13034|C:\\WINDOWS\\SYSTEM32\\ntdll.dll+71431","EventReceivedTime":"2018-06-28 13:37:42","SourceModuleName":"in","SourceModuleType":"im_msvistalog","DeviceVendor":"Microsoft","DeviceProduct":"EventLog"}
{"EventTime":"2018-06-28 15:35:50","Hostname":"DESKTOP-O153T4R","Keywords":-9223372036854775808,"EventType":"INFO","SeverityValue":2,"Severity":"INFO","EventID":11,"SourceName":"Microsoft-Windows-Sysmon","ProviderGuid":"{5770385F-C22A-43E0-BF4C-06F5698FFBD9}","Version":2,"Task":11,"OpcodeValue":0,"RecordNumber":19659641,"ProcessID":3520,"ThreadID":5228,"Channel":"Microsoft-Windows-Sysmon/Operational","Domain":"NT AUTHORITY","AccountName":"SYSTEM","UserID":"S-1-5-18","AccountType":"User","Category":"File created (rule: FileCreate)","Opcode":"Info","UtcTime":"2018-06-28 07:35:39.983","ProcessGuid":"{B231F4AB-8F90-5B34-0000-001018387916}","Image":"c:\\windows\\system32\\svchost.exe","TargetFilename":"C:\\Windows\\System32\\Tasks\\Microsoft\\Windows\\UpdateOrchestrator\\AC Power Install","CreationUtcTime":"2018-06-28 07:35:39.983","EventReceivedTime":"2018-06-28 15:35:51","SourceModuleName":"in","SourceModuleType":"im_msvistalog","DeviceVendor":"Microsoft","DeviceProduct":"EventLog"}
{"EventTime":"2018-06-28 15:35:50","Hostname":"DESKTOP-O153T4R","Keywords":-9223372036854775808,"EventType":"INFO","SeverityValue":2,"Severity":"INFO","EventID":11,"SourceName":"Microsoft-Windows-Sysmon","ProviderGuid":"{5770385F-C22A-43E0-BF4C-06F5698FFBD9}","Version":2,"Task":11,"OpcodeValue":0,"RecordNumber":19659689,"ProcessID":3520,"ThreadID":5228,"Channel":"Microsoft-Windows-Sysmon/Operational","Domain":"NT AUTHORITY","AccountName":"SYSTEM","UserID":"S-1-5-18","AccountType":"User","Category":"File created (rule: FileCreate)","Opcode":"Info","UtcTime":"2018-06-28 07:35:40.295","ProcessGuid":"{B231F4AB-8F90-5B34-0000-001018387916}","Image":"c:\\windows\\system32\\svchost.exe","TargetFilename":"C:\\Windows\\SoftwareDistribution\\Download\\Install\\UpdatePlatform.dll","CreationUtcTime":"2018-06-28 07:35:40.295","EventReceivedTime":"2018-06-28 15:35:51","SourceModuleName":"in","SourceModuleType":"im_msvistalog","DeviceVendor":"Microsoft","DeviceProduct":"EventLog"}
{"EventTime":"2018-06-28 15:34:45","Hostname":"DESKTOP-O153T4R","Keywords":-9223372036854775808,"EventType":"INFO","SeverityValue":2,"Severity":"INFO","EventID":12,"SourceName":"Microsoft-Windows-Sysmon","ProviderGuid":"{5770385F-C22A-43E0-BF4C-06F5698FFBD9}","Version":2,"Task":13,"OpcodeValue":0,"RecordNumber":19654719,"ProcessID":3520,"ThreadID":5228,"Channel":"Microsoft-Windows-Sysmon/Operational","Domain":"NT AUTHORITY","AccountName":"SYSTEM","UserID":"S-1-5-18","AccountType":"User","Category":"Registry value set (rule: RegistryEvent)","Opcode":"Info","UtcTime":"2018-06-28 07:34:43.062","ProcessGuid":"{B231F4AB-8F90-5B34-0000-001018387916}","Image":"c:\\windows\\system32\\svchost.exe","TargetObject":"HKLM\\SOFTWARE\\Microsoft\\Windows NT\\CurrentVersion\\NetworkList\\Profiles\\{DFCA3F9E-8014-443F-97EB-B39E7AB0100F}\\DateLastConnected","Details":"Binary Data","EventReceivedTime":"2018-06-28 15:34:49","SourceModuleName":"in","SourceModuleType":"im_msvistalog","DeviceVendor":"Microsoft","DeviceProduct":"EventLog"}
{"EventTime":"2018-06-28 15:35:52","Hostname":"DESKTOP-O153T4R","Keywords":-9223372036854775808,"EventType":"INFO","SeverityValue":2,"Severity":"INFO","EventID":13,"SourceName":"Microsoft-Windows-Sysmon","ProviderGuid":"{5770385F-C22A-43E0-BF4C-06F5698FFBD9}","Version":2,"Task":13,"OpcodeValue":0,"RecordNumber":19659889,"ProcessID":3520,"ThreadID":5228,"Channel":"Microsoft-Windows-Sysmon/Operational","Domain":"NT AUTHORITY","AccountName":"SYSTEM","UserID":"S-1-5-18","AccountType":"User","Category":"Registry value set (rule: RegistryEvent)","Opcode":"Info","UtcTime":"2018-06-28 07:35:47.548","ProcessGuid":"{B231F4AB-8F90-5B34-0000-001018387916}","Image":"C:\\WINDOWS\\system32\\services.exe","TargetObject":"HKLM\\System\\CurrentControlSet\\Services\\WdNisDrv\\Start","Details":"DWORD (0x00000003)","EventReceivedTime":"2018-06-28 15:35:53","SourceModuleName":"in","SourceModuleType":"im_msvistalog","DeviceVendor":"Microsoft","DeviceProduct":"EventLog"}
{"EventTime":"2018-06-28 15:35:52","Hostname":"DESKTOP-O153T4R","Keywords":-9223372036854775808,"EventType":"INFO","SeverityValue":2,"Severity":"INFO","EventID":14,"SourceName":"Microsoft-Windows-Sysmon","ProviderGuid":"{5770385F-C22A-43E0-BF4C-06F5698FFBD9}","Version":2,"Task":13,"OpcodeValue":0,"RecordNumber":19659889,"ProcessID":3520,"ThreadID":5228,"Channel":"Microsoft-Windows-Sysmon/Operational","Domain":"NT AUTHORITY","AccountName":"SYSTEM","UserID":"S-1-5-18","AccountType":"User","Category":"Registry value set (rule: RegistryEvent)","Opcode":"Info","UtcTime":"2018-06-28 07:35:47.548","ProcessGuid":"{B231F4AB-8F90-5B34-0000-001018387916}","Image":"C:\\WINDOWS\\system32\\services.exe","TargetObject":"HKLM\\System\\CurrentControlSet\\Services\\WdNisDrv\\Start","Details":"DWORD (0x00000003)","EventReceivedTime":"2018-06-28 15:35:53","SourceModuleName":"in","SourceModuleType":"im_msvistalog","DeviceVendor":"Microsoft","DeviceProduct":"EventLog"}
{"EventTime":"2018-06-28 15:34:51","Hostname":"DESKTOP-O153T4R","Keywords":-9223372036854775808,"EventType":"INFO","SeverityValue":2,"Severity":"INFO","EventID":17,"SourceName":"Microsoft-Windows-Sysmon","ProviderGuid":"{5770385F-C22A-43E0-BF4C-06F5698FFBD9}","Version":1,"Task":18,"OpcodeValue":0,"RecordNumber":19655504,"ProcessID":3520,"ThreadID":5228,"Channel":"Microsoft-Windows-Sysmon/Operational","Domain":"NT AUTHORITY","AccountName":"SYSTEM","UserID":"S-1-5-18","AccountType":"User","Category":"Pipe Connected (rule: PipeEvent)","Opcode":"Info","UtcTime":"2018-06-28 07:34:45.505","ProcessGuid":"{B231F4AB-8F90-5B34-0000-001018387916}","PipeName":"\\wkssvc","Image":"C:\\Program Files (x86)\\Google\\Update\\GoogleUpdate.exe","EventReceivedTime":"2018-06-28 15:35:02","SourceModuleName":"in","SourceModuleType":"im_msvistalog","DeviceVendor":"Microsoft","DeviceProduct":"EventLog"}
{"EventTime":"2018-06-28 15:34:51","Hostname":"DESKTOP-O153T4R","Keywords":-9223372036854775808,"EventType":"INFO","SeverityValue":2,"Severity":"INFO","EventID":18,"SourceName":"Microsoft-Windows-Sysmon","ProviderGuid":"{5770385F-C22A-43E0-BF4C-06F5698FFBD9}","Version":1,"Task":18,"OpcodeValue":0,"RecordNumber":19655507,"ProcessID":3520,"ThreadID":5228,"Channel":"Microsoft-Windows-Sysmon/Operational","Domain":"NT AUTHORITY","AccountName":"SYSTEM","UserID":"S-1-5-18","AccountType":"User","Category":"Pipe Connected (rule: PipeEvent)","Opcode":"Info","UtcTime":"2018-06-28 07:34:45.528","ProcessGuid":"{B231F4AB-8F90-5B34-0000-001018387916}","PipeName":"\\GoogleCrashServices\\S-1-5-18","Image":"C:\\Program Files (x86)\\Google\\Update\\GoogleUpdate.exe","EventReceivedTime":"2018-06-28 15:35:02","SourceModuleName":"in","SourceModuleType":"im_msvistalog","DeviceVendor":"Microsoft","DeviceProduct":"EventLog"}
{"EventTime":"2018-06-28 15:35:50","Hostname":"DESKTOP-O153T4R","Keywords":-9223372036854775808,"EventType":"INFO","SeverityValue":2,"Severity":"INFO","EventID":2,"SourceName":"Microsoft-Windows-Sysmon","ProviderGuid":"{5770385F-C22A-43E0-BF4C-06F5698FFBD9}","Version":2,"Task":11,"OpcodeValue":0,"RecordNumber":19659641,"ProcessID":3520,"ThreadID":5228,"Channel":"Microsoft-Windows-Sysmon/Operational","Domain":"NT AUTHORITY","AccountName":"SYSTEM","UserID":"S-1-5-18","AccountType":"User","Category":"File created (rule: FileCreate)","Opcode":"Info","UtcTime":"2018-06-28 07:35:39.983","ProcessGuid":"{B231F4AB-8F90-5B34-0000-001018387916}","Image":"c:\\windows\\system32\\svchost.exe","TargetFilename":"C:\\Windows\\System32\\Tasks\\Microsoft\\Windows\\UpdateOrchestrator\\AC Power Install","CreationUtcTime":"2018-06-28 07:35:39.983","EventReceivedTime":"2018-06-28 15:35:51","SourceModuleName":"in","SourceModuleType":"im_msvistalog","DeviceVendor":"Microsoft","DeviceProduct":"EventLog"}
{"EventTime":"2018-06-28 15:34:41","Hostname":"DESKTOP-O153T4R","Keywords":-9223372036854775808,"EventType":"INFO","SeverityValue":2,"Severity":"INFO","EventID":6,"SourceName":"Microsoft-Windows-Sysmon","ProviderGuid":"{5770385F-C22A-43E0-BF4C-06F5698FFBD9}","Version":3,"Task":7,"OpcodeValue":0,"RecordNumber":19654451,"ProcessID":3520,"ThreadID":5228,"Channel":"Microsoft-Windows-Sysmon/Operational","Domain":"NT AUTHORITY","AccountName":"SYSTEM","UserID":"S-1-5-18","AccountType":"User","Category":"Driver loaded (rule: DriverLoad)","Opcode":"Info","UtcTime":"2018-06-28 07:34:40.513","ProcessGuid":"{B231F4AB-8F90-5B34-0000-001018387916}","Image":"C:\\Program Files (x86)\\Google\\Update\\GoogleUpdate.exe","ImageLoaded":"C:\\Windows\\System32\\ntdll.dll","FileVersion":"10.0.17134.1 (WinBuild.160101.0800)","Description":"NT Layer DLL","Product":"Microsoft® Windows® Operating System","Company":"Microsoft Corporation","Hashes":"MD5=26BC766AE92B85E423AFB7F6E55AABBD,SHA256=1876BD230BBC544CD563D5423C3AEA3EB2FBFB7DAB4EE30DC621F052A00A4CBC","Signed":"true","Signature":"Microsoft Windows","SignatureStatus":"Valid","EventReceivedTime":"2018-06-28 15:34:44","SourceModuleName":"in","SourceModuleType":"im_msvistalog","DeviceVendor":"Microsoft","DeviceProduct":"EventLog"}
{"EventTime":"2018-06-28 13:37:41","Hostname":"DESKTOP-O153T4R","Keywords":-9223372036854775808,"EventType":"INFO","SeverityValue":2,"Severity":"INFO","EventID":8,"SourceName":"Microsoft-Windows-Sysmon","ProviderGuid":"{5770385F-C22A-43E0-BF4C-06F5698FFBD9}","Version":3,"Task":10,"OpcodeValue":0,"RecordNumber":19653073,"ProcessID":3520,"ThreadID":5228,"Channel":"Microsoft-Windows-Sysmon/Operational","Domain":"NT AUTHORITY","AccountName":"SYSTEM","UserID":"S-1-5-18","AccountType":"User","Category":"Process accessed (rule: ProcessAccess)","Opcode":"Info","UtcTime":"2018-06-28 05:37:38.162","SourceProcessGUID":"{B231F4AB-7437-5B34-0000-001062F77816}","SourceProcessId":"788","SourceThreadId":"64744","SourceImage":"C:\\WINDOWS\\system32\\services.exe","TargetProcessGUID":"{B231F4AB-8F90-5B34-0000-001018387916}","TargetProcessId":"62884","TargetImage":"C:\\WINDOWS\\system32\\svchost.exe","GrantedAccess":"0x18","CallTrace":"C:\\WINDOWS\\SYSTEM32\\ntdll.dll+9a374|C:\\WINDOWS\\System32\\KERNELBASE.dll+2fd5d|C:\\WINDOWS\\system32\\services.exe+13375|C:\\WINDOWS\\System32\\KERNEL32.DLL+13034|C:\\WINDOWS\\SYSTEM32\\ntdll.dll+71431","EventReceivedTime":"2018-06-28 13:37:42","SourceModuleName":"in","SourceModuleType":"im_msvistalog","DeviceVendor":"Microsoft","DeviceProduct":"EventLog"}
{"EventTime":"2018-06-28 15:35:50","Hostname":"DESKTOP-O153T4R","Keywords":-9223372036854775808,"EventType":"INFO","SeverityValue":2,"Severity":"INFO","EventID":15,"SourceName":"Microsoft-Windows-Sysmon","ProviderGuid":"{5770385F-C22A-43E0-BF4C-06F5698FFBD9}","Version":2,"Task":11,"OpcodeValue":0,"RecordNumber":19659641,"ProcessID":3520,"ThreadID":5228,"Channel":"Microsoft-Windows-Sysmon/Operational","Domain":"NT AUTHORITY","AccountName":"SYSTEM","UserID":"S-1-5-18","AccountType":"User","Category":"File created (rule: FileCreate)","Opcode":"Info","UtcTime":"2018-06-28 07:35:39.983","ProcessGuid":"{B231F4AB-8F90-5B34-0000-001018387916}","Image":"c:\\windows\\system32\\svchost.exe","TargetFilename":"C:\\Windows\\System32\\Tasks\\Microsoft\\Windows\\UpdateOrchestrator\\AC Power Install","CreationUtcTime":"2018-06-28 07:35:39.983","EventReceivedTime":"2018-06-28 15:35:51","SourceModuleName":"in","SourceModuleType":"im_msvistalog","DeviceVendor":"Microsoft","DeviceProduct":"EventLog"}