{"EventTime":"2018-01-30 11:01:20","Hostname":"DESKTOP-PPDS4VR","Keywords":-9223372036854775808,"EventType":"INFO","SeverityValue":2,"Severity":"INFO","EventID":1,"SourceName":"Microsoft-Windows-Sysmon","ProviderGuid":"{5770385F-C22A-43E0-BF4C-06F5698FFBD9}","Version":5,"Task":1,"OpcodeValue":0,"RecordNumber":34995,"ProcessID":3124,"ThreadID":5216,"Channel":"Microsoft-Windows-Sysmon/Operational","Domain":"NT AUTHORITY","AccountName":"SYSTEM","UserID":"S-1-5-18","AccountType":"User","Message":"Process Create:\r\nUtcTime: 2018-01-30 03:01:20.567\r\nProcessGuid: {85283F4F-E000-5A6F-0000-0010A7AE4804}\r\nProcessId: 5424\r\nImage: C:\\Program Files\\Microsoft Office\\Office16\\POWERPNT.EXE\r\nCommandLine: \"C:\\Program Files\\Microsoft Office\\Office16\\POWERPNT.EXE\" \"C:\\Users\\q\\Desktop\\hello.pptx\" /ou \"\"\r\nCurrentDirectory: C:\\Users\\q\\Desktop\\\r\nUser: DESKTOP-PPDS4VR\\q\r\nLogonGuid: {85283F4F-7471-5A69-0000-0020A6370200}\r\nLogonId: 0x237A6\r\nTerminalSessionId: 1\r\nIntegrityLevel: Medium\r\nHashes: SHA1=43A2CCF75459910986BE609B2567C844AD81CF6B,MD5=A4005FD7789D2A1B8B0AE89E156C911B,SHA256=A57633850B4F82F842144B3758D1FC2D2DD71FB15036BAC642AA81BD32004A55,IMPHASH=EE487CD41B447F75D6BA690C4BD9A6C8\r\nParentProcessGuid: {85283F4F-7477-5A69-0000-00106FFD0600}\r\nParentProcessId: 6436\r\nParentImage: C:\\Windows\\explorer.exe\r\nParentCommandLine: C:\\WINDOWS\\Explorer.EXE","Category":"Process Create (rule: ProcessCreate)","Opcode":"Info","UtcTime":"2018-01-30 03:01:20.567","ProcessGuid":"{85283F4F-E000-5A6F-0000-0010A7AE4804}","Image":"C:\\Program Files\\Microsoft Office\\Office16\\POWERPNT.EXE","CommandLine":"\"C:\\Program Files\\Microsoft Office\\Office16\\POWERPNT.EXE\" \"C:\\Users\\q\\Desktop\\hello.pptx\" /ou \"\"","CurrentDirectory":"C:\\Users\\q\\Desktop\\","User":"DESKTOP-PPDS4VR\\q","LogonGuid":"{85283F4F-7471-5A69-0000-0020A6370200}","LogonId":"0x237a6","TerminalSessionId":"1","IntegrityLevel":"Medium","Hashes":"SHA1=43A2CCF75459910986BE609B2567C844AD81CF6B,MD5=A4005FD7789D2A1B8B0AE89E156C911B,SHA256=A57633850B4F82F842144B3758D1FC2D2DD71FB15036BAC642AA81BD32004A55,IMPHASH=EE487CD41B447F75D6BA690C4BD9A6C8","ParentProcessGuid":"{85283F4F-7477-5A69-0000-00106FFD0600}","ParentProcessId":"6436","ParentImage":"C:\\Windows\\explorer.exe","ParentCommandLine":"C:\\WINDOWS\\Explorer.EXE","EventReceivedTime":"2018-01-30 11:01:21","SourceModuleName":"in","SourceModuleType":"im_msvistalog","DeviceVendor":"Microsoft","DeviceProduct":"EventLog"}
{"EventTime":"2018-01-30 11:01:22","Hostname":"DESKTOP-PPDS4VR","Keywords":-9223372036854775808,"EventType":"INFO","SeverityValue":2,"Severity":"INFO","EventID":1,"SourceName":"Microsoft-Windows-Sysmon","ProviderGuid":"{5770385F-C22A-43E0-BF4C-06F5698FFBD9}","Version":5,"Task":1,"OpcodeValue":0,"RecordNumber":34996,"ProcessID":3124,"ThreadID":5216,"Channel":"Microsoft-Windows-Sysmon/Operational","Domain":"NT AUTHORITY","AccountName":"SYSTEM","UserID":"S-1-5-18","AccountType":"User","Message":"Process Create:\r\nUtcTime: 2018-01-30 03:01:22.034\r\nProcessGuid: {85283F4F-E002-5A6F-0000-00101EDD4804}\r\nProcessId: 14844\r\nImage: C:\\Windows\\System32\\sppsvc.exe\r\nCommandLine: C:\\WINDOWS\\system32\\sppsvc.exe\r\nCurrentDirectory: C:\\WINDOWS\r\nUser: NT AUTHORITY\\NETWORK SERVICE\r\nLogonGuid: {85283F4F-746F-5A69-0000-0020E4030000}\r\nLogonId: 0x3E4\r\nTerminalSessionId: 0\r\nIntegrityLevel: System\r\nHashes: SHA1=CA45873B0987A92DEA2181B876F7B8B5A6045EF0,MD5=57C9484D415A6549EAE96FA163BE912E,SHA256=A32329EB89D642BB8F627DAE8F3BEBA71004439899844C29349519EE939D42CD,IMPHASH=DA5CDC615B20BB2A821BE759431AF544\r\nParentProcessGuid: {85283F4F-746F-5A69-0000-001063A10000}\r\nParentProcessId: 680\r\nParentImage: C:\\Windows\\System32\\services.exe\r\nParentCommandLine: C:\\WINDOWS\\system32\\services.exe","Category":"Process Create (rule: ProcessCreate)","Opcode":"Info","UtcTime":"2018-01-30 03:01:22.034","ProcessGuid":"{85283F4F-E002-5A6F-0000-00101EDD4804}","Image":"C:\\Windows\\System32\\sppsvc.exe","CommandLine":"C:\\WINDOWS\\system32\\sppsvc.exe","CurrentDirectory":"C:\\WINDOWS","User":"NT AUTHORITY\\NETWORK SERVICE","LogonGuid":"{85283F4F-746F-5A69-0000-0020E4030000}","LogonId":"0x3e4","TerminalSessionId":"0","IntegrityLevel":"System","Hashes":"SHA1=CA45873B0987A92DEA2181B876F7B8B5A6045EF0,MD5=57C9484D415A6549EAE96FA163BE912E,SHA256=A32329EB89D642BB8F627DAE8F3BEBA71004439899844C29349519EE939D42CD,IMPHASH=DA5CDC615B20BB2A821BE759431AF544","ParentProcessGuid":"{85283F4F-746F-5A69-0000-001063A10000}","ParentProcessId":"680","ParentImage":"C:\\Windows\\System32\\services.exe","ParentCommandLine":"C:\\WINDOWS\\system32\\services.exe","EventReceivedTime":"2018-01-30 11:01:23","SourceModuleName":"in","SourceModuleType":"im_msvistalog","DeviceVendor":"Microsoft","DeviceProduct":"EventLog"}
{"EventTime":"2018-01-30 11:01:22","Hostname":"DESKTOP-PPDS4VR","Keywords":-9223372036854775808,"EventType":"INFO","SeverityValue":2,"Severity":"INFO","EventID":1,"SourceName":"Microsoft-Windows-Sysmon","ProviderGuid":"{5770385F-C22A-43E0-BF4C-06F5698FFBD9}","Version":5,"Task":1,"OpcodeValue":0,"RecordNumber":34997,"ProcessID":3124,"ThreadID":5216,"Channel":"Microsoft-Windows-Sysmon/Operational","Domain":"NT AUTHORITY","AccountName":"SYSTEM","UserID":"S-1-5-18","AccountType":"User","Message":"Process Create:\r\nUtcTime: 2018-01-30 03:01:22.941\r\nProcessGuid: {85283F4F-E002-5A6F-0000-00109A334904}\r\nProcessId: 8524\r\nImage: C:\\Windows\\System32\\dllhost.exe\r\nCommandLine: C:\\WINDOWS\\system32\\DllHost.exe /Processid:{AB8902B4-09CA-4BB6-B78D-A8F59079A8D5}\r\nCurrentDirectory: C:\\WINDOWS\\system32\\\r\nUser: DESKTOP-PPDS4VR\\q\r\nLogonGuid: {85283F4F-7471-5A69-0000-0020A6370200}\r\nLogonId: 0x237A6\r\nTerminalSessionId: 1\r\nIntegrityLevel: Medium\r\nHashes: SHA1=C4BC5F9CA7342250474699BF59410A889AF3D738,MD5=5D94FA288F4BB230FE77BC67DE506257,SHA256=3652B86125C77D7DD9FD72FC597D7BDDFEF4C6C2EA27A992A0B9D44AEB32F6D3,IMPHASH=2E141727D197722A6B4AC2156D0E56E1\r\nParentProcessGuid: {85283F4F-746F-5A69-0000-0010E9BE0000}\r\nParentProcessId: 864\r\nParentImage: C:\\Windows\\System32\\svchost.exe\r\nParentCommandLine: C:\\WINDOWS\\system32\\svchost.exe -k DcomLaunch -p","Category":"Process Create (rule: ProcessCreate)","Opcode":"Info","UtcTime":"2018-01-30 03:01:22.941","ProcessGuid":"{85283F4F-E002-5A6F-0000-00109A334904}","Image":"C:\\Windows\\System32\\dllhost.exe","CommandLine":"C:\\WINDOWS\\system32\\DllHost.exe /Processid:{AB8902B4-09CA-4BB6-B78D-A8F59079A8D5}","CurrentDirectory":"C:\\WINDOWS\\system32\\","User":"DESKTOP-PPDS4VR\\q","LogonGuid":"{85283F4F-7471-5A69-0000-0020A6370200}","LogonId":"0x237a6","TerminalSessionId":"1","IntegrityLevel":"Medium","Hashes":"SHA1=C4BC5F9CA7342250474699BF59410A889AF3D738,MD5=5D94FA288F4BB230FE77BC67DE506257,SHA256=3652B86125C77D7DD9FD72FC597D7BDDFEF4C6C2EA27A992A0B9D44AEB32F6D3,IMPHASH=2E141727D197722A6B4AC2156D0E56E1","ParentProcessGuid":"{85283F4F-746F-5A69-0000-0010E9BE0000}","ParentProcessId":"864","ParentImage":"C:\\Windows\\System32\\svchost.exe","ParentCommandLine":"C:\\WINDOWS\\system32\\svchost.exe -k DcomLaunch -p","EventReceivedTime":"2018-01-30 11:01:23","SourceModuleName":"in","SourceModuleType":"im_msvistalog","DeviceVendor":"Microsoft","DeviceProduct":"EventLog"}
{"EventTime":"2018-01-30 11:01:26","Hostname":"DESKTOP-PPDS4VR","Keywords":-9223372036854775808,"EventType":"INFO","SeverityValue":2,"Severity":"INFO","EventID":2,"SourceName":"Microsoft-Windows-Sysmon","ProviderGuid":"{5770385F-C22A-43E0-BF4C-06F5698FFBD9}","Version":4,"Task":2,"OpcodeValue":0,"RecordNumber":34998,"ProcessID":3124,"ThreadID":5216,"Channel":"Microsoft-Windows-Sysmon/Operational","Domain":"NT AUTHORITY","AccountName":"SYSTEM","UserID":"S-1-5-18","AccountType":"User","Message":"File creation time changed:\r\nUtcTime: 2018-01-30 03:01:26.013\r\nProcessGuid: {85283F4F-7471-5A69-0000-00105C180200}\r\nProcessId: 2612\r\nImage: C:\\WINDOWS\\System32\\spoolsv.exe\r\nTargetFilename: C:\\Windows\\System32\\spool\\drivers\\x64\\3\\New\\TP PS Driver 9821A205A0DA44dfB198D41EDFDF9BD8.ppd\r\nCreationUtcTime: 2018-01-30 03:01:25.935\r\nPreviousCreationUtcTime: 2018-01-30 03:01:26.013","Category":"File creation time changed (rule: FileCreateTime)","Opcode":"Info","UtcTime":"2018-01-30 03:01:26.013","ProcessGuid":"{85283F4F-7471-5A69-0000-00105C180200}","Image":"C:\\WINDOWS\\System32\\spoolsv.exe","TargetFilename":"C:\\Windows\\System32\\spool\\drivers\\x64\\3\\New\\TP PS Driver 9821A205A0DA44dfB198D41EDFDF9BD8.ppd","CreationUtcTime":"2018-01-30 03:01:25.935","PreviousCreationUtcTime":"2018-01-30 03:01:26.013","EventReceivedTime":"2018-01-30 11:01:27","SourceModuleName":"in","SourceModuleType":"im_msvistalog","DeviceVendor":"Microsoft","DeviceProduct":"EventLog"}
{"EventTime":"2018-01-30 11:01:26","Hostname":"DESKTOP-PPDS4VR","Keywords":-9223372036854775808,"EventType":"INFO","SeverityValue":2,"Severity":"INFO","EventID":5,"SourceName":"Microsoft-Windows-Sysmon","ProviderGuid":"{5770385F-C22A-43E0-BF4C-06F5698FFBD9}","Version":3,"Task":5,"OpcodeValue":0,"RecordNumber":34999,"ProcessID":3124,"ThreadID":5216,"Channel":"Microsoft-Windows-Sysmon/Operational","Domain":"NT AUTHORITY","AccountName":"SYSTEM","UserID":"S-1-5-18","AccountType":"User","Message":"Process terminated:\r\nUtcTime: 2018-01-30 03:01:26.935\r\nProcessGuid: {85283F4F-E000-5A6F-0000-0010A7AE4804}\r\nProcessId: 5424\r\nImage: C:\\Program Files\\Microsoft Office\\Office16\\POWERPNT.EXE","Category":"Process terminated (rule: ProcessTerminate)","Opcode":"Info","UtcTime":"2018-01-30 03:01:26.935","ProcessGuid":"{85283F4F-E000-5A6F-0000-0010A7AE4804}","Image":"C:\\Program Files\\Microsoft Office\\Office16\\POWERPNT.EXE","EventReceivedTime":"2018-01-30 11:01:27","SourceModuleName":"in","SourceModuleType":"im_msvistalog","DeviceVendor":"Microsoft","DeviceProduct":"EventLog"}
{"EventTime":"2018-01-30 11:01:28","Hostname":"DESKTOP-PPDS4VR","Keywords":-9223372036854775808,"EventType":"INFO","SeverityValue":2,"Severity":"INFO","EventID":5,"SourceName":"Microsoft-Windows-Sysmon","ProviderGuid":"{5770385F-C22A-43E0-BF4C-06F5698FFBD9}","Version":3,"Task":5,"OpcodeValue":0,"RecordNumber":35000,"ProcessID":3124,"ThreadID":5216,"Channel":"Microsoft-Windows-Sysmon/Operational","Domain":"NT AUTHORITY","AccountName":"SYSTEM","UserID":"S-1-5-18","AccountType":"User","Message":"Process terminated:\r\nUtcTime: 2018-01-30 03:01:27.998\r\nProcessGuid: {85283F4F-E002-5A6F-0000-00109A334904}\r\nProcessId: 8524\r\nImage: C:\\Windows\\System32\\dllhost.exe","Category":"Process terminated (rule: ProcessTerminate)","Opcode":"Info","UtcTime":"2018-01-30 03:01:27.998","ProcessGuid":"{85283F4F-E002-5A6F-0000-00109A334904}","Image":"C:\\Windows\\System32\\dllhost.exe","EventReceivedTime":"2018-01-30 11:01:29","SourceModuleName":"in","SourceModuleType":"im_msvistalog","DeviceVendor":"Microsoft","DeviceProduct":"EventLog"}