{"EventTime":"2018-01-30 16:54:43","Hostname":"DESKTOP-PPDS4VR","Keywords":-9223372036854775808,"EventType":"INFO","SeverityValue":2,"Severity":"INFO","EventID":1,"SourceName":"Microsoft-Windows-Sysmon","ProviderGuid":"{5770385F-C22A-43E0-BF4C-06F5698FFBD9}","Version":5,"Task":1,"OpcodeValue":0,"RecordNumber":37364,"ProcessID":13580,"ThreadID":14684,"Channel":"Microsoft-Windows-Sysmon/Operational","Domain":"NT AUTHORITY","AccountName":"SYSTEM","UserID":"S-1-5-18","AccountType":"User","Message":"Process Create:\r\nUtcTime: 2018-01-30 08:54:43.405\r\nProcessGuid: {85283F4F-32D3-5A70-0000-00102C451405}\r\nProcessId: 2912\r\nImage: C:\\Program Files\\Microsoft Office\\Office16\\WINWORD.EXE\r\nFileVersion: 16.0.4639.1000\r\nDescription: Microsoft Word\r\nProduct: Microsoft Office 2016\r\nCompany: Microsoft Corporation\r\nCommandLine: \"C:\\Program Files\\Microsoft Office\\Office16\\WINWORD.EXE\" /n \"C:\\Users\\q\\Desktop\\Hello world.docx\" /o \"\"\r\nCurrentDirectory: C:\\Users\\q\\Desktop\\\r\nUser: DESKTOP-PPDS4VR\\q\r\nLogonGuid: {85283F4F-7471-5A69-0000-0020A6370200}\r\nLogonId: 0x237A6\r\nTerminalSessionId: 1\r\nIntegrityLevel: Medium\r\nHashes: SHA1=FC85D5310FA989504E313E9863A026496ED20307,MD5=DC9DAE4584F6B35C65E1B1DC4A76794D,SHA256=713CCAF69F2147F03BA5C97DF8440AEB7B507AB9F89574968BAB496C001318FE,IMPHASH=1B2B96B0763DACAFA277667CA093F96D\r\nParentProcessGuid: {85283F4F-7477-5A69-0000-00106FFD0600}\r\nParentProcessId: 6436\r\nParentImage: C:\\Windows\\explorer.exe\r\nParentCommandLine: C:\\WINDOWS\\Explorer.EXE","Category":"Process Create (rule: ProcessCreate)","Opcode":"Info","UtcTime":"2018-01-30 08:54:43.405","ProcessGuid":"{85283F4F-32D3-5A70-0000-00102C451405}","Image":"C:\\Program Files\\Microsoft Office\\Office16\\WINWORD.EXE","FileVersion":"16.0.4639.1000","Description":"Microsoft Word","Product":"Microsoft Office 2016","Company":"Microsoft Corporation","CommandLine":"\"C:\\Program Files\\Microsoft Office\\Office16\\WINWORD.EXE\" /n \"C:\\Users\\q\\Desktop\\Hello world.docx\" /o \"\"","CurrentDirectory":"C:\\Users\\q\\Desktop\\","User":"DESKTOP-PPDS4VR\\q","LogonGuid":"{85283F4F-7471-5A69-0000-0020A6370200}","LogonId":"0x237a6","TerminalSessionId":"1","IntegrityLevel":"Medium","Hashes":"SHA1=FC85D5310FA989504E313E9863A026496ED20307,MD5=DC9DAE4584F6B35C65E1B1DC4A76794D,SHA256=713CCAF69F2147F03BA5C97DF8440AEB7B507AB9F89574968BAB496C001318FE,IMPHASH=1B2B96B0763DACAFA277667CA093F96D","ParentProcessGuid":"{85283F4F-7477-5A69-0000-00106FFD0600}","ParentProcessId":"6436","ParentImage":"C:\\Windows\\explorer.exe","ParentCommandLine":"C:\\WINDOWS\\Explorer.EXE","EventReceivedTime":"2018-01-30 16:54:43","SourceModuleName":"in","SourceModuleType":"im_msvistalog","DeviceVendor":"Microsoft","DeviceProduct":"EventLog"}
{"EventTime":"2018-01-30 16:54:43","Hostname":"DESKTOP-PPDS4VR","Keywords":-9223372036854775808,"EventType":"INFO","SeverityValue":2,"Severity":"INFO","EventID":1,"SourceName":"Microsoft-Windows-Sysmon","ProviderGuid":"{5770385F-C22A-43E0-BF4C-06F5698FFBD9}","Version":5,"Task":1,"OpcodeValue":0,"RecordNumber":37365,"ProcessID":13580,"ThreadID":14684,"Channel":"Microsoft-Windows-Sysmon/Operational","Domain":"NT AUTHORITY","AccountName":"SYSTEM","UserID":"S-1-5-18","AccountType":"User","Message":"Process Create:\r\nUtcTime: 2018-01-30 08:54:43.784\r\nProcessGuid: {85283F4F-32D3-5A70-0000-001009611405}\r\nProcessId: 8004\r\nImage: C:\\Windows\\System32\\sppsvc.exe\r\nFileVersion: 10.0.16299.125 (WinBuild.160101.0800)\r\nDescription: Microsoft Software Protection Platform Service\r\nProduct: Microsoft® Windows® Operating System\r\nCompany: Microsoft Corporation\r\nCommandLine: C:\\WINDOWS\\system32\\sppsvc.exe\r\nCurrentDirectory: C:\\WINDOWS\r\nUser: NT AUTHORITY\\NETWORK SERVICE\r\nLogonGuid: {85283F4F-746F-5A69-0000-0020E4030000}\r\nLogonId: 0x3E4\r\nTerminalSessionId: 0\r\nIntegrityLevel: System\r\nHashes: SHA1=CA45873B0987A92DEA2181B876F7B8B5A6045EF0,MD5=57C9484D415A6549EAE96FA163BE912E,SHA256=A32329EB89D642BB8F627DAE8F3BEBA71004439899844C29349519EE939D42CD,IMPHASH=DA5CDC615B20BB2A821BE759431AF544\r\nParentProcessGuid: {85283F4F-746F-5A69-0000-001063A10000}\r\nParentProcessId: 680\r\nParentImage: C:\\Windows\\System32\\services.exe\r\nParentCommandLine: C:\\WINDOWS\\system32\\services.exe","Category":"Process Create (rule: ProcessCreate)","Opcode":"Info","UtcTime":"2018-01-30 08:54:43.784","ProcessGuid":"{85283F4F-32D3-5A70-0000-001009611405}","Image":"C:\\Windows\\System32\\sppsvc.exe","FileVersion":"10.0.16299.125 (WinBuild.160101.0800)","Description":"Microsoft Software Protection Platform Service","Product":"Microsoft® Windows® Operating System","Company":"Microsoft Corporation","CommandLine":"C:\\WINDOWS\\system32\\sppsvc.exe","CurrentDirectory":"C:\\WINDOWS","User":"NT AUTHORITY\\NETWORK SERVICE","LogonGuid":"{85283F4F-746F-5A69-0000-0020E4030000}","LogonId":"0x3e4","TerminalSessionId":"0","IntegrityLevel":"System","Hashes":"SHA1=CA45873B0987A92DEA2181B876F7B8B5A6045EF0,MD5=57C9484D415A6549EAE96FA163BE912E,SHA256=A32329EB89D642BB8F627DAE8F3BEBA71004439899844C29349519EE939D42CD,IMPHASH=DA5CDC615B20BB2A821BE759431AF544","ParentProcessGuid":"{85283F4F-746F-5A69-0000-001063A10000}","ParentProcessId":"680","ParentImage":"C:\\Windows\\System32\\services.exe","ParentCommandLine":"C:\\WINDOWS\\system32\\services.exe","EventReceivedTime":"2018-01-30 16:54:44","SourceModuleName":"in","SourceModuleType":"im_msvistalog","DeviceVendor":"Microsoft","DeviceProduct":"EventLog"}
{"EventTime":"2018-01-30 16:54:45","Hostname":"DESKTOP-PPDS4VR","Keywords":-9223372036854775808,"EventType":"INFO","SeverityValue":2,"Severity":"INFO","EventID":1,"SourceName":"Microsoft-Windows-Sysmon","ProviderGuid":"{5770385F-C22A-43E0-BF4C-06F5698FFBD9}","Version":5,"Task":1,"OpcodeValue":0,"RecordNumber":37366,"ProcessID":13580,"ThreadID":14684,"Channel":"Microsoft-Windows-Sysmon/Operational","Domain":"NT AUTHORITY","AccountName":"SYSTEM","UserID":"S-1-5-18","AccountType":"User","Message":"Process Create:\r\nUtcTime: 2018-01-30 08:54:45.691\r\nProcessGuid: {85283F4F-32D5-5A70-0000-0010AC731405}\r\nProcessId: 5980\r\nImage: C:\\Windows\\System32\\rundll32.exe\r\nFileVersion: 10.0.16299.15 (WinBuild.160101.0800)\r\nDescription: Windows host process (Rundll32)\r\nProduct: Microsoft® Windows® Operating System\r\nCompany: Microsoft Corporation\r\nCommandLine: C:\\Windows\\System32\\rundll32.exe C:\\Users\\q\\Source\\Repos\\AllTheThings\\AllTheThings\\bin\\x86\\Release\\AllTheThings.dll, EntryPoint\r\nCurrentDirectory: C:\\Users\\q\\Desktop\\\r\nUser: DESKTOP-PPDS4VR\\q\r\nLogonGuid: {85283F4F-7471-5A69-0000-0020A6370200}\r\nLogonId: 0x237A6\r\nTerminalSessionId: 1\r\nIntegrityLevel: Medium\r\nHashes: SHA1=1C99C20757B039D88F59B02B7753A730A90BF2AD,MD5=731A783A36A8E69A6434D19D98B12A09,SHA256=B1E6A7A3E2597E51836277A32B2BC61AA781C8F681D44DFDDEA618B32E2BF2A6,IMPHASH=0F98D54136FD27C5BFA52835D769B829\r\nParentProcessGuid: {85283F4F-32D3-5A70-0000-00102C451405}\r\nParentProcessId: 2912\r\nParentImage: C:\\Program Files\\Microsoft Office\\Office16\\WINWORD.EXE\r\nParentCommandLine: \"C:\\Program Files\\Microsoft Office\\Office16\\WINWORD.EXE\" /n \"C:\\Users\\q\\Desktop\\Hello world.docx\" /o \"\"","Category":"Process Create (rule: ProcessCreate)","Opcode":"Info","UtcTime":"2018-01-30 08:54:45.691","ProcessGuid":"{85283F4F-32D5-5A70-0000-0010AC731405}","Image":"C:\\Windows\\System32\\rundll32.exe","FileVersion":"10.0.16299.15 (WinBuild.160101.0800)","Description":"Windows host process (Rundll32)","Product":"Microsoft® Windows® Operating System","Company":"Microsoft Corporation","CommandLine":"C:\\Windows\\System32\\rundll32.exe C:\\Users\\q\\Source\\Repos\\AllTheThings\\AllTheThings\\bin\\x86\\Release\\AllTheThings.dll, EntryPoint","CurrentDirectory":"C:\\Users\\q\\Desktop\\","User":"DESKTOP-PPDS4VR\\q","LogonGuid":"{85283F4F-7471-5A69-0000-0020A6370200}","LogonId":"0x237a6","TerminalSessionId":"1","IntegrityLevel":"Medium","Hashes":"SHA1=1C99C20757B039D88F59B02B7753A730A90BF2AD,MD5=731A783A36A8E69A6434D19D98B12A09,SHA256=B1E6A7A3E2597E51836277A32B2BC61AA781C8F681D44DFDDEA618B32E2BF2A6,IMPHASH=0F98D54136FD27C5BFA52835D769B829","ParentProcessGuid":"{85283F4F-32D3-5A70-0000-00102C451405}","ParentProcessId":"2912","ParentImage":"C:\\Program Files\\Microsoft Office\\Office16\\WINWORD.EXE","ParentCommandLine":"\"C:\\Program Files\\Microsoft Office\\Office16\\WINWORD.EXE\" /n \"C:\\Users\\q\\Desktop\\Hello world.docx\" /o \"\"","EventReceivedTime":"2018-01-30 16:54:46","SourceModuleName":"in","SourceModuleType":"im_msvistalog","DeviceVendor":"Microsoft","DeviceProduct":"EventLog"}
{"EventTime":"2018-01-30 16:54:45","Hostname":"DESKTOP-PPDS4VR","Keywords":-9223372036854775808,"EventType":"INFO","SeverityValue":2,"Severity":"INFO","EventID":1,"SourceName":"Microsoft-Windows-Sysmon","ProviderGuid":"{5770385F-C22A-43E0-BF4C-06F5698FFBD9}","Version":5,"Task":1,"OpcodeValue":0,"RecordNumber":37367,"ProcessID":13580,"ThreadID":14684,"Channel":"Microsoft-Windows-Sysmon/Operational","Domain":"NT AUTHORITY","AccountName":"SYSTEM","UserID":"S-1-5-18","AccountType":"User","Message":"Process Create:\r\nUtcTime: 2018-01-30 08:54:45.700\r\nProcessGuid: {85283F4F-32D5-5A70-0000-001091751405}\r\nProcessId: 7684\r\nImage: C:\\Windows\\SysWOW64\\rundll32.exe\r\nFileVersion: 10.0.16299.15 (WinBuild.160101.0800)\r\nDescription: Windows host process (Rundll32)\r\nProduct: Microsoft® Windows® Operating System\r\nCompany: Microsoft Corporation\r\nCommandLine: C:\\Windows\\System32\\rundll32.exe C:\\Users\\q\\Source\\Repos\\AllTheThings\\AllTheThings\\bin\\x86\\Release\\AllTheThings.dll, EntryPoint\r\nCurrentDirectory: C:\\Users\\q\\Desktop\\\r\nUser: DESKTOP-PPDS4VR\\q\r\nLogonGuid: {85283F4F-7471-5A69-0000-0020A6370200}\r\nLogonId: 0x237A6\r\nTerminalSessionId: 1\r\nIntegrityLevel: Medium\r\nHashes: SHA1=620C1913EB3BAC6D0261EBB081BBBF3D71858C06,MD5=BFEF0511D30F8866AF6595FC21460856,SHA256=DE51BAE08FD7318C988EF54511B5C08D8C3D9BBB2FC03D76D97116A79AFB9E81,IMPHASH=2A25F7F2425C483BD69C569F1C5EB38A\r\nParentProcessGuid: {85283F4F-32D5-5A70-0000-0010AC731405}\r\nParentProcessId: 5980\r\nParentImage: C:\\Windows\\System32\\rundll32.exe\r\nParentCommandLine: C:\\Windows\\System32\\rundll32.exe C:\\Users\\q\\Source\\Repos\\AllTheThings\\AllTheThings\\bin\\x86\\Release\\AllTheThings.dll, EntryPoint","Category":"Process Create (rule: ProcessCreate)","Opcode":"Info","UtcTime":"2018-01-30 08:54:45.700","ProcessGuid":"{85283F4F-32D5-5A70-0000-001091751405}","Image":"C:\\Windows\\SysWOW64\\rundll32.exe","FileVersion":"10.0.16299.15 (WinBuild.160101.0800)","Description":"Windows host process (Rundll32)","Product":"Microsoft® Windows® Operating System","Company":"Microsoft Corporation","CommandLine":"C:\\Windows\\System32\\rundll32.exe C:\\Users\\q\\Source\\Repos\\AllTheThings\\AllTheThings\\bin\\x86\\Release\\AllTheThings.dll, EntryPoint","CurrentDirectory":"C:\\Users\\q\\Desktop\\","User":"DESKTOP-PPDS4VR\\q","LogonGuid":"{85283F4F-7471-5A69-0000-0020A6370200}","LogonId":"0x237a6","TerminalSessionId":"1","IntegrityLevel":"Medium","Hashes":"SHA1=620C1913EB3BAC6D0261EBB081BBBF3D71858C06,MD5=BFEF0511D30F8866AF6595FC21460856,SHA256=DE51BAE08FD7318C988EF54511B5C08D8C3D9BBB2FC03D76D97116A79AFB9E81,IMPHASH=2A25F7F2425C483BD69C569F1C5EB38A","ParentProcessGuid":"{85283F4F-32D5-5A70-0000-0010AC731405}","ParentProcessId":"5980","ParentImage":"C:\\Windows\\System32\\rundll32.exe","ParentCommandLine":"C:\\Windows\\System32\\rundll32.exe C:\\Users\\q\\Source\\Repos\\AllTheThings\\AllTheThings\\bin\\x86\\Release\\AllTheThings.dll, EntryPoint","EventReceivedTime":"2018-01-30 16:54:46","SourceModuleName":"in","SourceModuleType":"im_msvistalog","DeviceVendor":"Microsoft","DeviceProduct":"EventLog"}
{"EventTime":"2018-01-30 16:54:47","Hostname":"DESKTOP-PPDS4VR","Keywords":-9223372036854775808,"EventType":"INFO","SeverityValue":2,"Severity":"INFO","EventID":3,"SourceName":"Microsoft-Windows-Sysmon","ProviderGuid":"{5770385F-C22A-43E0-BF4C-06F5698FFBD9}","Version":5,"Task":3,"OpcodeValue":0,"RecordNumber":37368,"ProcessID":13580,"ThreadID":11504,"Channel":"Microsoft-Windows-Sysmon/Operational","Domain":"NT AUTHORITY","AccountName":"SYSTEM","UserID":"S-1-5-18","AccountType":"User","Message":"Network connection detected:\r\nUtcTime: 2018-01-30 08:54:45.860\r\nProcessGuid: {85283F4F-32D5-5A70-0000-001091751405}\r\nProcessId: 7684\r\nImage: C:\\Windows\\SysWOW64\\rundll32.exe\r\nUser: DESKTOP-PPDS4VR\\q\r\nProtocol: tcp\r\nInitiated: true\r\nSourceIsIpv6: false\r\nSourceIp: 192.168.181.220\r\nSourceHostname: DESKTOP-PPDS4VR.localdomain\r\nSourcePort: 53176\r\nSourcePortName: \r\nDestinationIsIpv6: false\r\nDestinationIp: 192.168.181.197\r\nDestinationHostname: \r\nDestinationPort: 443\r\nDestinationPortName: https","Category":"Network connection detected (rule: NetworkConnect)","Opcode":"Info","UtcTime":"2018-01-30 08:54:45.860","ProcessGuid":"{85283F4F-32D5-5A70-0000-001091751405}","Image":"C:\\Windows\\SysWOW64\\rundll32.exe","User":"DESKTOP-PPDS4VR\\q","Protocol":"tcp","Initiated":"true","SourceIsIpv6":"false","SourceIp":"192.168.181.220","SourceHostname":"DESKTOP-PPDS4VR.localdomain","SourcePort":"53176","DestinationIsIpv6":"false","DestinationIp":"192.168.181.197","DestinationPort":"443","DestinationPortName":"https","EventReceivedTime":"2018-01-30 16:54:49","SourceModuleName":"in","SourceModuleType":"im_msvistalog","DeviceVendor":"Microsoft","DeviceProduct":"EventLog"}
{"EventTime":"2018-01-30 16:54:50","Hostname":"DESKTOP-PPDS4VR","Keywords":-9223372036854775808,"EventType":"INFO","SeverityValue":2,"Severity":"INFO","EventID":3,"SourceName":"Microsoft-Windows-Sysmon","ProviderGuid":"{5770385F-C22A-43E0-BF4C-06F5698FFBD9}","Version":5,"Task":3,"OpcodeValue":0,"RecordNumber":37369,"ProcessID":13580,"ThreadID":11504,"Channel":"Microsoft-Windows-Sysmon/Operational","Domain":"NT AUTHORITY","AccountName":"SYSTEM","UserID":"S-1-5-18","AccountType":"User","Message":"Network connection detected:\r\nUtcTime: 2018-01-30 08:54:47.890\r\nProcessGuid: {85283F4F-746B-5A69-0000-0010EB030000}\r\nProcessId: 4\r\nImage: System\r\nUser: NT AUTHORITY\\SYSTEM\r\nProtocol: udp\r\nInitiated: true\r\nSourceIsIpv6: false\r\nSourceIp: 192.168.181.220\r\nSourceHostname: DESKTOP-PPDS4VR.localdomain\r\nSourcePort: 137\r\nSourcePortName: netbios-ns\r\nDestinationIsIpv6: false\r\nDestinationIp: 192.168.181.197\r\nDestinationHostname: \r\nDestinationPort: 137\r\nDestinationPortName: netbios-ns","Category":"Network connection detected (rule: NetworkConnect)","Opcode":"Info","UtcTime":"2018-01-30 08:54:47.890","ProcessGuid":"{85283F4F-746B-5A69-0000-0010EB030000}","Image":"System","User":"NT AUTHORITY\\SYSTEM","Protocol":"udp","Initiated":"true","SourceIsIpv6":"false","SourceIp":"192.168.181.220","SourceHostname":"DESKTOP-PPDS4VR.localdomain","SourcePort":"137","SourcePortName":"netbios-ns","DestinationIsIpv6":"false","DestinationIp":"192.168.181.197","DestinationPort":"137","DestinationPortName":"netbios-ns","EventReceivedTime":"2018-01-30 16:54:51","SourceModuleName":"in","SourceModuleType":"im_msvistalog","DeviceVendor":"Microsoft","DeviceProduct":"EventLog"}
{"EventTime":"2018-01-30 16:54:50","Hostname":"DESKTOP-PPDS4VR","Keywords":-9223372036854775808,"EventType":"INFO","SeverityValue":2,"Severity":"INFO","EventID":3,"SourceName":"Microsoft-Windows-Sysmon","ProviderGuid":"{5770385F-C22A-43E0-BF4C-06F5698FFBD9}","Version":5,"Task":3,"OpcodeValue":0,"RecordNumber":37370,"ProcessID":13580,"ThreadID":11504,"Channel":"Microsoft-Windows-Sysmon/Operational","Domain":"NT AUTHORITY","AccountName":"SYSTEM","UserID":"S-1-5-18","AccountType":"User","Message":"Network connection detected:\r\nUtcTime: 2018-01-30 08:54:48.001\r\nProcessGuid: {85283F4F-32D5-5A70-0000-001091751405}\r\nProcessId: 7684\r\nImage: C:\\Windows\\SysWOW64\\rundll32.exe\r\nUser: DESKTOP-PPDS4VR\\q\r\nProtocol: tcp\r\nInitiated: true\r\nSourceIsIpv6: false\r\nSourceIp: 192.168.181.220\r\nSourceHostname: DESKTOP-PPDS4VR.localdomain\r\nSourcePort: 53177\r\nSourcePortName: \r\nDestinationIsIpv6: false\r\nDestinationIp: 192.168.181.197\r\nDestinationHostname: \r\nDestinationPort: 443\r\nDestinationPortName: https","Category":"Network connection detected (rule: NetworkConnect)","Opcode":"Info","UtcTime":"2018-01-30 08:54:48.001","ProcessGuid":"{85283F4F-32D5-5A70-0000-001091751405}","Image":"C:\\Windows\\SysWOW64\\rundll32.exe","User":"DESKTOP-PPDS4VR\\q","Protocol":"tcp","Initiated":"true","SourceIsIpv6":"false","SourceIp":"192.168.181.220","SourceHostname":"DESKTOP-PPDS4VR.localdomain","SourcePort":"53177","DestinationIsIpv6":"false","DestinationIp":"192.168.181.197","DestinationPort":"443","DestinationPortName":"https","EventReceivedTime":"2018-01-30 16:54:51","SourceModuleName":"in","SourceModuleType":"im_msvistalog","DeviceVendor":"Microsoft","DeviceProduct":"EventLog"}